<!DOCTYPE html>
<html>
  <head>
    <meta charset="utf-8"/>
    <title id="head-title">TutorialsNinja Web Application - Test Automation HTML Reports</title>
      <link href="assets\style.css" rel="stylesheet" type="text/css"/>
  </head>
  <body>
    <h1 id="title">TutorialsNinja Web Application - Test Automation HTML Reports</h1>
    <p>Report generated on 16-Jun-2025 at 01:39:19 by <a href="https://pypi.python.org/pypi/pytest-html">pytest-html</a>
        v4.1.1</p>
    <div id="environment-header">
      <h2>Environment</h2>
    </div>
    <table id="environment"></table>
    <!-- TEMPLATES -->
      <template id="template_environment_row">
      <tr>
        <td></td>
        <td></td>
      </tr>
    </template>
    <template id="template_results-table__body--empty">
      <tbody class="results-table-row">
        <tr id="not-found-message">
          <td colspan="4">No results found. Check the filters.</th>
        </tr>
    </template>
    <template id="template_results-table__tbody">
      <tbody class="results-table-row">
        <tr class="collapsible">
        </tr>
        <tr class="extras-row">
          <td class="extra" colspan="4">
            <div class="extraHTML"></div>
            <div class="media">
              <div class="media-container">
                  <div class="media-container__nav--left"><</div>
                  <div class="media-container__viewport">
                    <img src="" />
                    <video controls>
                      <source src="" type="video/mp4">
                    </video>
                  </div>
                  <div class="media-container__nav--right">></div>
                </div>
                <div class="media__name"></div>
                <div class="media__counter"></div>
            </div>
            <div class="logwrapper">
              <div class="logexpander"></div>
              <div class="log"></div>
            </div>
          </td>
        </tr>
      </tbody>
    </template>
    <!-- END TEMPLATES -->
    <div class="summary">
      <div class="summary__data">
        <h2>Summary</h2>
        <div class="additional-summary prefix">
        </div>
        <p class="run-count">65 tests took 00:17:46.</p>
        <p class="filter">(Un)check the boxes to filter the results.</p>
        <div class="summary__reload">
          <div class="summary__reload__button hidden" onclick="location.reload()">
            <div>There are still tests running. <br />Reload this page to get the latest results!</div>
          </div>
        </div>
        <div class="summary__spacer"></div>
        <div class="controls">
          <div class="filters">
            <input checked="true" class="filter" name="filter_checkbox" type="checkbox" data-test-result="failed" disabled/>
            <span class="failed">0 Failed,</span>
            <input checked="true" class="filter" name="filter_checkbox" type="checkbox" data-test-result="passed" />
            <span class="passed">63 Passed,</span>
            <input checked="true" class="filter" name="filter_checkbox" type="checkbox" data-test-result="skipped" />
            <span class="skipped">2 Skipped,</span>
            <input checked="true" class="filter" name="filter_checkbox" type="checkbox" data-test-result="xfailed" />
            <span class="xfailed">2 Expected failures,</span>
            <input checked="true" class="filter" name="filter_checkbox" type="checkbox" data-test-result="xpassed" disabled/>
            <span class="xpassed">0 Unexpected passes,</span>
            <input checked="true" class="filter" name="filter_checkbox" type="checkbox" data-test-result="error" disabled/>
            <span class="error">0 Errors,</span>
            <input checked="true" class="filter" name="filter_checkbox" type="checkbox" data-test-result="rerun" disabled/>
            <span class="rerun">0 Reruns</span>
          </div>
          <div class="collapse">
            <button id="show_all_details">Show all details</button>&nbsp;/&nbsp;<button id="hide_all_details">Hide all details</button>
          </div>
        </div>
      </div>
      <div class="additional-summary summary">
      </div>
      <div class="additional-summary postfix">
      </div>
    </div>
    <table id="results-table">
      <thead id="results-table-head">
        <tr>
          <th class="sortable" data-column-type="result">Result</th>
          <th class="sortable" data-column-type="testId">Test</th>
          <th class="sortable" data-column-type="duration">Duration</th>
          <th>Links</th>
        </tr>
      </thead>
    </table>
  </body>
  <footer>
    <div id="data-container" data-jsonblob="{&#34;environment&#34;: {&#34;Python&#34;: &#34;3.13.1&#34;, &#34;Platform&#34;: &#34;Windows-11-10.0.26100-SP0&#34;, &#34;Packages&#34;: {&#34;pytest&#34;: &#34;8.3.5&#34;, &#34;pluggy&#34;: &#34;1.5.0&#34;}, &#34;Project Name&#34;: &#34;TutorialsNinja Web Application - Automation&#34;, &#34;Module Name&#34;: &#34;Register, Login, Logout, Forgot Password, Search, Product Compare, Add To Cart&#34;, &#34;Tester Name&#34;: &#34;Lukesh Ade&#34;}, &#34;tests&#34;: {&#34;test_add_to_cart.py::Test_008_Add_To_Cart::test_add_to_cart_001&#34;: [{&#34;extras&#34;: [{&#34;name&#34;: &#34;URL&#34;, &#34;format_type&#34;: &#34;url&#34;, &#34;content&#34;: &#34;http://www.example.com/&#34;, &#34;mime_type&#34;: null, &#34;extension&#34;: null}], &#34;result&#34;: &#34;Passed&#34;, &#34;testId&#34;: &#34;test_add_to_cart.py::Test_008_Add_To_Cart::test_add_to_cart_001&#34;, &#34;duration&#34;: &#34;00:00:07&#34;, &#34;resultsTableRow&#34;: [&#34;&lt;td class=\&#34;col-result\&#34;&gt;Passed&lt;/td&gt;&#34;, &#34;&lt;td class=\&#34;col-testId\&#34;&gt;test_add_to_cart.py::Test_008_Add_To_Cart::test_add_to_cart_001&lt;/td&gt;&#34;, &#34;&lt;td class=\&#34;col-duration\&#34;&gt;00:00:07&lt;/td&gt;&#34;, &#34;&lt;td class=\&#34;col-links\&#34;&gt;&lt;a target=\&#34;_blank\&#34; href=\&#34;http://www.example.com/\&#34; class=\&#34;col-links__extra url\&#34;&gt;URL&lt;/a&gt;&lt;/td&gt;&#34;], &#34;log&#34;: &#34;[gw0] win32 -- Python 3.13.1 C:\\Users\\lukesh ade\\Credence Testing 8\\Credence Testing 21 new batch\\AutomationProject\\TutorialsNinjaWebApplication\\.venv\\Scripts\\python.exe\n\n------------------------------ Captured log call -------------------------------\nINFO     Test_008_Add_To_Cart:test_add_to_cart.py:27 ***************************** Test Add To Cart 001 is Start *****************************\nINFO     Test_008_Add_To_Cart:test_add_to_cart.py:29 Navigating to the base url\nINFO     Test_008_Add_To_Cart:test_add_to_cart.py:32 Entering iMac product to the search text box field\nINFO     Test_008_Add_To_Cart:test_add_to_cart.py:34 Clicking on the search icon button\nINFO     Test_008_Add_To_Cart:test_add_to_cart.py:37 Clicking on the product display in search result\nINFO     Test_008_Add_To_Cart:test_add_to_cart.py:40 Clicking on the add to cart button\nINFO     Test_008_Add_To_Cart:test_add_to_cart.py:41 ***************************** Verifying Test Add To Cart 001 *****************************\nINFO     Test_008_Add_To_Cart:test_add_to_cart.py:48 ************** Test Add To Cart 001 is Passed **************\nINFO     Test_008_Add_To_Cart:test_add_to_cart.py:58 ***************************** End Of Test Add To Cart 001 *****************************\n\n&#34;}], &#34;test_add_to_cart.py::Test_008_Add_To_Cart::test_add_to_cart_008&#34;: [{&#34;extras&#34;: [{&#34;name&#34;: &#34;URL&#34;, &#34;format_type&#34;: &#34;url&#34;, &#34;content&#34;: &#34;http://www.example.com/&#34;, &#34;mime_type&#34;: null, &#34;extension&#34;: null}], &#34;result&#34;: &#34;Passed&#34;, &#34;testId&#34;: &#34;test_add_to_cart.py::Test_008_Add_To_Cart::test_add_to_cart_008&#34;, &#34;duration&#34;: &#34;00:00:08&#34;, &#34;resultsTableRow&#34;: [&#34;&lt;td class=\&#34;col-result\&#34;&gt;Passed&lt;/td&gt;&#34;, &#34;&lt;td class=\&#34;col-testId\&#34;&gt;test_add_to_cart.py::Test_008_Add_To_Cart::test_add_to_cart_008&lt;/td&gt;&#34;, &#34;&lt;td class=\&#34;col-duration\&#34;&gt;00:00:08&lt;/td&gt;&#34;, &#34;&lt;td class=\&#34;col-links\&#34;&gt;&lt;a target=\&#34;_blank\&#34; href=\&#34;http://www.example.com/\&#34; class=\&#34;col-links__extra url\&#34;&gt;URL&lt;/a&gt;&lt;/td&gt;&#34;], &#34;log&#34;: &#34;[gw1] win32 -- Python 3.13.1 C:\\Users\\lukesh ade\\Credence Testing 8\\Credence Testing 21 new batch\\AutomationProject\\TutorialsNinjaWebApplication\\.venv\\Scripts\\python.exe\n\n------------------------------ Captured log call -------------------------------\nINFO     Test_008_Add_To_Cart:test_add_to_cart.py:288 *************************** Test Add To Cart 008 is Start ***************************\nINFO     Test_008_Add_To_Cart:test_add_to_cart.py:291 Navigating to base url\nINFO     Test_008_Add_To_Cart:test_add_to_cart.py:294 Entering iMac product to the search box field\nINFO     Test_008_Add_To_Cart:test_add_to_cart.py:296 Clicking on the search icon button\nINFO     Test_008_Add_To_Cart:test_add_to_cart.py:299 Clicking on product display in search result\nINFO     Test_008_Add_To_Cart:test_add_to_cart.py:302 *************************** Verifying Test Add To Cart 008 ***************************\nINFO     Test_008_Add_To_Cart:test_add_to_cart.py:307 Clicking on the add to cart button\nINFO     Test_008_Add_To_Cart:test_add_to_cart.py:310 Clicking on the shopping cart link\nINFO     Test_008_Add_To_Cart:test_add_to_cart.py:315 ************** Test Add To Cart 008 is Passed *************\nINFO     Test_008_Add_To_Cart:test_add_to_cart.py:325 *************************** End Of Test Add To Cart 008 ***************************\n\n&#34;}], &#34;test_add_to_cart.py::Test_008_Add_To_Cart::test_add_to_cart_009[headless-chrome]&#34;: [{&#34;extras&#34;: [{&#34;name&#34;: &#34;URL&#34;, &#34;format_type&#34;: &#34;url&#34;, &#34;content&#34;: &#34;http://www.example.com/&#34;, &#34;mime_type&#34;: null, &#34;extension&#34;: null}], &#34;result&#34;: &#34;Passed&#34;, &#34;testId&#34;: &#34;test_add_to_cart.py::Test_008_Add_To_Cart::test_add_to_cart_009[headless-chrome]&#34;, &#34;duration&#34;: &#34;00:00:06&#34;, &#34;resultsTableRow&#34;: [&#34;&lt;td class=\&#34;col-result\&#34;&gt;Passed&lt;/td&gt;&#34;, &#34;&lt;td class=\&#34;col-testId\&#34;&gt;test_add_to_cart.py::Test_008_Add_To_Cart::test_add_to_cart_009[headless-chrome]&lt;/td&gt;&#34;, &#34;&lt;td class=\&#34;col-duration\&#34;&gt;00:00:06&lt;/td&gt;&#34;, &#34;&lt;td class=\&#34;col-links\&#34;&gt;&lt;a target=\&#34;_blank\&#34; href=\&#34;http://www.example.com/\&#34; class=\&#34;col-links__extra url\&#34;&gt;URL&lt;/a&gt;&lt;/td&gt;&#34;], &#34;log&#34;: &#34;[gw1] win32 -- Python 3.13.1 C:\\Users\\lukesh ade\\Credence Testing 8\\Credence Testing 21 new batch\\AutomationProject\\TutorialsNinjaWebApplication\\.venv\\Scripts\\python.exe\n\n------------------------------ Captured log call -------------------------------\nINFO     Test_008_Add_To_Cart:test_add_to_cart.py:331 ***************************  Test Add To Cart 009 is Start ***************************\nINFO     Test_008_Add_To_Cart:test_add_to_cart.py:334 Navigating to base URL in chrome\nINFO     Test_008_Add_To_Cart:test_add_to_cart.py:337 Entering iMac product to search box field\nINFO     Test_008_Add_To_Cart:test_add_to_cart.py:339 Clicking on the search icon button\nINFO     Test_008_Add_To_Cart:test_add_to_cart.py:342 Clicking on product display in search result\nINFO     Test_008_Add_To_Cart:test_add_to_cart.py:345 *************************** Verifying Test Add To Cart 009 ***************************\nINFO     Test_008_Add_To_Cart:test_add_to_cart.py:350 Clicking on the add to cart button\nINFO     Test_008_Add_To_Cart:test_add_to_cart.py:353 Clicking on the shopping cart link\nINFO     Test_008_Add_To_Cart:test_add_to_cart.py:358 ************** Test Add To Cart 009 is Passed *************\nINFO     Test_008_Add_To_Cart:test_add_to_cart.py:368 *************************** End Of Test Add To Cart 009 ***************************\n\n&#34;}], &#34;test_add_to_cart.py::Test_008_Add_To_Cart::test_add_to_cart_002&#34;: [{&#34;extras&#34;: [{&#34;name&#34;: &#34;URL&#34;, &#34;format_type&#34;: &#34;url&#34;, &#34;content&#34;: &#34;http://www.example.com/&#34;, &#34;mime_type&#34;: null, &#34;extension&#34;: null}], &#34;result&#34;: &#34;Passed&#34;, &#34;testId&#34;: &#34;test_add_to_cart.py::Test_008_Add_To_Cart::test_add_to_cart_002&#34;, &#34;duration&#34;: &#34;00:00:10&#34;, &#34;resultsTableRow&#34;: [&#34;&lt;td class=\&#34;col-result\&#34;&gt;Passed&lt;/td&gt;&#34;, &#34;&lt;td class=\&#34;col-testId\&#34;&gt;test_add_to_cart.py::Test_008_Add_To_Cart::test_add_to_cart_002&lt;/td&gt;&#34;, &#34;&lt;td class=\&#34;col-duration\&#34;&gt;00:00:10&lt;/td&gt;&#34;, &#34;&lt;td class=\&#34;col-links\&#34;&gt;&lt;a target=\&#34;_blank\&#34; href=\&#34;http://www.example.com/\&#34; class=\&#34;col-links__extra url\&#34;&gt;URL&lt;/a&gt;&lt;/td&gt;&#34;], &#34;log&#34;: &#34;[gw0] win32 -- Python 3.13.1 C:\\Users\\lukesh ade\\Credence Testing 8\\Credence Testing 21 new batch\\AutomationProject\\TutorialsNinjaWebApplication\\.venv\\Scripts\\python.exe\n\n------------------------------ Captured log call -------------------------------\nINFO     Test_008_Add_To_Cart:test_add_to_cart.py:62 **************************** Test Add To Cart 002 is Start ****************************\nINFO     Test_008_Add_To_Cart:test_add_to_cart.py:65 Navigating to the base url\nINFO     Test_008_Add_To_Cart:test_add_to_cart.py:68 Clicking on my account\nINFO     Test_008_Add_To_Cart:test_add_to_cart.py:70 Clicking on login link\nINFO     Test_008_Add_To_Cart:test_add_to_cart.py:72 Entering username\nINFO     Test_008_Add_To_Cart:test_add_to_cart.py:74 Entering password\nINFO     Test_008_Add_To_Cart:test_add_to_cart.py:76 Clicking on login button\nINFO     Test_008_Add_To_Cart:test_add_to_cart.py:79 Entering  iMac product to search text box field\nINFO     Test_008_Add_To_Cart:test_add_to_cart.py:81 Clicking on the search icon button\nINFO     Test_008_Add_To_Cart:test_add_to_cart.py:84 adding product to wish list from search result\nINFO     Test_008_Add_To_Cart:test_add_to_cart.py:86 Clicking on wish list header option\nINFO     Test_008_Add_To_Cart:test_add_to_cart.py:88 Clicking on the add to cart option from my wish list\nINFO     Test_008_Add_To_Cart:test_add_to_cart.py:89 **************************** Verifying Test Add To Cart 002 ****************************\nINFO     Test_008_Add_To_Cart:test_add_to_cart.py:94 Clicking on sopping cart header option\nINFO     Test_008_Add_To_Cart:test_add_to_cart.py:98 ************* Test Add To Cart 002 is Passed ************\nINFO     Test_008_Add_To_Cart:test_add_to_cart.py:108 **************************** End Of Test Add To Cart 002 ****************************\n\n&#34;}], &#34;test_add_to_cart.py::Test_008_Add_To_Cart::test_add_to_cart_003&#34;: [{&#34;extras&#34;: [{&#34;name&#34;: &#34;URL&#34;, &#34;format_type&#34;: &#34;url&#34;, &#34;content&#34;: &#34;http://www.example.com/&#34;, &#34;mime_type&#34;: null, &#34;extension&#34;: null}], &#34;result&#34;: &#34;Passed&#34;, &#34;testId&#34;: &#34;test_add_to_cart.py::Test_008_Add_To_Cart::test_add_to_cart_003&#34;, &#34;duration&#34;: &#34;00:00:06&#34;, &#34;resultsTableRow&#34;: [&#34;&lt;td class=\&#34;col-result\&#34;&gt;Passed&lt;/td&gt;&#34;, &#34;&lt;td class=\&#34;col-testId\&#34;&gt;test_add_to_cart.py::Test_008_Add_To_Cart::test_add_to_cart_003&lt;/td&gt;&#34;, &#34;&lt;td class=\&#34;col-duration\&#34;&gt;00:00:06&lt;/td&gt;&#34;, &#34;&lt;td class=\&#34;col-links\&#34;&gt;&lt;a target=\&#34;_blank\&#34; href=\&#34;http://www.example.com/\&#34; class=\&#34;col-links__extra url\&#34;&gt;URL&lt;/a&gt;&lt;/td&gt;&#34;], &#34;log&#34;: &#34;[gw0] win32 -- Python 3.13.1 C:\\Users\\lukesh ade\\Credence Testing 8\\Credence Testing 21 new batch\\AutomationProject\\TutorialsNinjaWebApplication\\.venv\\Scripts\\python.exe\n\n------------------------------ Captured log call -------------------------------\nINFO     Test_008_Add_To_Cart:test_add_to_cart.py:113 **************************** Test Add To Cart 003 is Start ****************************\nINFO     Test_008_Add_To_Cart:test_add_to_cart.py:115 Navigating to the base url\nINFO     Test_008_Add_To_Cart:test_add_to_cart.py:118 Entering iMac product to search box text field\nINFO     Test_008_Add_To_Cart:test_add_to_cart.py:120 Clicking on the search icon button\nINFO     Test_008_Add_To_Cart:test_add_to_cart.py:123 Clicking on the add to cart button\nINFO     Test_008_Add_To_Cart:test_add_to_cart.py:124 **************************** Verifying Test Add To Cart 003 ****************************\nINFO     Test_008_Add_To_Cart:test_add_to_cart.py:129 Clicking on the cart button beside of search icon\nINFO     Test_008_Add_To_Cart:test_add_to_cart.py:131 Clicking on the view cart option\nINFO     Test_008_Add_To_Cart:test_add_to_cart.py:135 ************** Test Add To Cart 003 is Passed **************\nINFO     Test_008_Add_To_Cart:test_add_to_cart.py:145 **************************** End Of Test Add To Cart 003 ****************************\n\n&#34;}], &#34;test_forgot_password.py::Test_004_Forgot_Password::test_forgot_password_004&#34;: [{&#34;extras&#34;: [{&#34;name&#34;: &#34;URL&#34;, &#34;format_type&#34;: &#34;url&#34;, &#34;content&#34;: &#34;http://www.example.com/&#34;, &#34;mime_type&#34;: null, &#34;extension&#34;: null}], &#34;result&#34;: &#34;Passed&#34;, &#34;testId&#34;: &#34;test_forgot_password.py::Test_004_Forgot_Password::test_forgot_password_004&#34;, &#34;duration&#34;: &#34;00:00:27&#34;, &#34;resultsTableRow&#34;: [&#34;&lt;td class=\&#34;col-result\&#34;&gt;Passed&lt;/td&gt;&#34;, &#34;&lt;td class=\&#34;col-testId\&#34;&gt;test_forgot_password.py::Test_004_Forgot_Password::test_forgot_password_004&lt;/td&gt;&#34;, &#34;&lt;td class=\&#34;col-duration\&#34;&gt;00:00:27&lt;/td&gt;&#34;, &#34;&lt;td class=\&#34;col-links\&#34;&gt;&lt;a target=\&#34;_blank\&#34; href=\&#34;http://www.example.com/\&#34; class=\&#34;col-links__extra url\&#34;&gt;URL&lt;/a&gt;&lt;/td&gt;&#34;], &#34;log&#34;: &#34;[gw2] win32 -- Python 3.13.1 C:\\Users\\lukesh ade\\Credence Testing 8\\Credence Testing 21 new batch\\AutomationProject\\TutorialsNinjaWebApplication\\.venv\\Scripts\\python.exe\n\n------------------------------ Captured log call -------------------------------\nINFO     Test_004_Forgot_Password:test_forgot_password.py:98 ***************** Test Forgot Password 004 Is Start *****************\nINFO     Test_004_Forgot_Password:test_forgot_password.py:103 clicking on my account\nINFO     Test_004_Forgot_Password:test_forgot_password.py:105 clicking on login link\nINFO     Test_004_Forgot_Password:test_forgot_password.py:108 clicking on forgot password link\nINFO     Test_004_Forgot_Password:test_forgot_password.py:110 Clicking on continue button\nINFO     Test_004_Forgot_Password:test_forgot_password.py:111 ************* Verifying Test Forgot Password 004 **************\nINFO     Test_004_Forgot_Password:test_forgot_password.py:115 *********** Test Forgot Password 004 Is Passed *********\n\n---------------------------- Captured log teardown -----------------------------\nWARNING  urllib3.connectionpool:connectionpool.py:868 Retrying (Retry(total=2, connect=None, read=None, redirect=None, status=None)) after connection broken by &amp;#x27;NewConnectionError(&amp;#x27;&amp;lt;urllib3.connection.HTTPConnection object at 0x000001CA5AF9F9D0&amp;gt;: Failed to establish a new connection: [WinError 10061] No connection could be made because the target machine actively refused it&amp;#x27;)&amp;#x27;: /session/1744275d61e5b7984575b3d01a560b73\nWARNING  urllib3.connectionpool:connectionpool.py:868 Retrying (Retry(total=1, connect=None, read=None, redirect=None, status=None)) after connection broken by &amp;#x27;NewConnectionError(&amp;#x27;&amp;lt;urllib3.connection.HTTPConnection object at 0x000001CA5B300550&amp;gt;: Failed to establish a new connection: [WinError 10061] No connection could be made because the target machine actively refused it&amp;#x27;)&amp;#x27;: /session/1744275d61e5b7984575b3d01a560b73\nWARNING  urllib3.connectionpool:connectionpool.py:868 Retrying (Retry(total=0, connect=None, read=None, redirect=None, status=None)) after connection broken by &amp;#x27;NewConnectionError(&amp;#x27;&amp;lt;urllib3.connection.HTTPConnection object at 0x000001CA5B2F8180&amp;gt;: Failed to establish a new connection: [WinError 10061] No connection could be made because the target machine actively refused it&amp;#x27;)&amp;#x27;: /session/1744275d61e5b7984575b3d01a560b73&#34;}], &#34;test_add_to_cart.py::Test_008_Add_To_Cart::test_add_to_cart_004&#34;: [{&#34;extras&#34;: [{&#34;name&#34;: &#34;URL&#34;, &#34;format_type&#34;: &#34;url&#34;, &#34;content&#34;: &#34;http://www.example.com/&#34;, &#34;mime_type&#34;: null, &#34;extension&#34;: null}], &#34;result&#34;: &#34;Passed&#34;, &#34;testId&#34;: &#34;test_add_to_cart.py::Test_008_Add_To_Cart::test_add_to_cart_004&#34;, &#34;duration&#34;: &#34;00:00:05&#34;, &#34;resultsTableRow&#34;: [&#34;&lt;td class=\&#34;col-result\&#34;&gt;Passed&lt;/td&gt;&#34;, &#34;&lt;td class=\&#34;col-testId\&#34;&gt;test_add_to_cart.py::Test_008_Add_To_Cart::test_add_to_cart_004&lt;/td&gt;&#34;, &#34;&lt;td class=\&#34;col-duration\&#34;&gt;00:00:05&lt;/td&gt;&#34;, &#34;&lt;td class=\&#34;col-links\&#34;&gt;&lt;a target=\&#34;_blank\&#34; href=\&#34;http://www.example.com/\&#34; class=\&#34;col-links__extra url\&#34;&gt;URL&lt;/a&gt;&lt;/td&gt;&#34;], &#34;log&#34;: &#34;[gw0] win32 -- Python 3.13.1 C:\\Users\\lukesh ade\\Credence Testing 8\\Credence Testing 21 new batch\\AutomationProject\\TutorialsNinjaWebApplication\\.venv\\Scripts\\python.exe\n\n------------------------------ Captured log call -------------------------------\nINFO     Test_008_Add_To_Cart:test_add_to_cart.py:150 **************************** Test Add To Cart 004 is Start ****************************\nINFO     Test_008_Add_To_Cart:test_add_to_cart.py:152 Navigating to the base url\nINFO     Test_008_Add_To_Cart:test_add_to_cart.py:155 Entering iMac product to search box text field\nINFO     Test_008_Add_To_Cart:test_add_to_cart.py:157 Clicking on the search icon button\nINFO     Test_008_Add_To_Cart:test_add_to_cart.py:160 Clicking on the add to cart button\nINFO     Test_008_Add_To_Cart:test_add_to_cart.py:161 **************************** Verifying Test Add To Cart 004 ****************************\nINFO     Test_008_Add_To_Cart:test_add_to_cart.py:165 Clicking on the sopping cart link\nINFO     Test_008_Add_To_Cart:test_add_to_cart.py:169 ************** Test Add To Cart 004 is Passed **************\nINFO     Test_008_Add_To_Cart:test_add_to_cart.py:179 **************************** End Of Test Add To Cart 004 ****************************\n\n&#34;}], &#34;test_add_to_cart.py::Test_008_Add_To_Cart::test_add_to_cart_009[headless-firefox]&#34;: [{&#34;extras&#34;: [{&#34;name&#34;: &#34;URL&#34;, &#34;format_type&#34;: &#34;url&#34;, &#34;content&#34;: &#34;http://www.example.com/&#34;, &#34;mime_type&#34;: null, &#34;extension&#34;: null}], &#34;result&#34;: &#34;Passed&#34;, &#34;testId&#34;: &#34;test_add_to_cart.py::Test_008_Add_To_Cart::test_add_to_cart_009[headless-firefox]&#34;, &#34;duration&#34;: &#34;00:00:17&#34;, &#34;resultsTableRow&#34;: [&#34;&lt;td class=\&#34;col-result\&#34;&gt;Passed&lt;/td&gt;&#34;, &#34;&lt;td class=\&#34;col-testId\&#34;&gt;test_add_to_cart.py::Test_008_Add_To_Cart::test_add_to_cart_009[headless-firefox]&lt;/td&gt;&#34;, &#34;&lt;td class=\&#34;col-duration\&#34;&gt;00:00:17&lt;/td&gt;&#34;, &#34;&lt;td class=\&#34;col-links\&#34;&gt;&lt;a target=\&#34;_blank\&#34; href=\&#34;http://www.example.com/\&#34; class=\&#34;col-links__extra url\&#34;&gt;URL&lt;/a&gt;&lt;/td&gt;&#34;], &#34;log&#34;: &#34;[gw1] win32 -- Python 3.13.1 C:\\Users\\lukesh ade\\Credence Testing 8\\Credence Testing 21 new batch\\AutomationProject\\TutorialsNinjaWebApplication\\.venv\\Scripts\\python.exe\n\n------------------------------ Captured log call -------------------------------\nINFO     Test_008_Add_To_Cart:test_add_to_cart.py:331 ***************************  Test Add To Cart 009 is Start ***************************\nINFO     Test_008_Add_To_Cart:test_add_to_cart.py:334 Navigating to base URL in firefox\nINFO     Test_008_Add_To_Cart:test_add_to_cart.py:337 Entering iMac product to search box field\nINFO     Test_008_Add_To_Cart:test_add_to_cart.py:339 Clicking on the search icon button\nINFO     Test_008_Add_To_Cart:test_add_to_cart.py:342 Clicking on product display in search result\nINFO     Test_008_Add_To_Cart:test_add_to_cart.py:345 *************************** Verifying Test Add To Cart 009 ***************************\nINFO     Test_008_Add_To_Cart:test_add_to_cart.py:350 Clicking on the add to cart button\nINFO     Test_008_Add_To_Cart:test_add_to_cart.py:353 Clicking on the shopping cart link\nINFO     Test_008_Add_To_Cart:test_add_to_cart.py:358 ************** Test Add To Cart 009 is Passed *************\nINFO     Test_008_Add_To_Cart:test_add_to_cart.py:368 *************************** End Of Test Add To Cart 009 ***************************\n\n&#34;}], &#34;test_login.py::Test_002_Login_Functionality::test_home_page_title&#34;: [{&#34;extras&#34;: [{&#34;name&#34;: &#34;URL&#34;, &#34;format_type&#34;: &#34;url&#34;, &#34;content&#34;: &#34;http://www.example.com/&#34;, &#34;mime_type&#34;: null, &#34;extension&#34;: null}], &#34;result&#34;: &#34;Passed&#34;, &#34;testId&#34;: &#34;test_login.py::Test_002_Login_Functionality::test_home_page_title&#34;, &#34;duration&#34;: &#34;00:00:04&#34;, &#34;resultsTableRow&#34;: [&#34;&lt;td class=\&#34;col-result\&#34;&gt;Passed&lt;/td&gt;&#34;, &#34;&lt;td class=\&#34;col-testId\&#34;&gt;test_login.py::Test_002_Login_Functionality::test_home_page_title&lt;/td&gt;&#34;, &#34;&lt;td class=\&#34;col-duration\&#34;&gt;00:00:04&lt;/td&gt;&#34;, &#34;&lt;td class=\&#34;col-links\&#34;&gt;&lt;a target=\&#34;_blank\&#34; href=\&#34;http://www.example.com/\&#34; class=\&#34;col-links__extra url\&#34;&gt;URL&lt;/a&gt;&lt;/td&gt;&#34;], &#34;log&#34;: &#34;[gw2] win32 -- Python 3.13.1 C:\\Users\\lukesh ade\\Credence Testing 8\\Credence Testing 21 new batch\\AutomationProject\\TutorialsNinjaWebApplication\\.venv\\Scripts\\python.exe\n\n------------------------------ Captured log call -------------------------------\nINFO     Test_002_Login_Functionality:test_login.py:20 ************************** Test_Login_001 is Start ****************************\nINFO     Test_002_Login_Functionality:test_login.py:21 ***************** Verifying Home Page Title **************\nINFO     Test_002_Login_Functionality:test_login.py:27 ************************** Verifying Test_Login_001 ****************************\nINFO     Test_002_Login_Functionality:test_login.py:30 ************** Home page title test is passed ************\nINFO     Test_002_Login_Functionality:test_login.py:34 ************************** End Of Test_Login_001 ****************************\n\n&#34;}], &#34;test_add_to_cart.py::Test_008_Add_To_Cart::test_add_to_cart_005&#34;: [{&#34;extras&#34;: [{&#34;name&#34;: &#34;URL&#34;, &#34;format_type&#34;: &#34;url&#34;, &#34;content&#34;: &#34;http://www.example.com/&#34;, &#34;mime_type&#34;: null, &#34;extension&#34;: null}], &#34;result&#34;: &#34;Passed&#34;, &#34;testId&#34;: &#34;test_add_to_cart.py::Test_008_Add_To_Cart::test_add_to_cart_005&#34;, &#34;duration&#34;: &#34;00:00:05&#34;, &#34;resultsTableRow&#34;: [&#34;&lt;td class=\&#34;col-result\&#34;&gt;Passed&lt;/td&gt;&#34;, &#34;&lt;td class=\&#34;col-testId\&#34;&gt;test_add_to_cart.py::Test_008_Add_To_Cart::test_add_to_cart_005&lt;/td&gt;&#34;, &#34;&lt;td class=\&#34;col-duration\&#34;&gt;00:00:05&lt;/td&gt;&#34;, &#34;&lt;td class=\&#34;col-links\&#34;&gt;&lt;a target=\&#34;_blank\&#34; href=\&#34;http://www.example.com/\&#34; class=\&#34;col-links__extra url\&#34;&gt;URL&lt;/a&gt;&lt;/td&gt;&#34;], &#34;log&#34;: &#34;[gw0] win32 -- Python 3.13.1 C:\\Users\\lukesh ade\\Credence Testing 8\\Credence Testing 21 new batch\\AutomationProject\\TutorialsNinjaWebApplication\\.venv\\Scripts\\python.exe\n\n------------------------------ Captured log call -------------------------------\nINFO     Test_008_Add_To_Cart:test_add_to_cart.py:184 ******************************* Test Add To Cart 005 is Start *******************************\nINFO     Test_008_Add_To_Cart:test_add_to_cart.py:186 Navigating to the base url\nINFO     Test_008_Add_To_Cart:test_add_to_cart.py:191 Hovering on desktop option and Clicking on the all desktop option\nINFO     Test_008_Add_To_Cart:test_add_to_cart.py:194 Clicking on the mac subcategory option\nINFO     Test_008_Add_To_Cart:test_add_to_cart.py:196 Clicking on add to cart button\nINFO     Test_008_Add_To_Cart:test_add_to_cart.py:197 ******************************* Verifying Test Add To Cart 005 *******************************\nINFO     Test_008_Add_To_Cart:test_add_to_cart.py:199 success message is passed\nINFO     Test_008_Add_To_Cart:test_add_to_cart.py:201 Clicking on the shopping cart link\nINFO     Test_008_Add_To_Cart:test_add_to_cart.py:203 page title is Passed\nINFO     Test_008_Add_To_Cart:test_add_to_cart.py:206 ***************** Test Add To Cart 005 is Passed ****************\nINFO     Test_008_Add_To_Cart:test_add_to_cart.py:217 ******************************* End Of Test Add To Cart 005 *******************************\n\n&#34;}], &#34;test_add_to_cart.py::Test_008_Add_To_Cart::test_add_to_cart_009[headless-edge]&#34;: [{&#34;extras&#34;: [{&#34;name&#34;: &#34;URL&#34;, &#34;format_type&#34;: &#34;url&#34;, &#34;content&#34;: &#34;http://www.example.com/&#34;, &#34;mime_type&#34;: null, &#34;extension&#34;: null}], &#34;result&#34;: &#34;Passed&#34;, &#34;testId&#34;: &#34;test_add_to_cart.py::Test_008_Add_To_Cart::test_add_to_cart_009[headless-edge]&#34;, &#34;duration&#34;: &#34;00:00:06&#34;, &#34;resultsTableRow&#34;: [&#34;&lt;td class=\&#34;col-result\&#34;&gt;Passed&lt;/td&gt;&#34;, &#34;&lt;td class=\&#34;col-testId\&#34;&gt;test_add_to_cart.py::Test_008_Add_To_Cart::test_add_to_cart_009[headless-edge]&lt;/td&gt;&#34;, &#34;&lt;td class=\&#34;col-duration\&#34;&gt;00:00:06&lt;/td&gt;&#34;, &#34;&lt;td class=\&#34;col-links\&#34;&gt;&lt;a target=\&#34;_blank\&#34; href=\&#34;http://www.example.com/\&#34; class=\&#34;col-links__extra url\&#34;&gt;URL&lt;/a&gt;&lt;/td&gt;&#34;], &#34;log&#34;: &#34;[gw1] win32 -- Python 3.13.1 C:\\Users\\lukesh ade\\Credence Testing 8\\Credence Testing 21 new batch\\AutomationProject\\TutorialsNinjaWebApplication\\.venv\\Scripts\\python.exe\n\n------------------------------ Captured log call -------------------------------\nINFO     Test_008_Add_To_Cart:test_add_to_cart.py:331 ***************************  Test Add To Cart 009 is Start ***************************\nINFO     Test_008_Add_To_Cart:test_add_to_cart.py:334 Navigating to base URL in MicrosoftEdge\nINFO     Test_008_Add_To_Cart:test_add_to_cart.py:337 Entering iMac product to search box field\nINFO     Test_008_Add_To_Cart:test_add_to_cart.py:339 Clicking on the search icon button\nINFO     Test_008_Add_To_Cart:test_add_to_cart.py:342 Clicking on product display in search result\nINFO     Test_008_Add_To_Cart:test_add_to_cart.py:345 *************************** Verifying Test Add To Cart 009 ***************************\nINFO     Test_008_Add_To_Cart:test_add_to_cart.py:350 Clicking on the add to cart button\nINFO     Test_008_Add_To_Cart:test_add_to_cart.py:353 Clicking on the shopping cart link\nINFO     Test_008_Add_To_Cart:test_add_to_cart.py:358 ************** Test Add To Cart 009 is Passed *************\nINFO     Test_008_Add_To_Cart:test_add_to_cart.py:368 *************************** End Of Test Add To Cart 009 ***************************\n\n&#34;}], &#34;test_add_to_cart.py::Test_008_Add_To_Cart::test_add_to_cart_006&#34;: [{&#34;extras&#34;: [{&#34;name&#34;: &#34;URL&#34;, &#34;format_type&#34;: &#34;url&#34;, &#34;content&#34;: &#34;http://www.example.com/&#34;, &#34;mime_type&#34;: null, &#34;extension&#34;: null}], &#34;result&#34;: &#34;Passed&#34;, &#34;testId&#34;: &#34;test_add_to_cart.py::Test_008_Add_To_Cart::test_add_to_cart_006&#34;, &#34;duration&#34;: &#34;00:00:04&#34;, &#34;resultsTableRow&#34;: [&#34;&lt;td class=\&#34;col-result\&#34;&gt;Passed&lt;/td&gt;&#34;, &#34;&lt;td class=\&#34;col-testId\&#34;&gt;test_add_to_cart.py::Test_008_Add_To_Cart::test_add_to_cart_006&lt;/td&gt;&#34;, &#34;&lt;td class=\&#34;col-duration\&#34;&gt;00:00:04&lt;/td&gt;&#34;, &#34;&lt;td class=\&#34;col-links\&#34;&gt;&lt;a target=\&#34;_blank\&#34; href=\&#34;http://www.example.com/\&#34; class=\&#34;col-links__extra url\&#34;&gt;URL&lt;/a&gt;&lt;/td&gt;&#34;], &#34;log&#34;: &#34;[gw0] win32 -- Python 3.13.1 C:\\Users\\lukesh ade\\Credence Testing 8\\Credence Testing 21 new batch\\AutomationProject\\TutorialsNinjaWebApplication\\.venv\\Scripts\\python.exe\n\n------------------------------ Captured log call -------------------------------\nINFO     Test_008_Add_To_Cart:test_add_to_cart.py:222 **************************** Test Add To Cart 006 is Start ****************************\nINFO     Test_008_Add_To_Cart:test_add_to_cart.py:224 Navigating to base url\nINFO     Test_008_Add_To_Cart:test_add_to_cart.py:227 Clicking on the add to cart button on featured home page \nINFO     Test_008_Add_To_Cart:test_add_to_cart.py:228 **************************** Verifying Test Add To Cart 006 ****************************\nINFO     Test_008_Add_To_Cart:test_add_to_cart.py:232 Clicking on the shopping cart link\nINFO     Test_008_Add_To_Cart:test_add_to_cart.py:236 ***************** Test Add To Cart 006 is Passed ****************\nINFO     Test_008_Add_To_Cart:test_add_to_cart.py:246 **************************** End Of Test Add To Cart 006 ****************************\n\n&#34;}], &#34;test_add_to_cart.py::Test_008_Add_To_Cart::test_add_to_cart_007&#34;: [{&#34;extras&#34;: [{&#34;name&#34;: &#34;URL&#34;, &#34;format_type&#34;: &#34;url&#34;, &#34;content&#34;: &#34;http://www.example.com/&#34;, &#34;mime_type&#34;: null, &#34;extension&#34;: null}], &#34;result&#34;: &#34;Passed&#34;, &#34;testId&#34;: &#34;test_add_to_cart.py::Test_008_Add_To_Cart::test_add_to_cart_007&#34;, &#34;duration&#34;: &#34;00:00:06&#34;, &#34;resultsTableRow&#34;: [&#34;&lt;td class=\&#34;col-result\&#34;&gt;Passed&lt;/td&gt;&#34;, &#34;&lt;td class=\&#34;col-testId\&#34;&gt;test_add_to_cart.py::Test_008_Add_To_Cart::test_add_to_cart_007&lt;/td&gt;&#34;, &#34;&lt;td class=\&#34;col-duration\&#34;&gt;00:00:06&lt;/td&gt;&#34;, &#34;&lt;td class=\&#34;col-links\&#34;&gt;&lt;a target=\&#34;_blank\&#34; href=\&#34;http://www.example.com/\&#34; class=\&#34;col-links__extra url\&#34;&gt;URL&lt;/a&gt;&lt;/td&gt;&#34;], &#34;log&#34;: &#34;[gw0] win32 -- Python 3.13.1 C:\\Users\\lukesh ade\\Credence Testing 8\\Credence Testing 21 new batch\\AutomationProject\\TutorialsNinjaWebApplication\\.venv\\Scripts\\python.exe\n\n------------------------------ Captured log call -------------------------------\nINFO     Test_008_Add_To_Cart:test_add_to_cart.py:251 **************************** Test Add To Cart 007 is Start ****************************\nINFO     Test_008_Add_To_Cart:test_add_to_cart.py:253 Navigating to base url\nINFO     Test_008_Add_To_Cart:test_add_to_cart.py:256 Entering iMac product to search text box field\nINFO     Test_008_Add_To_Cart:test_add_to_cart.py:258 Clicking on the search icon button\nINFO     Test_008_Add_To_Cart:test_add_to_cart.py:261 Clicking on compare this product option\nINFO     Test_008_Add_To_Cart:test_add_to_cart.py:263 Clicking on product comparison link\nINFO     Test_008_Add_To_Cart:test_add_to_cart.py:265 Clicking on add to cart button\nINFO     Test_008_Add_To_Cart:test_add_to_cart.py:266 **************************** Verifying Test Add To Cart 007 ****************************\nINFO     Test_008_Add_To_Cart:test_add_to_cart.py:269 Clicking on shopping Cart link\nINFO     Test_008_Add_To_Cart:test_add_to_cart.py:274 **************** Test Add To Cart 007 is Passed *****************\nINFO     Test_008_Add_To_Cart:test_add_to_cart.py:284 **************************** End Of Test Add To Cart 007 ****************************\n\n&#34;}], &#34;test_login_params.py::TestLoginParams::test_login_params[data_for_login3]&#34;: [{&#34;extras&#34;: [{&#34;name&#34;: &#34;URL&#34;, &#34;format_type&#34;: &#34;url&#34;, &#34;content&#34;: &#34;http://www.example.com/&#34;, &#34;mime_type&#34;: null, &#34;extension&#34;: null}], &#34;result&#34;: &#34;Passed&#34;, &#34;testId&#34;: &#34;test_login_params.py::TestLoginParams::test_login_params[data_for_login3]&#34;, &#34;duration&#34;: &#34;00:00:05&#34;, &#34;resultsTableRow&#34;: [&#34;&lt;td class=\&#34;col-result\&#34;&gt;Passed&lt;/td&gt;&#34;, &#34;&lt;td class=\&#34;col-testId\&#34;&gt;test_login_params.py::TestLoginParams::test_login_params[data_for_login3]&lt;/td&gt;&#34;, &#34;&lt;td class=\&#34;col-duration\&#34;&gt;00:00:05&lt;/td&gt;&#34;, &#34;&lt;td class=\&#34;col-links\&#34;&gt;&lt;a target=\&#34;_blank\&#34; href=\&#34;http://www.example.com/\&#34; class=\&#34;col-links__extra url\&#34;&gt;URL&lt;/a&gt;&lt;/td&gt;&#34;], &#34;log&#34;: &#34;[gw0] win32 -- Python 3.13.1 C:\\Users\\lukesh ade\\Credence Testing 8\\Credence Testing 21 new batch\\AutomationProject\\TutorialsNinjaWebApplication\\.venv\\Scripts\\python.exe\n\n------------------------------ Captured log call -------------------------------\nINFO     TestLoginParams:test_login_params.py:19 ********** Test Login Params is Started *********\nINFO     TestLoginParams:test_login_params.py:22 Invoking browser\nINFO     TestLoginParams:test_login_params.py:23 Navigating to URL\nINFO     TestLoginParams:test_login_params.py:26 Clicking on my account\nINFO     TestLoginParams:test_login_params.py:28 Clicking on login link\nINFO     TestLoginParams:test_login_params.py:30 Entering username: adelukesh24@gmail.com\nINFO     TestLoginParams:test_login_params.py:32 Entering password: 54851\nINFO     TestLoginParams:test_login_params.py:34 Clicking on login button\nINFO     TestLoginParams:test_login_params.py:36 ************* Verifying test_login_params *************\nINFO     TestLoginParams:test_login_params.py:53 test_login_params is Completed\nINFO     TestLoginParams:test_login_params.py:54 ************* End of test_login_params *************\n\n&#34;}], &#34;test_login_params.py::TestLoginParams::test_login_params[data_for_login4]&#34;: [{&#34;extras&#34;: [{&#34;name&#34;: &#34;URL&#34;, &#34;format_type&#34;: &#34;url&#34;, &#34;content&#34;: &#34;http://www.example.com/&#34;, &#34;mime_type&#34;: null, &#34;extension&#34;: null}], &#34;result&#34;: &#34;Passed&#34;, &#34;testId&#34;: &#34;test_login_params.py::TestLoginParams::test_login_params[data_for_login4]&#34;, &#34;duration&#34;: &#34;00:00:05&#34;, &#34;resultsTableRow&#34;: [&#34;&lt;td class=\&#34;col-result\&#34;&gt;Passed&lt;/td&gt;&#34;, &#34;&lt;td class=\&#34;col-testId\&#34;&gt;test_login_params.py::TestLoginParams::test_login_params[data_for_login4]&lt;/td&gt;&#34;, &#34;&lt;td class=\&#34;col-duration\&#34;&gt;00:00:05&lt;/td&gt;&#34;, &#34;&lt;td class=\&#34;col-links\&#34;&gt;&lt;a target=\&#34;_blank\&#34; href=\&#34;http://www.example.com/\&#34; class=\&#34;col-links__extra url\&#34;&gt;URL&lt;/a&gt;&lt;/td&gt;&#34;], &#34;log&#34;: &#34;[gw0] win32 -- Python 3.13.1 C:\\Users\\lukesh ade\\Credence Testing 8\\Credence Testing 21 new batch\\AutomationProject\\TutorialsNinjaWebApplication\\.venv\\Scripts\\python.exe\n\n------------------------------ Captured log call -------------------------------\nINFO     TestLoginParams:test_login_params.py:19 ********** Test Login Params is Started *********\nINFO     TestLoginParams:test_login_params.py:22 Invoking browser\nINFO     TestLoginParams:test_login_params.py:23 Navigating to URL\nINFO     TestLoginParams:test_login_params.py:26 Clicking on my account\nINFO     TestLoginParams:test_login_params.py:28 Clicking on login link\nINFO     TestLoginParams:test_login_params.py:30 Entering username: \nINFO     TestLoginParams:test_login_params.py:32 Entering password: \nINFO     TestLoginParams:test_login_params.py:34 Clicking on login button\nINFO     TestLoginParams:test_login_params.py:36 ************* Verifying test_login_params *************\nINFO     TestLoginParams:test_login_params.py:53 test_login_params is Completed\nINFO     TestLoginParams:test_login_params.py:54 ************* End of test_login_params *************\n\n&#34;}], &#34;test_login.py::Test_002_Login_Functionality::test_login_functionality_001&#34;: [{&#34;extras&#34;: [{&#34;name&#34;: &#34;URL&#34;, &#34;format_type&#34;: &#34;url&#34;, &#34;content&#34;: &#34;http://www.example.com/&#34;, &#34;mime_type&#34;: null, &#34;extension&#34;: null}], &#34;result&#34;: &#34;Passed&#34;, &#34;testId&#34;: &#34;test_login.py::Test_002_Login_Functionality::test_login_functionality_001&#34;, &#34;duration&#34;: &#34;00:00:26&#34;, &#34;resultsTableRow&#34;: [&#34;&lt;td class=\&#34;col-result\&#34;&gt;Passed&lt;/td&gt;&#34;, &#34;&lt;td class=\&#34;col-testId\&#34;&gt;test_login.py::Test_002_Login_Functionality::test_login_functionality_001&lt;/td&gt;&#34;, &#34;&lt;td class=\&#34;col-duration\&#34;&gt;00:00:26&lt;/td&gt;&#34;, &#34;&lt;td class=\&#34;col-links\&#34;&gt;&lt;a target=\&#34;_blank\&#34; href=\&#34;http://www.example.com/\&#34; class=\&#34;col-links__extra url\&#34;&gt;URL&lt;/a&gt;&lt;/td&gt;&#34;], &#34;log&#34;: &#34;[gw2] win32 -- Python 3.13.1 C:\\Users\\lukesh ade\\Credence Testing 8\\Credence Testing 21 new batch\\AutomationProject\\TutorialsNinjaWebApplication\\.venv\\Scripts\\python.exe\n\n------------------------------ Captured log call -------------------------------\nINFO     Test_002_Login_Functionality:test_login.py:40 ************** Login test is started ************\nINFO     Test_002_Login_Functionality:test_login.py:42 navigating to the url\nINFO     Test_002_Login_Functionality:test_login.py:45 clicking on myAccount drop menu\nINFO     Test_002_Login_Functionality:test_login.py:47 clicking on login link\nINFO     Test_002_Login_Functionality:test_login.py:49 passing the username\nINFO     Test_002_Login_Functionality:test_login.py:51 passing the password\nINFO     Test_002_Login_Functionality:test_login.py:53 clicking on the login button\nINFO     Test_002_Login_Functionality:test_login.py:62 ************** Verifying Login test ************\nINFO     Test_002_Login_Functionality:test_login.py:65 ************** Login test is passed ************\n\n---------------------------- Captured log teardown -----------------------------\nWARNING  urllib3.connectionpool:connectionpool.py:868 Retrying (Retry(total=2, connect=None, read=None, redirect=None, status=None)) after connection broken by &amp;#x27;NewConnectionError(&amp;#x27;&amp;lt;urllib3.connection.HTTPConnection object at 0x000001CA5B04B460&amp;gt;: Failed to establish a new connection: [WinError 10061] No connection could be made because the target machine actively refused it&amp;#x27;)&amp;#x27;: /session/5c64e774ea5ea3a812381988f3a3d44d\nWARNING  urllib3.connectionpool:connectionpool.py:868 Retrying (Retry(total=1, connect=None, read=None, redirect=None, status=None)) after connection broken by &amp;#x27;NewConnectionError(&amp;#x27;&amp;lt;urllib3.connection.HTTPConnection object at 0x000001CA5B324050&amp;gt;: Failed to establish a new connection: [WinError 10061] No connection could be made because the target machine actively refused it&amp;#x27;)&amp;#x27;: /session/5c64e774ea5ea3a812381988f3a3d44d\nWARNING  urllib3.connectionpool:connectionpool.py:868 Retrying (Retry(total=0, connect=None, read=None, redirect=None, status=None)) after connection broken by &amp;#x27;NewConnectionError(&amp;#x27;&amp;lt;urllib3.connection.HTTPConnection object at 0x000001CA5B324490&amp;gt;: Failed to establish a new connection: [WinError 10061] No connection could be made because the target machine actively refused it&amp;#x27;)&amp;#x27;: /session/5c64e774ea5ea3a812381988f3a3d44d&#34;}], &#34;test_logout.py::Test_003_Logout_Functionality::test_logout_functionality_001&#34;: [{&#34;extras&#34;: [{&#34;name&#34;: &#34;URL&#34;, &#34;format_type&#34;: &#34;url&#34;, &#34;content&#34;: &#34;http://www.example.com/&#34;, &#34;mime_type&#34;: null, &#34;extension&#34;: null}], &#34;result&#34;: &#34;Passed&#34;, &#34;testId&#34;: &#34;test_logout.py::Test_003_Logout_Functionality::test_logout_functionality_001&#34;, &#34;duration&#34;: &#34;00:00:08&#34;, &#34;resultsTableRow&#34;: [&#34;&lt;td class=\&#34;col-result\&#34;&gt;Passed&lt;/td&gt;&#34;, &#34;&lt;td class=\&#34;col-testId\&#34;&gt;test_logout.py::Test_003_Logout_Functionality::test_logout_functionality_001&lt;/td&gt;&#34;, &#34;&lt;td class=\&#34;col-duration\&#34;&gt;00:00:08&lt;/td&gt;&#34;, &#34;&lt;td class=\&#34;col-links\&#34;&gt;&lt;a target=\&#34;_blank\&#34; href=\&#34;http://www.example.com/\&#34; class=\&#34;col-links__extra url\&#34;&gt;URL&lt;/a&gt;&lt;/td&gt;&#34;], &#34;log&#34;: &#34;[gw0] win32 -- Python 3.13.1 C:\\Users\\lukesh ade\\Credence Testing 8\\Credence Testing 21 new batch\\AutomationProject\\TutorialsNinjaWebApplication\\.venv\\Scripts\\python.exe\n\n------------------------------ Captured log call -------------------------------\nINFO     Test_003_Logout_Functionality:test_logout.py:22 *************** Logout Functionality 001 Test Start ****************\nINFO     Test_003_Logout_Functionality:test_logout.py:31 **************** Login is Successful ******************\nINFO     Test_003_Logout_Functionality:test_logout.py:38 ************ Logout is successful *****************\nINFO     Test_003_Logout_Functionality:test_logout.py:41 clicking on my account\nINFO     Test_003_Logout_Functionality:test_logout.py:43 ************ Verifying logout functionality 001 **************\nINFO     Test_003_Logout_Functionality:test_logout.py:46 **************** Test Logout Functionality is Passed ****************\nINFO     Test_003_Logout_Functionality:test_logout.py:51 ***************** End of Logout Functionality 001 ********************\n\n&#34;}], &#34;test_forgot_password.py::Test_004_Forgot_Password::test_forgot_password_001&#34;: [{&#34;extras&#34;: [{&#34;name&#34;: &#34;URL&#34;, &#34;format_type&#34;: &#34;url&#34;, &#34;content&#34;: &#34;http://www.example.com/&#34;, &#34;mime_type&#34;: null, &#34;extension&#34;: null}], &#34;result&#34;: &#34;Passed&#34;, &#34;testId&#34;: &#34;test_forgot_password.py::Test_004_Forgot_Password::test_forgot_password_001&#34;, &#34;duration&#34;: &#34;00:00:26&#34;, &#34;resultsTableRow&#34;: [&#34;&lt;td class=\&#34;col-result\&#34;&gt;Passed&lt;/td&gt;&#34;, &#34;&lt;td class=\&#34;col-testId\&#34;&gt;test_forgot_password.py::Test_004_Forgot_Password::test_forgot_password_001&lt;/td&gt;&#34;, &#34;&lt;td class=\&#34;col-duration\&#34;&gt;00:00:26&lt;/td&gt;&#34;, &#34;&lt;td class=\&#34;col-links\&#34;&gt;&lt;a target=\&#34;_blank\&#34; href=\&#34;http://www.example.com/\&#34; class=\&#34;col-links__extra url\&#34;&gt;URL&lt;/a&gt;&lt;/td&gt;&#34;], &#34;log&#34;: &#34;[gw1] win32 -- Python 3.13.1 C:\\Users\\lukesh ade\\Credence Testing 8\\Credence Testing 21 new batch\\AutomationProject\\TutorialsNinjaWebApplication\\.venv\\Scripts\\python.exe\n\n------------------------------ Captured log call -------------------------------\nINFO     Test_004_Forgot_Password:test_forgot_password.py:20 ************ Test Forgot Password 001 Start ************\nINFO     Test_004_Forgot_Password:test_forgot_password.py:22 Navigating to the url\nINFO     Test_004_Forgot_Password:test_forgot_password.py:25 clicking on my account\nINFO     Test_004_Forgot_Password:test_forgot_password.py:27 clicking on login link\nINFO     Test_004_Forgot_Password:test_forgot_password.py:30 clicking on forgot password link\nINFO     Test_004_Forgot_Password:test_forgot_password.py:33 Entering the non existing email\nINFO     Test_004_Forgot_Password:test_forgot_password.py:38 ************* Test Forgot Password 001 Passed ***************\nINFO     Test_004_Forgot_Password:test_forgot_password.py:39 Warning: The E-Mail Address was not found in our records, please try again!\nINFO     Test_004_Forgot_Password:test_forgot_password.py:46 *************** End of Test Forgot Password 001 *****************\n\n---------------------------- Captured log teardown -----------------------------\nWARNING  urllib3.connectionpool:connectionpool.py:868 Retrying (Retry(total=2, connect=None, read=None, redirect=None, status=None)) after connection broken by &amp;#x27;NewConnectionError(&amp;#x27;&amp;lt;urllib3.connection.HTTPConnection object at 0x000001FF378FB530&amp;gt;: Failed to establish a new connection: [WinError 10061] No connection could be made because the target machine actively refused it&amp;#x27;)&amp;#x27;: /session/2762ab8679130a79c2e7b557a857c9f6\nWARNING  urllib3.connectionpool:connectionpool.py:868 Retrying (Retry(total=1, connect=None, read=None, redirect=None, status=None)) after connection broken by &amp;#x27;NewConnectionError(&amp;#x27;&amp;lt;urllib3.connection.HTTPConnection object at 0x000001FF3769AF10&amp;gt;: Failed to establish a new connection: [WinError 10061] No connection could be made because the target machine actively refused it&amp;#x27;)&amp;#x27;: /session/2762ab8679130a79c2e7b557a857c9f6\nWARNING  urllib3.connectionpool:connectionpool.py:868 Retrying (Retry(total=0, connect=None, read=None, redirect=None, status=None)) after connection broken by &amp;#x27;NewConnectionError(&amp;#x27;&amp;lt;urllib3.connection.HTTPConnection object at 0x000001FF3769A7A0&amp;gt;: Failed to establish a new connection: [WinError 10061] No connection could be made because the target machine actively refused it&amp;#x27;)&amp;#x27;: /session/2762ab8679130a79c2e7b557a857c9f6&#34;}], &#34;test_forgot_password.py::Test_004_Forgot_Password::test_forgot_password_002&#34;: [{&#34;extras&#34;: [], &#34;result&#34;: &#34;Skipped&#34;, &#34;testId&#34;: &#34;test_forgot_password.py::Test_004_Forgot_Password::test_forgot_password_002::setup&#34;, &#34;duration&#34;: &#34;0 ms&#34;, &#34;resultsTableRow&#34;: [&#34;&lt;td class=\&#34;col-result\&#34;&gt;Skipped&lt;/td&gt;&#34;, &#34;&lt;td class=\&#34;col-testId\&#34;&gt;test_forgot_password.py::Test_004_Forgot_Password::test_forgot_password_002::setup&lt;/td&gt;&#34;, &#34;&lt;td class=\&#34;col-duration\&#34;&gt;0 ms&lt;/td&gt;&#34;, &#34;&lt;td class=\&#34;col-links\&#34;&gt;&lt;/td&gt;&#34;], &#34;log&#34;: &#34;[gw1] win32 -- Python 3.13.1 C:\\Users\\lukesh ade\\Credence Testing 8\\Credence Testing 21 new batch\\AutomationProject\\TutorialsNinjaWebApplication\\.venv\\Scripts\\python.exe\n(&amp;#x27;C:\\\\Users\\\\lukesh ade\\\\Credence Testing 8\\\\Credence Testing 21 new batch\\\\AutomationProject\\\\TutorialsNinjaWebApplication\\\\testCases\\\\test_forgot_password.py&amp;#x27;, 48, &amp;#x27;Skipped: Not ready for execution&amp;#x27;)\n&#34;}], &#34;test_login_ddt.py::Test_002_DDT_Login::test_login_ddt&#34;: [{&#34;extras&#34;: [{&#34;name&#34;: &#34;URL&#34;, &#34;format_type&#34;: &#34;url&#34;, &#34;content&#34;: &#34;http://www.example.com/&#34;, &#34;mime_type&#34;: null, &#34;extension&#34;: null}], &#34;result&#34;: &#34;Passed&#34;, &#34;testId&#34;: &#34;test_login_ddt.py::Test_002_DDT_Login::test_login_ddt&#34;, &#34;duration&#34;: &#34;00:00:11&#34;, &#34;resultsTableRow&#34;: [&#34;&lt;td class=\&#34;col-result\&#34;&gt;Passed&lt;/td&gt;&#34;, &#34;&lt;td class=\&#34;col-testId\&#34;&gt;test_login_ddt.py::Test_002_DDT_Login::test_login_ddt&lt;/td&gt;&#34;, &#34;&lt;td class=\&#34;col-duration\&#34;&gt;00:00:11&lt;/td&gt;&#34;, &#34;&lt;td class=\&#34;col-links\&#34;&gt;&lt;a target=\&#34;_blank\&#34; href=\&#34;http://www.example.com/\&#34; class=\&#34;col-links__extra url\&#34;&gt;URL&lt;/a&gt;&lt;/td&gt;&#34;], &#34;log&#34;: &#34;[gw2] win32 -- Python 3.13.1 C:\\Users\\lukesh ade\\Credence Testing 8\\Credence Testing 21 new batch\\AutomationProject\\TutorialsNinjaWebApplication\\.venv\\Scripts\\python.exe\n\n------------------------------ Captured log call -------------------------------\nINFO     Test_002_DDT_Login:test_login_ddt.py:19 ************** Test_002_DDT_Login ***************\nINFO     Test_002_DDT_Login:test_login_ddt.py:20 ************** Verifying Login Test ************\nINFO     Test_002_DDT_Login:test_login_ddt.py:22 navigating to the url\nINFO     Test_002_DDT_Login:test_login_ddt.py:32 clicking on myAccount drop menu\nINFO     Test_002_DDT_Login:test_login_ddt.py:34 clicking on login link\nINFO     Test_002_DDT_Login:test_login_ddt.py:36 passing the username\nINFO     Test_002_DDT_Login:test_login_ddt.py:38 passing the password\nINFO     Test_002_DDT_Login:test_login_ddt.py:40 clicking on the login button\nINFO     Test_002_DDT_Login:test_login_ddt.py:49 *** Passed\nINFO     Test_002_DDT_Login:test_login_ddt.py:32 clicking on myAccount drop menu\nINFO     Test_002_DDT_Login:test_login_ddt.py:34 clicking on login link\nINFO     Test_002_DDT_Login:test_login_ddt.py:36 passing the username\nINFO     Test_002_DDT_Login:test_login_ddt.py:38 passing the password\nINFO     Test_002_DDT_Login:test_login_ddt.py:40 clicking on the login button\nINFO     Test_002_DDT_Login:test_login_ddt.py:65 *** Passed\nINFO     Test_002_DDT_Login:test_login_ddt.py:32 clicking on myAccount drop menu\nINFO     Test_002_DDT_Login:test_login_ddt.py:34 clicking on login link\nINFO     Test_002_DDT_Login:test_login_ddt.py:36 passing the username\nINFO     Test_002_DDT_Login:test_login_ddt.py:38 passing the password\nINFO     Test_002_DDT_Login:test_login_ddt.py:40 clicking on the login button\nINFO     Test_002_DDT_Login:test_login_ddt.py:65 *** Passed\nINFO     Test_002_DDT_Login:test_login_ddt.py:32 clicking on myAccount drop menu\nINFO     Test_002_DDT_Login:test_login_ddt.py:34 clicking on login link\nINFO     Test_002_DDT_Login:test_login_ddt.py:36 passing the username\nINFO     Test_002_DDT_Login:test_login_ddt.py:38 passing the password\nINFO     Test_002_DDT_Login:test_login_ddt.py:40 clicking on the login button\nINFO     Test_002_DDT_Login:test_login_ddt.py:65 *** Passed\nINFO     Test_002_DDT_Login:test_login_ddt.py:69 *********** Login DDT test passed ***********\nINFO     Test_002_DDT_Login:test_login_ddt.py:76 ****** End of the Login DDT Test *******\nINFO     Test_002_DDT_Login:test_login_ddt.py:77 ******************** Completed TC_LoginDDT_002 ********************\n\n&#34;}], &#34;test_logout.py::Test_003_Logout_Functionality::test_logout_functionality_002&#34;: [{&#34;extras&#34;: [{&#34;name&#34;: &#34;URL&#34;, &#34;format_type&#34;: &#34;url&#34;, &#34;content&#34;: &#34;http://www.example.com/&#34;, &#34;mime_type&#34;: null, &#34;extension&#34;: null}], &#34;result&#34;: &#34;Passed&#34;, &#34;testId&#34;: &#34;test_logout.py::Test_003_Logout_Functionality::test_logout_functionality_002&#34;, &#34;duration&#34;: &#34;00:00:06&#34;, &#34;resultsTableRow&#34;: [&#34;&lt;td class=\&#34;col-result\&#34;&gt;Passed&lt;/td&gt;&#34;, &#34;&lt;td class=\&#34;col-testId\&#34;&gt;test_logout.py::Test_003_Logout_Functionality::test_logout_functionality_002&lt;/td&gt;&#34;, &#34;&lt;td class=\&#34;col-duration\&#34;&gt;00:00:06&lt;/td&gt;&#34;, &#34;&lt;td class=\&#34;col-links\&#34;&gt;&lt;a target=\&#34;_blank\&#34; href=\&#34;http://www.example.com/\&#34; class=\&#34;col-links__extra url\&#34;&gt;URL&lt;/a&gt;&lt;/td&gt;&#34;], &#34;log&#34;: &#34;[gw0] win32 -- Python 3.13.1 C:\\Users\\lukesh ade\\Credence Testing 8\\Credence Testing 21 new batch\\AutomationProject\\TutorialsNinjaWebApplication\\.venv\\Scripts\\python.exe\n\n------------------------------ Captured log call -------------------------------\nINFO     Test_003_Logout_Functionality:test_logout.py:57 *************** Logout Functionality 002 Test Start ****************\nINFO     Test_003_Logout_Functionality:test_logout.py:66 **************** Login is Successful ******************\nINFO     Test_003_Logout_Functionality:test_logout.py:71 ************ Logout is successful *****************\nINFO     Test_003_Logout_Functionality:test_logout.py:72 ************ Verifying logout functionality **************\nINFO     Test_003_Logout_Functionality:test_logout.py:77 **************** Test Logout Functionality is Passed ****************\nINFO     Test_003_Logout_Functionality:test_logout.py:84 ***************** End of Logout Functionality 002 ********************\n\n&#34;}], &#34;test_login_params.py::TestLoginParams::test_login_params[data_for_login0]&#34;: [{&#34;extras&#34;: [{&#34;name&#34;: &#34;URL&#34;, &#34;format_type&#34;: &#34;url&#34;, &#34;content&#34;: &#34;http://www.example.com/&#34;, &#34;mime_type&#34;: null, &#34;extension&#34;: null}], &#34;result&#34;: &#34;Passed&#34;, &#34;testId&#34;: &#34;test_login_params.py::TestLoginParams::test_login_params[data_for_login0]&#34;, &#34;duration&#34;: &#34;00:00:06&#34;, &#34;resultsTableRow&#34;: [&#34;&lt;td class=\&#34;col-result\&#34;&gt;Passed&lt;/td&gt;&#34;, &#34;&lt;td class=\&#34;col-testId\&#34;&gt;test_login_params.py::TestLoginParams::test_login_params[data_for_login0]&lt;/td&gt;&#34;, &#34;&lt;td class=\&#34;col-duration\&#34;&gt;00:00:06&lt;/td&gt;&#34;, &#34;&lt;td class=\&#34;col-links\&#34;&gt;&lt;a target=\&#34;_blank\&#34; href=\&#34;http://www.example.com/\&#34; class=\&#34;col-links__extra url\&#34;&gt;URL&lt;/a&gt;&lt;/td&gt;&#34;], &#34;log&#34;: &#34;[gw2] win32 -- Python 3.13.1 C:\\Users\\lukesh ade\\Credence Testing 8\\Credence Testing 21 new batch\\AutomationProject\\TutorialsNinjaWebApplication\\.venv\\Scripts\\python.exe\n\n------------------------------ Captured log call -------------------------------\nINFO     TestLoginParams:test_login_params.py:19 ********** Test Login Params is Started *********\nINFO     TestLoginParams:test_login_params.py:22 Invoking browser\nINFO     TestLoginParams:test_login_params.py:23 Navigating to URL\nINFO     TestLoginParams:test_login_params.py:26 Clicking on my account\nINFO     TestLoginParams:test_login_params.py:28 Clicking on login link\nINFO     TestLoginParams:test_login_params.py:30 Entering username: adelukesh@gmail.com\nINFO     TestLoginParams:test_login_params.py:32 Entering password: 12345\nINFO     TestLoginParams:test_login_params.py:34 Clicking on login button\nINFO     TestLoginParams:test_login_params.py:36 ************* Verifying test_login_params *************\nINFO     TestLoginParams:test_login_params.py:40 test_login_params is passed\nINFO     TestLoginParams:test_login_params.py:53 test_login_params is Completed\nINFO     TestLoginParams:test_login_params.py:54 ************* End of test_login_params *************\n\n&#34;}], &#34;test_logout.py::Test_003_Logout_Functionality::test_logout_functionality_004&#34;: [{&#34;extras&#34;: [{&#34;name&#34;: &#34;URL&#34;, &#34;format_type&#34;: &#34;url&#34;, &#34;content&#34;: &#34;http://www.example.com/&#34;, &#34;mime_type&#34;: null, &#34;extension&#34;: null}], &#34;result&#34;: &#34;Passed&#34;, &#34;testId&#34;: &#34;test_logout.py::Test_003_Logout_Functionality::test_logout_functionality_004&#34;, &#34;duration&#34;: &#34;00:00:08&#34;, &#34;resultsTableRow&#34;: [&#34;&lt;td class=\&#34;col-result\&#34;&gt;Passed&lt;/td&gt;&#34;, &#34;&lt;td class=\&#34;col-testId\&#34;&gt;test_logout.py::Test_003_Logout_Functionality::test_logout_functionality_004&lt;/td&gt;&#34;, &#34;&lt;td class=\&#34;col-duration\&#34;&gt;00:00:08&lt;/td&gt;&#34;, &#34;&lt;td class=\&#34;col-links\&#34;&gt;&lt;a target=\&#34;_blank\&#34; href=\&#34;http://www.example.com/\&#34; class=\&#34;col-links__extra url\&#34;&gt;URL&lt;/a&gt;&lt;/td&gt;&#34;], &#34;log&#34;: &#34;[gw0] win32 -- Python 3.13.1 C:\\Users\\lukesh ade\\Credence Testing 8\\Credence Testing 21 new batch\\AutomationProject\\TutorialsNinjaWebApplication\\.venv\\Scripts\\python.exe\n\n------------------------------ Captured log call -------------------------------\nINFO     Test_003_Logout_Functionality:test_logout.py:89 *************** Logout Functionality 004 Test Start ****************\nINFO     Test_003_Logout_Functionality:test_logout.py:98 **************** Login is Successful ******************\nINFO     Test_003_Logout_Functionality:test_logout.py:108 ******** Verifying Test Logout Functionality 004 ***********\nINFO     Test_003_Logout_Functionality:test_logout.py:111 ********* Test Logout Functionality 004 is Passed **********\nINFO     Test_003_Logout_Functionality:test_logout.py:118 ********** End Of Test Logout Functionality 004 ***************\n\n&#34;}], &#34;test_login_params.py::TestLoginParams::test_login_params[data_for_login1]&#34;: [{&#34;extras&#34;: [{&#34;name&#34;: &#34;URL&#34;, &#34;format_type&#34;: &#34;url&#34;, &#34;content&#34;: &#34;http://www.example.com/&#34;, &#34;mime_type&#34;: null, &#34;extension&#34;: null}], &#34;result&#34;: &#34;Passed&#34;, &#34;testId&#34;: &#34;test_login_params.py::TestLoginParams::test_login_params[data_for_login1]&#34;, &#34;duration&#34;: &#34;00:00:05&#34;, &#34;resultsTableRow&#34;: [&#34;&lt;td class=\&#34;col-result\&#34;&gt;Passed&lt;/td&gt;&#34;, &#34;&lt;td class=\&#34;col-testId\&#34;&gt;test_login_params.py::TestLoginParams::test_login_params[data_for_login1]&lt;/td&gt;&#34;, &#34;&lt;td class=\&#34;col-duration\&#34;&gt;00:00:05&lt;/td&gt;&#34;, &#34;&lt;td class=\&#34;col-links\&#34;&gt;&lt;a target=\&#34;_blank\&#34; href=\&#34;http://www.example.com/\&#34; class=\&#34;col-links__extra url\&#34;&gt;URL&lt;/a&gt;&lt;/td&gt;&#34;], &#34;log&#34;: &#34;[gw2] win32 -- Python 3.13.1 C:\\Users\\lukesh ade\\Credence Testing 8\\Credence Testing 21 new batch\\AutomationProject\\TutorialsNinjaWebApplication\\.venv\\Scripts\\python.exe\n\n------------------------------ Captured log call -------------------------------\nINFO     TestLoginParams:test_login_params.py:19 ********** Test Login Params is Started *********\nINFO     TestLoginParams:test_login_params.py:22 Invoking browser\nINFO     TestLoginParams:test_login_params.py:23 Navigating to URL\nINFO     TestLoginParams:test_login_params.py:26 Clicking on my account\nINFO     TestLoginParams:test_login_params.py:28 Clicking on login link\nINFO     TestLoginParams:test_login_params.py:30 Entering username: adelukesh1@gmail.com\nINFO     TestLoginParams:test_login_params.py:32 Entering password: 12345\nINFO     TestLoginParams:test_login_params.py:34 Clicking on login button\nINFO     TestLoginParams:test_login_params.py:36 ************* Verifying test_login_params *************\nINFO     TestLoginParams:test_login_params.py:53 test_login_params is Completed\nINFO     TestLoginParams:test_login_params.py:54 ************* End of test_login_params *************\n\n&#34;}], &#34;test_login_params.py::TestLoginParams::test_login_params[data_for_login2]&#34;: [{&#34;extras&#34;: [{&#34;name&#34;: &#34;URL&#34;, &#34;format_type&#34;: &#34;url&#34;, &#34;content&#34;: &#34;http://www.example.com/&#34;, &#34;mime_type&#34;: null, &#34;extension&#34;: null}], &#34;result&#34;: &#34;Passed&#34;, &#34;testId&#34;: &#34;test_login_params.py::TestLoginParams::test_login_params[data_for_login2]&#34;, &#34;duration&#34;: &#34;00:00:05&#34;, &#34;resultsTableRow&#34;: [&#34;&lt;td class=\&#34;col-result\&#34;&gt;Passed&lt;/td&gt;&#34;, &#34;&lt;td class=\&#34;col-testId\&#34;&gt;test_login_params.py::TestLoginParams::test_login_params[data_for_login2]&lt;/td&gt;&#34;, &#34;&lt;td class=\&#34;col-duration\&#34;&gt;00:00:05&lt;/td&gt;&#34;, &#34;&lt;td class=\&#34;col-links\&#34;&gt;&lt;a target=\&#34;_blank\&#34; href=\&#34;http://www.example.com/\&#34; class=\&#34;col-links__extra url\&#34;&gt;URL&lt;/a&gt;&lt;/td&gt;&#34;], &#34;log&#34;: &#34;[gw2] win32 -- Python 3.13.1 C:\\Users\\lukesh ade\\Credence Testing 8\\Credence Testing 21 new batch\\AutomationProject\\TutorialsNinjaWebApplication\\.venv\\Scripts\\python.exe\n\n------------------------------ Captured log call -------------------------------\nINFO     TestLoginParams:test_login_params.py:19 ********** Test Login Params is Started *********\nINFO     TestLoginParams:test_login_params.py:22 Invoking browser\nINFO     TestLoginParams:test_login_params.py:23 Navigating to URL\nINFO     TestLoginParams:test_login_params.py:26 Clicking on my account\nINFO     TestLoginParams:test_login_params.py:28 Clicking on login link\nINFO     TestLoginParams:test_login_params.py:30 Entering username: adelukesh@gmail.com\nINFO     TestLoginParams:test_login_params.py:32 Entering password: 48465\nINFO     TestLoginParams:test_login_params.py:34 Clicking on login button\nINFO     TestLoginParams:test_login_params.py:36 ************* Verifying test_login_params *************\nINFO     TestLoginParams:test_login_params.py:53 test_login_params is Completed\nINFO     TestLoginParams:test_login_params.py:54 ************* End of test_login_params *************\n\n&#34;}], &#34;test_forgot_password.py::Test_004_Forgot_Password::test_forgot_password_003&#34;: [{&#34;extras&#34;: [{&#34;name&#34;: &#34;URL&#34;, &#34;format_type&#34;: &#34;url&#34;, &#34;content&#34;: &#34;http://www.example.com/&#34;, &#34;mime_type&#34;: null, &#34;extension&#34;: null}], &#34;result&#34;: &#34;Passed&#34;, &#34;testId&#34;: &#34;test_forgot_password.py::Test_004_Forgot_Password::test_forgot_password_003&#34;, &#34;duration&#34;: &#34;00:00:25&#34;, &#34;resultsTableRow&#34;: [&#34;&lt;td class=\&#34;col-result\&#34;&gt;Passed&lt;/td&gt;&#34;, &#34;&lt;td class=\&#34;col-testId\&#34;&gt;test_forgot_password.py::Test_004_Forgot_Password::test_forgot_password_003&lt;/td&gt;&#34;, &#34;&lt;td class=\&#34;col-duration\&#34;&gt;00:00:25&lt;/td&gt;&#34;, &#34;&lt;td class=\&#34;col-links\&#34;&gt;&lt;a target=\&#34;_blank\&#34; href=\&#34;http://www.example.com/\&#34; class=\&#34;col-links__extra url\&#34;&gt;URL&lt;/a&gt;&lt;/td&gt;&#34;], &#34;log&#34;: &#34;[gw1] win32 -- Python 3.13.1 C:\\Users\\lukesh ade\\Credence Testing 8\\Credence Testing 21 new batch\\AutomationProject\\TutorialsNinjaWebApplication\\.venv\\Scripts\\python.exe\n\n------------------------------ Captured log call -------------------------------\nINFO     Test_004_Forgot_Password:test_forgot_password.py:71 ************ Test Forgot Password 003 Start ************\nINFO     Test_004_Forgot_Password:test_forgot_password.py:73 Navigating to the url\nINFO     Test_004_Forgot_Password:test_forgot_password.py:76 clicking on my account\nINFO     Test_004_Forgot_Password:test_forgot_password.py:78 clicking on login link\nINFO     Test_004_Forgot_Password:test_forgot_password.py:81 clicking on forgot password link\nINFO     Test_004_Forgot_Password:test_forgot_password.py:82 ************ Verifying Test Forgot Password 003 ************\nINFO     Test_004_Forgot_Password:test_forgot_password.py:85 E-Mail Address\nINFO     Test_004_Forgot_Password:test_forgot_password.py:87 *********** Test Forgot Password 003 Passed *************\nINFO     Test_004_Forgot_Password:test_forgot_password.py:93 ************** End of Test Forgot Password 003 ********************\n\n---------------------------- Captured log teardown -----------------------------\nWARNING  urllib3.connectionpool:connectionpool.py:868 Retrying (Retry(total=2, connect=None, read=None, redirect=None, status=None)) after connection broken by &amp;#x27;NewConnectionError(&amp;#x27;&amp;lt;urllib3.connection.HTTPConnection object at 0x000001FF3769BF00&amp;gt;: Failed to establish a new connection: [WinError 10061] No connection could be made because the target machine actively refused it&amp;#x27;)&amp;#x27;: /session/ebc6c6f233f2e66506f18ccb51dd5a60\nWARNING  urllib3.connectionpool:connectionpool.py:868 Retrying (Retry(total=1, connect=None, read=None, redirect=None, status=None)) after connection broken by &amp;#x27;NewConnectionError(&amp;#x27;&amp;lt;urllib3.connection.HTTPConnection object at 0x000001FF3798C270&amp;gt;: Failed to establish a new connection: [WinError 10061] No connection could be made because the target machine actively refused it&amp;#x27;)&amp;#x27;: /session/ebc6c6f233f2e66506f18ccb51dd5a60\nWARNING  urllib3.connectionpool:connectionpool.py:868 Retrying (Retry(total=0, connect=None, read=None, redirect=None, status=None)) after connection broken by &amp;#x27;NewConnectionError(&amp;#x27;&amp;lt;urllib3.connection.HTTPConnection object at 0x000001FF3798C6B0&amp;gt;: Failed to establish a new connection: [WinError 10061] No connection could be made because the target machine actively refused it&amp;#x27;)&amp;#x27;: /session/ebc6c6f233f2e66506f18ccb51dd5a60&#34;}], &#34;test_product_compare.py::Test_006_Product_Compare::test_product_compare_001&#34;: [{&#34;extras&#34;: [{&#34;name&#34;: &#34;URL&#34;, &#34;format_type&#34;: &#34;url&#34;, &#34;content&#34;: &#34;http://www.example.com/&#34;, &#34;mime_type&#34;: null, &#34;extension&#34;: null}], &#34;result&#34;: &#34;Passed&#34;, &#34;testId&#34;: &#34;test_product_compare.py::Test_006_Product_Compare::test_product_compare_001&#34;, &#34;duration&#34;: &#34;00:00:26&#34;, &#34;resultsTableRow&#34;: [&#34;&lt;td class=\&#34;col-result\&#34;&gt;Passed&lt;/td&gt;&#34;, &#34;&lt;td class=\&#34;col-testId\&#34;&gt;test_product_compare.py::Test_006_Product_Compare::test_product_compare_001&lt;/td&gt;&#34;, &#34;&lt;td class=\&#34;col-duration\&#34;&gt;00:00:26&lt;/td&gt;&#34;, &#34;&lt;td class=\&#34;col-links\&#34;&gt;&lt;a target=\&#34;_blank\&#34; href=\&#34;http://www.example.com/\&#34; class=\&#34;col-links__extra url\&#34;&gt;URL&lt;/a&gt;&lt;/td&gt;&#34;], &#34;log&#34;: &#34;[gw0] win32 -- Python 3.13.1 C:\\Users\\lukesh ade\\Credence Testing 8\\Credence Testing 21 new batch\\AutomationProject\\TutorialsNinjaWebApplication\\.venv\\Scripts\\python.exe\n\n------------------------------ Captured log call -------------------------------\nINFO     Test_006_Product_Compare:test_product_compare.py:21 ***************** Test Product Compare 001 Is Start *****************\nINFO     Test_006_Product_Compare:test_product_compare.py:23 Navigating to the url\nINFO     Test_006_Product_Compare:test_product_compare.py:26 Entering iMac product for search\nINFO     Test_006_Product_Compare:test_product_compare.py:28 clicking on search button\nINFO     Test_006_Product_Compare:test_product_compare.py:31 Clicking on the Product displayed in the Search results\nINFO     Test_006_Product_Compare:test_product_compare.py:32 *************** Verifying Test Product Compare 001 ****************\nINFO     Test_006_Product_Compare:test_product_compare.py:37 clicking on compare this product option\nINFO     Test_006_Product_Compare:test_product_compare.py:40 clicking on product comparison link\nINFO     Test_006_Product_Compare:test_product_compare.py:43 *********** Test Product Compare 001 is Passed ***********\nINFO     Test_006_Product_Compare:test_product_compare.py:54 ********************* End Test Product Compare 001 *************************\n\n---------------------------- Captured log teardown -----------------------------\nWARNING  urllib3.connectionpool:connectionpool.py:868 Retrying (Retry(total=2, connect=None, read=None, redirect=None, status=None)) after connection broken by &amp;#x27;NewConnectionError(&amp;#x27;&amp;lt;urllib3.connection.HTTPConnection object at 0x000001B6D9418C00&amp;gt;: Failed to establish a new connection: [WinError 10061] No connection could be made because the target machine actively refused it&amp;#x27;)&amp;#x27;: /session/cf1aaf28ce7ab4dd9c160a2fbf11bbbd\nWARNING  urllib3.connectionpool:connectionpool.py:868 Retrying (Retry(total=1, connect=None, read=None, redirect=None, status=None)) after connection broken by &amp;#x27;NewConnectionError(&amp;#x27;&amp;lt;urllib3.connection.HTTPConnection object at 0x000001B6D9418160&amp;gt;: Failed to establish a new connection: [WinError 10061] No connection could be made because the target machine actively refused it&amp;#x27;)&amp;#x27;: /session/cf1aaf28ce7ab4dd9c160a2fbf11bbbd\nWARNING  urllib3.connectionpool:connectionpool.py:868 Retrying (Retry(total=0, connect=None, read=None, redirect=None, status=None)) after connection broken by &amp;#x27;NewConnectionError(&amp;#x27;&amp;lt;urllib3.connection.HTTPConnection object at 0x000001B6D9419040&amp;gt;: Failed to establish a new connection: [WinError 10061] No connection could be made because the target machine actively refused it&amp;#x27;)&amp;#x27;: /session/cf1aaf28ce7ab4dd9c160a2fbf11bbbd&#34;}], &#34;test_product_compare.py::Test_006_Product_Compare::test_product_compare_014&#34;: [{&#34;extras&#34;: [{&#34;name&#34;: &#34;URL&#34;, &#34;format_type&#34;: &#34;url&#34;, &#34;content&#34;: &#34;http://www.example.com/&#34;, &#34;mime_type&#34;: null, &#34;extension&#34;: null}], &#34;result&#34;: &#34;Passed&#34;, &#34;testId&#34;: &#34;test_product_compare.py::Test_006_Product_Compare::test_product_compare_014&#34;, &#34;duration&#34;: &#34;00:00:26&#34;, &#34;resultsTableRow&#34;: [&#34;&lt;td class=\&#34;col-result\&#34;&gt;Passed&lt;/td&gt;&#34;, &#34;&lt;td class=\&#34;col-testId\&#34;&gt;test_product_compare.py::Test_006_Product_Compare::test_product_compare_014&lt;/td&gt;&#34;, &#34;&lt;td class=\&#34;col-duration\&#34;&gt;00:00:26&lt;/td&gt;&#34;, &#34;&lt;td class=\&#34;col-links\&#34;&gt;&lt;a target=\&#34;_blank\&#34; href=\&#34;http://www.example.com/\&#34; class=\&#34;col-links__extra url\&#34;&gt;URL&lt;/a&gt;&lt;/td&gt;&#34;], &#34;log&#34;: &#34;[gw2] win32 -- Python 3.13.1 C:\\Users\\lukesh ade\\Credence Testing 8\\Credence Testing 21 new batch\\AutomationProject\\TutorialsNinjaWebApplication\\.venv\\Scripts\\python.exe\n\n------------------------------ Captured log call -------------------------------\nINFO     Test_006_Product_Compare:test_product_compare.py:470 *************************** Test Product Compare 014 is Start **************************\nINFO     Test_006_Product_Compare:test_product_compare.py:472 Navigating to the base url\nINFO     Test_006_Product_Compare:test_product_compare.py:475 Entering iMac product to search\nINFO     Test_006_Product_Compare:test_product_compare.py:477 Clicking on search button\nINFO     Test_006_Product_Compare:test_product_compare.py:480 Clicking on product displayed in the search result\nINFO     Test_006_Product_Compare:test_product_compare.py:482 Clicking on compare this product option\nINFO     Test_006_Product_Compare:test_product_compare.py:484 Clicking on the product comparison link\nINFO     Test_006_Product_Compare:test_product_compare.py:485 *************************** Verifying Test Product Compare 014 **************************\nINFO     Test_006_Product_Compare:test_product_compare.py:506 ************ Test Product Compare 014 is Passed ***********\nINFO     Test_006_Product_Compare:test_product_compare.py:524 *************************** End Test Product Compare 014 **************************\n\n---------------------------- Captured log teardown -----------------------------\nWARNING  urllib3.connectionpool:connectionpool.py:868 Retrying (Retry(total=2, connect=None, read=None, redirect=None, status=None)) after connection broken by &amp;#x27;NewConnectionError(&amp;#x27;&amp;lt;urllib3.connection.HTTPConnection object at 0x000001CA5B34CD10&amp;gt;: Failed to establish a new connection: [WinError 10061] No connection could be made because the target machine actively refused it&amp;#x27;)&amp;#x27;: /session/3559b5ddfb95fe6921f1133cfdc46e94\nWARNING  urllib3.connectionpool:connectionpool.py:868 Retrying (Retry(total=1, connect=None, read=None, redirect=None, status=None)) after connection broken by &amp;#x27;NewConnectionError(&amp;#x27;&amp;lt;urllib3.connection.HTTPConnection object at 0x000001CA5B34D040&amp;gt;: Failed to establish a new connection: [WinError 10061] No connection could be made because the target machine actively refused it&amp;#x27;)&amp;#x27;: /session/3559b5ddfb95fe6921f1133cfdc46e94\nWARNING  urllib3.connectionpool:connectionpool.py:868 Retrying (Retry(total=0, connect=None, read=None, redirect=None, status=None)) after connection broken by &amp;#x27;NewConnectionError(&amp;#x27;&amp;lt;urllib3.connection.HTTPConnection object at 0x000001CA5B34D370&amp;gt;: Failed to establish a new connection: [WinError 10061] No connection could be made because the target machine actively refused it&amp;#x27;)&amp;#x27;: /session/3559b5ddfb95fe6921f1133cfdc46e94&#34;}], &#34;test_product_compare.py::Test_006_Product_Compare::test_product_compare_006&#34;: [{&#34;extras&#34;: [{&#34;name&#34;: &#34;URL&#34;, &#34;format_type&#34;: &#34;url&#34;, &#34;content&#34;: &#34;http://www.example.com/&#34;, &#34;mime_type&#34;: null, &#34;extension&#34;: null}], &#34;result&#34;: &#34;Passed&#34;, &#34;testId&#34;: &#34;test_product_compare.py::Test_006_Product_Compare::test_product_compare_006&#34;, &#34;duration&#34;: &#34;00:00:25&#34;, &#34;resultsTableRow&#34;: [&#34;&lt;td class=\&#34;col-result\&#34;&gt;Passed&lt;/td&gt;&#34;, &#34;&lt;td class=\&#34;col-testId\&#34;&gt;test_product_compare.py::Test_006_Product_Compare::test_product_compare_006&lt;/td&gt;&#34;, &#34;&lt;td class=\&#34;col-duration\&#34;&gt;00:00:25&lt;/td&gt;&#34;, &#34;&lt;td class=\&#34;col-links\&#34;&gt;&lt;a target=\&#34;_blank\&#34; href=\&#34;http://www.example.com/\&#34; class=\&#34;col-links__extra url\&#34;&gt;URL&lt;/a&gt;&lt;/td&gt;&#34;], &#34;log&#34;: &#34;[gw1] win32 -- Python 3.13.1 C:\\Users\\lukesh ade\\Credence Testing 8\\Credence Testing 21 new batch\\AutomationProject\\TutorialsNinjaWebApplication\\.venv\\Scripts\\python.exe\n\n------------------------------ Captured log call -------------------------------\nINFO     Test_006_Product_Compare:test_product_compare.py:224 ****************** Test Product Compare 006 Is Starting *********************\nINFO     Test_006_Product_Compare:test_product_compare.py:226 Navigating to base url\nINFO     Test_006_Product_Compare:test_product_compare.py:229 Entering iMac product to search\nINFO     Test_006_Product_Compare:test_product_compare.py:231 Clicking on search button\nINFO     Test_006_Product_Compare:test_product_compare.py:234 Click on the iMac Product displayed in the Search results \nINFO     Test_006_Product_Compare:test_product_compare.py:235 *************** Verifying Test Product Compare 006 ****************\nINFO     Test_006_Product_Compare:test_product_compare.py:240 clicking on compare this product option available on the Product that is displayed in the Product Category page\nINFO     Test_006_Product_Compare:test_product_compare.py:244 clicking on product comparison link\nINFO     Test_006_Product_Compare:test_product_compare.py:247 *********** Test Product Compare 006 is Passed ***********\nINFO     Test_006_Product_Compare:test_product_compare.py:261 ********************* End Test Product Compare 006 *************************\n\n---------------------------- Captured log teardown -----------------------------\nWARNING  urllib3.connectionpool:connectionpool.py:868 Retrying (Retry(total=2, connect=None, read=None, redirect=None, status=None)) after connection broken by &amp;#x27;NewConnectionError(&amp;#x27;&amp;lt;urllib3.connection.HTTPConnection object at 0x000001FF3798D9D0&amp;gt;: Failed to establish a new connection: [WinError 10061] No connection could be made because the target machine actively refused it&amp;#x27;)&amp;#x27;: /session/99e8c3db883eff292e8caa6246603721\nWARNING  urllib3.connectionpool:connectionpool.py:868 Retrying (Retry(total=1, connect=None, read=None, redirect=None, status=None)) after connection broken by &amp;#x27;NewConnectionError(&amp;#x27;&amp;lt;urllib3.connection.HTTPConnection object at 0x000001FF3798DD00&amp;gt;: Failed to establish a new connection: [WinError 10061] No connection could be made because the target machine actively refused it&amp;#x27;)&amp;#x27;: /session/99e8c3db883eff292e8caa6246603721\nWARNING  urllib3.connectionpool:connectionpool.py:868 Retrying (Retry(total=0, connect=None, read=None, redirect=None, status=None)) after connection broken by &amp;#x27;NewConnectionError(&amp;#x27;&amp;lt;urllib3.connection.HTTPConnection object at 0x000001FF3798E030&amp;gt;: Failed to establish a new connection: [WinError 10061] No connection could be made because the target machine actively refused it&amp;#x27;)&amp;#x27;: /session/99e8c3db883eff292e8caa6246603721&#34;}], &#34;test_product_compare.py::Test_006_Product_Compare::test_product_compare_002&#34;: [{&#34;extras&#34;: [{&#34;name&#34;: &#34;URL&#34;, &#34;format_type&#34;: &#34;url&#34;, &#34;content&#34;: &#34;http://www.example.com/&#34;, &#34;mime_type&#34;: null, &#34;extension&#34;: null}], &#34;result&#34;: &#34;Passed&#34;, &#34;testId&#34;: &#34;test_product_compare.py::Test_006_Product_Compare::test_product_compare_002&#34;, &#34;duration&#34;: &#34;00:00:25&#34;, &#34;resultsTableRow&#34;: [&#34;&lt;td class=\&#34;col-result\&#34;&gt;Passed&lt;/td&gt;&#34;, &#34;&lt;td class=\&#34;col-testId\&#34;&gt;test_product_compare.py::Test_006_Product_Compare::test_product_compare_002&lt;/td&gt;&#34;, &#34;&lt;td class=\&#34;col-duration\&#34;&gt;00:00:25&lt;/td&gt;&#34;, &#34;&lt;td class=\&#34;col-links\&#34;&gt;&lt;a target=\&#34;_blank\&#34; href=\&#34;http://www.example.com/\&#34; class=\&#34;col-links__extra url\&#34;&gt;URL&lt;/a&gt;&lt;/td&gt;&#34;], &#34;log&#34;: &#34;[gw0] win32 -- Python 3.13.1 C:\\Users\\lukesh ade\\Credence Testing 8\\Credence Testing 21 new batch\\AutomationProject\\TutorialsNinjaWebApplication\\.venv\\Scripts\\python.exe\n\n------------------------------ Captured log call -------------------------------\nINFO     Test_006_Product_Compare:test_product_compare.py:59 ***************** Test Product Compare 002 Is Start *****************\nINFO     Test_006_Product_Compare:test_product_compare.py:61 Navigating to the url\nINFO     Test_006_Product_Compare:test_product_compare.py:64 Entering iMac product for search\nINFO     Test_006_Product_Compare:test_product_compare.py:66 clicking on search button\nINFO     Test_006_Product_Compare:test_product_compare.py:69 Clicking on list view button\nINFO     Test_006_Product_Compare:test_product_compare.py:70 *************** Verifying Test Product Compare 002 ****************\nINFO     Test_006_Product_Compare:test_product_compare.py:76 clicking on compare this product option available on the Product that is displayed in the Search\nINFO     Test_006_Product_Compare:test_product_compare.py:79 clicking on product comparison link\nINFO     Test_006_Product_Compare:test_product_compare.py:85 *********** Test Product Compare 002 is Passed ***********\nINFO     Test_006_Product_Compare:test_product_compare.py:97 ********************* End Test Product Compare 002 *************************\n\n---------------------------- Captured log teardown -----------------------------\nWARNING  urllib3.connectionpool:connectionpool.py:868 Retrying (Retry(total=2, connect=None, read=None, redirect=None, status=None)) after connection broken by &amp;#x27;NewConnectionError(&amp;#x27;&amp;lt;urllib3.connection.HTTPConnection object at 0x000001B6D94196A0&amp;gt;: Failed to establish a new connection: [WinError 10061] No connection could be made because the target machine actively refused it&amp;#x27;)&amp;#x27;: /session/d4cda6f259cbd407128a970a89ccef56\nWARNING  urllib3.connectionpool:connectionpool.py:868 Retrying (Retry(total=1, connect=None, read=None, redirect=None, status=None)) after connection broken by &amp;#x27;NewConnectionError(&amp;#x27;&amp;lt;urllib3.connection.HTTPConnection object at 0x000001B6D9419AE0&amp;gt;: Failed to establish a new connection: [WinError 10061] No connection could be made because the target machine actively refused it&amp;#x27;)&amp;#x27;: /session/d4cda6f259cbd407128a970a89ccef56\nWARNING  urllib3.connectionpool:connectionpool.py:868 Retrying (Retry(total=0, connect=None, read=None, redirect=None, status=None)) after connection broken by &amp;#x27;NewConnectionError(&amp;#x27;&amp;lt;urllib3.connection.HTTPConnection object at 0x000001B6D9419F20&amp;gt;: Failed to establish a new connection: [WinError 10061] No connection could be made because the target machine actively refused it&amp;#x27;)&amp;#x27;: /session/d4cda6f259cbd407128a970a89ccef56&#34;}], &#34;test_product_compare.py::Test_006_Product_Compare::test_product_compare_015&#34;: [{&#34;extras&#34;: [{&#34;name&#34;: &#34;URL&#34;, &#34;format_type&#34;: &#34;url&#34;, &#34;content&#34;: &#34;http://www.example.com/&#34;, &#34;mime_type&#34;: null, &#34;extension&#34;: null}], &#34;result&#34;: &#34;Passed&#34;, &#34;testId&#34;: &#34;test_product_compare.py::Test_006_Product_Compare::test_product_compare_015&#34;, &#34;duration&#34;: &#34;00:00:26&#34;, &#34;resultsTableRow&#34;: [&#34;&lt;td class=\&#34;col-result\&#34;&gt;Passed&lt;/td&gt;&#34;, &#34;&lt;td class=\&#34;col-testId\&#34;&gt;test_product_compare.py::Test_006_Product_Compare::test_product_compare_015&lt;/td&gt;&#34;, &#34;&lt;td class=\&#34;col-duration\&#34;&gt;00:00:26&lt;/td&gt;&#34;, &#34;&lt;td class=\&#34;col-links\&#34;&gt;&lt;a target=\&#34;_blank\&#34; href=\&#34;http://www.example.com/\&#34; class=\&#34;col-links__extra url\&#34;&gt;URL&lt;/a&gt;&lt;/td&gt;&#34;], &#34;log&#34;: &#34;[gw2] win32 -- Python 3.13.1 C:\\Users\\lukesh ade\\Credence Testing 8\\Credence Testing 21 new batch\\AutomationProject\\TutorialsNinjaWebApplication\\.venv\\Scripts\\python.exe\n\n------------------------------ Captured log call -------------------------------\nINFO     Test_006_Product_Compare:test_product_compare.py:529 *************************** Test Product Compare 015 is Start *****************************\nINFO     Test_006_Product_Compare:test_product_compare.py:531 Navigating to the base url\nINFO     Test_006_Product_Compare:test_product_compare.py:534 Entering iMac product to the search\nINFO     Test_006_Product_Compare:test_product_compare.py:536 Clicking on the search button\nINFO     Test_006_Product_Compare:test_product_compare.py:539 Clicking on compare this product option\nINFO     Test_006_Product_Compare:test_product_compare.py:541 Entering iphone product to the search\nINFO     Test_006_Product_Compare:test_product_compare.py:543 Clicking on the search button\nINFO     Test_006_Product_Compare:test_product_compare.py:545 Clicking on compare this product option\nINFO     Test_006_Product_Compare:test_product_compare.py:547 Clicking on the product comparison link\nINFO     Test_006_Product_Compare:test_product_compare.py:549 ************************ Verifying Test Product Compare 015 ************************\nINFO     Test_006_Product_Compare:test_product_compare.py:572 ********* Test Product Compare 015 is Passed *********\nINFO     Test_006_Product_Compare:test_product_compare.py:583 *************************** End Test Product Compare 015 *****************************\n\n---------------------------- Captured log teardown -----------------------------\nWARNING  urllib3.connectionpool:connectionpool.py:868 Retrying (Retry(total=2, connect=None, read=None, redirect=None, status=None)) after connection broken by &amp;#x27;NewConnectionError(&amp;#x27;&amp;lt;urllib3.connection.HTTPConnection object at 0x000001CA5B34D9D0&amp;gt;: Failed to establish a new connection: [WinError 10061] No connection could be made because the target machine actively refused it&amp;#x27;)&amp;#x27;: /session/31950de0c695efe7d4bff0b859054346\nWARNING  urllib3.connectionpool:connectionpool.py:868 Retrying (Retry(total=1, connect=None, read=None, redirect=None, status=None)) after connection broken by &amp;#x27;NewConnectionError(&amp;#x27;&amp;lt;urllib3.connection.HTTPConnection object at 0x000001CA5B34DE10&amp;gt;: Failed to establish a new connection: [WinError 10061] No connection could be made because the target machine actively refused it&amp;#x27;)&amp;#x27;: /session/31950de0c695efe7d4bff0b859054346\nWARNING  urllib3.connectionpool:connectionpool.py:868 Retrying (Retry(total=0, connect=None, read=None, redirect=None, status=None)) after connection broken by &amp;#x27;NewConnectionError(&amp;#x27;&amp;lt;urllib3.connection.HTTPConnection object at 0x000001CA5B04A250&amp;gt;: Failed to establish a new connection: [WinError 10061] No connection could be made because the target machine actively refused it&amp;#x27;)&amp;#x27;: /session/31950de0c695efe7d4bff0b859054346&#34;}], &#34;test_product_compare.py::Test_006_Product_Compare::test_product_compare_007&#34;: [{&#34;extras&#34;: [{&#34;name&#34;: &#34;URL&#34;, &#34;format_type&#34;: &#34;url&#34;, &#34;content&#34;: &#34;http://www.example.com/&#34;, &#34;mime_type&#34;: null, &#34;extension&#34;: null}], &#34;result&#34;: &#34;Passed&#34;, &#34;testId&#34;: &#34;test_product_compare.py::Test_006_Product_Compare::test_product_compare_007&#34;, &#34;duration&#34;: &#34;00:00:26&#34;, &#34;resultsTableRow&#34;: [&#34;&lt;td class=\&#34;col-result\&#34;&gt;Passed&lt;/td&gt;&#34;, &#34;&lt;td class=\&#34;col-testId\&#34;&gt;test_product_compare.py::Test_006_Product_Compare::test_product_compare_007&lt;/td&gt;&#34;, &#34;&lt;td class=\&#34;col-duration\&#34;&gt;00:00:26&lt;/td&gt;&#34;, &#34;&lt;td class=\&#34;col-links\&#34;&gt;&lt;a target=\&#34;_blank\&#34; href=\&#34;http://www.example.com/\&#34; class=\&#34;col-links__extra url\&#34;&gt;URL&lt;/a&gt;&lt;/td&gt;&#34;], &#34;log&#34;: &#34;[gw1] win32 -- Python 3.13.1 C:\\Users\\lukesh ade\\Credence Testing 8\\Credence Testing 21 new batch\\AutomationProject\\TutorialsNinjaWebApplication\\.venv\\Scripts\\python.exe\n\n------------------------------ Captured log call -------------------------------\nINFO     Test_006_Product_Compare:test_product_compare.py:266 ******************* Test Product Compare 007 Is Start ********************\nINFO     Test_006_Product_Compare:test_product_compare.py:268 Navigating to the base url\nINFO     Test_006_Product_Compare:test_product_compare.py:269 *************** Verifying Test Product Compare 007 ****************\nINFO     Test_006_Product_Compare:test_product_compare.py:275 clicking on compare this product option available on the Product that is displayed in the Product Category page\nINFO     Test_006_Product_Compare:test_product_compare.py:280 clicking on product comparison link\nINFO     Test_006_Product_Compare:test_product_compare.py:283 *********** Test Product Compare 007 is Passed ***********\nINFO     Test_006_Product_Compare:test_product_compare.py:297 ********************* End Test Product Compare 007 *************************\n\n---------------------------- Captured log teardown -----------------------------\nWARNING  urllib3.connectionpool:connectionpool.py:868 Retrying (Retry(total=2, connect=None, read=None, redirect=None, status=None)) after connection broken by &amp;#x27;NewConnectionError(&amp;#x27;&amp;lt;urllib3.connection.HTTPConnection object at 0x000001FF3798EBE0&amp;gt;: Failed to establish a new connection: [WinError 10061] No connection could be made because the target machine actively refused it&amp;#x27;)&amp;#x27;: /session/2ad7ea399ebc7a2e922b5325813fe787\nWARNING  urllib3.connectionpool:connectionpool.py:868 Retrying (Retry(total=1, connect=None, read=None, redirect=None, status=None)) after connection broken by &amp;#x27;NewConnectionError(&amp;#x27;&amp;lt;urllib3.connection.HTTPConnection object at 0x000001FF3798EF10&amp;gt;: Failed to establish a new connection: [WinError 10061] No connection could be made because the target machine actively refused it&amp;#x27;)&amp;#x27;: /session/2ad7ea399ebc7a2e922b5325813fe787\nWARNING  urllib3.connectionpool:connectionpool.py:868 Retrying (Retry(total=0, connect=None, read=None, redirect=None, status=None)) after connection broken by &amp;#x27;NewConnectionError(&amp;#x27;&amp;lt;urllib3.connection.HTTPConnection object at 0x000001FF3798F240&amp;gt;: Failed to establish a new connection: [WinError 10061] No connection could be made because the target machine actively refused it&amp;#x27;)&amp;#x27;: /session/2ad7ea399ebc7a2e922b5325813fe787&#34;}], &#34;test_product_compare.py::Test_006_Product_Compare::test_product_compare_003&#34;: [{&#34;extras&#34;: [{&#34;name&#34;: &#34;URL&#34;, &#34;format_type&#34;: &#34;url&#34;, &#34;content&#34;: &#34;http://www.example.com/&#34;, &#34;mime_type&#34;: null, &#34;extension&#34;: null}], &#34;result&#34;: &#34;Passed&#34;, &#34;testId&#34;: &#34;test_product_compare.py::Test_006_Product_Compare::test_product_compare_003&#34;, &#34;duration&#34;: &#34;00:00:28&#34;, &#34;resultsTableRow&#34;: [&#34;&lt;td class=\&#34;col-result\&#34;&gt;Passed&lt;/td&gt;&#34;, &#34;&lt;td class=\&#34;col-testId\&#34;&gt;test_product_compare.py::Test_006_Product_Compare::test_product_compare_003&lt;/td&gt;&#34;, &#34;&lt;td class=\&#34;col-duration\&#34;&gt;00:00:28&lt;/td&gt;&#34;, &#34;&lt;td class=\&#34;col-links\&#34;&gt;&lt;a target=\&#34;_blank\&#34; href=\&#34;http://www.example.com/\&#34; class=\&#34;col-links__extra url\&#34;&gt;URL&lt;/a&gt;&lt;/td&gt;&#34;], &#34;log&#34;: &#34;[gw0] win32 -- Python 3.13.1 C:\\Users\\lukesh ade\\Credence Testing 8\\Credence Testing 21 new batch\\AutomationProject\\TutorialsNinjaWebApplication\\.venv\\Scripts\\python.exe\n\n------------------------------ Captured log call -------------------------------\nINFO     Test_006_Product_Compare:test_product_compare.py:102 ***************** Test Product Compare 003 Is Start *****************\nINFO     Test_006_Product_Compare:test_product_compare.py:104 Navigating to the url\nINFO     Test_006_Product_Compare:test_product_compare.py:107 Entering iMac product for search\nINFO     Test_006_Product_Compare:test_product_compare.py:109 clicking on search button\nINFO     Test_006_Product_Compare:test_product_compare.py:112 Clicking on grid view button\nINFO     Test_006_Product_Compare:test_product_compare.py:113 *************** Verifying Test Product Compare 003 ****************\nINFO     Test_006_Product_Compare:test_product_compare.py:118 clicking on compare this product option available on the Product that is displayed in the Search\nINFO     Test_006_Product_Compare:test_product_compare.py:121 clicking on product comparison link\nINFO     Test_006_Product_Compare:test_product_compare.py:125 *********** Test Product Compare 003 is Passed ***********\nINFO     Test_006_Product_Compare:test_product_compare.py:137 ********************* End Test Product Compare 003 *************************\n\n---------------------------- Captured log teardown -----------------------------\nWARNING  urllib3.connectionpool:connectionpool.py:868 Retrying (Retry(total=2, connect=None, read=None, redirect=None, status=None)) after connection broken by &amp;#x27;NewConnectionError(&amp;#x27;&amp;lt;urllib3.connection.HTTPConnection object at 0x000001B6D9419480&amp;gt;: Failed to establish a new connection: [WinError 10061] No connection could be made because the target machine actively refused it&amp;#x27;)&amp;#x27;: /session/13f4a43784472b314934b574dd007377\nWARNING  urllib3.connectionpool:connectionpool.py:868 Retrying (Retry(total=1, connect=None, read=None, redirect=None, status=None)) after connection broken by &amp;#x27;NewConnectionError(&amp;#x27;&amp;lt;urllib3.connection.HTTPConnection object at 0x000001B6D9418270&amp;gt;: Failed to establish a new connection: [WinError 10061] No connection could be made because the target machine actively refused it&amp;#x27;)&amp;#x27;: /session/13f4a43784472b314934b574dd007377\nWARNING  urllib3.connectionpool:connectionpool.py:868 Retrying (Retry(total=0, connect=None, read=None, redirect=None, status=None)) after connection broken by &amp;#x27;NewConnectionError(&amp;#x27;&amp;lt;urllib3.connection.HTTPConnection object at 0x000001B6D941A140&amp;gt;: Failed to establish a new connection: [WinError 10061] No connection could be made because the target machine actively refused it&amp;#x27;)&amp;#x27;: /session/13f4a43784472b314934b574dd007377&#34;}], &#34;test_product_compare.py::Test_006_Product_Compare::test_product_compare_016&#34;: [{&#34;extras&#34;: [{&#34;name&#34;: &#34;URL&#34;, &#34;format_type&#34;: &#34;url&#34;, &#34;content&#34;: &#34;http://www.example.com/&#34;, &#34;mime_type&#34;: null, &#34;extension&#34;: null}], &#34;result&#34;: &#34;Passed&#34;, &#34;testId&#34;: &#34;test_product_compare.py::Test_006_Product_Compare::test_product_compare_016&#34;, &#34;duration&#34;: &#34;00:00:26&#34;, &#34;resultsTableRow&#34;: [&#34;&lt;td class=\&#34;col-result\&#34;&gt;Passed&lt;/td&gt;&#34;, &#34;&lt;td class=\&#34;col-testId\&#34;&gt;test_product_compare.py::Test_006_Product_Compare::test_product_compare_016&lt;/td&gt;&#34;, &#34;&lt;td class=\&#34;col-duration\&#34;&gt;00:00:26&lt;/td&gt;&#34;, &#34;&lt;td class=\&#34;col-links\&#34;&gt;&lt;a target=\&#34;_blank\&#34; href=\&#34;http://www.example.com/\&#34; class=\&#34;col-links__extra url\&#34;&gt;URL&lt;/a&gt;&lt;/td&gt;&#34;], &#34;log&#34;: &#34;[gw2] win32 -- Python 3.13.1 C:\\Users\\lukesh ade\\Credence Testing 8\\Credence Testing 21 new batch\\AutomationProject\\TutorialsNinjaWebApplication\\.venv\\Scripts\\python.exe\n\n------------------------------ Captured log call -------------------------------\nINFO     Test_006_Product_Compare:test_product_compare.py:588 ************************** Test Product Compare 016 is Start **************************\nINFO     Test_006_Product_Compare:test_product_compare.py:590 Navigating to the base url\nINFO     Test_006_Product_Compare:test_product_compare.py:593 Entering the iMac product to the search\nINFO     Test_006_Product_Compare:test_product_compare.py:595 Clicking on the search button\nINFO     Test_006_Product_Compare:test_product_compare.py:598 Clicking on the compare this product option\nINFO     Test_006_Product_Compare:test_product_compare.py:600 Entering the iMac product to the search\nINFO     Test_006_Product_Compare:test_product_compare.py:602 Clicking on the search button\nINFO     Test_006_Product_Compare:test_product_compare.py:604 Clicking on the compare this product option\nINFO     Test_006_Product_Compare:test_product_compare.py:606 Clicking on the product comparison link\nINFO     Test_006_Product_Compare:test_product_compare.py:607 ************************** Verifying Test Product Compare 016 **************************\nINFO     Test_006_Product_Compare:test_product_compare.py:629 ********* Test Product Compare 016 is Passed *********\nINFO     Test_006_Product_Compare:test_product_compare.py:645 *************************** End Test Product Compare 016 *****************************\n\n---------------------------- Captured log teardown -----------------------------\nWARNING  urllib3.connectionpool:connectionpool.py:868 Retrying (Retry(total=2, connect=None, read=None, redirect=None, status=None)) after connection broken by &amp;#x27;NewConnectionError(&amp;#x27;&amp;lt;urllib3.connection.HTTPConnection object at 0x000001CA5B34CF30&amp;gt;: Failed to establish a new connection: [WinError 10061] No connection could be made because the target machine actively refused it&amp;#x27;)&amp;#x27;: /session/3015311ad37001f5e86a05e1cf06742b\nWARNING  urllib3.connectionpool:connectionpool.py:868 Retrying (Retry(total=1, connect=None, read=None, redirect=None, status=None)) after connection broken by &amp;#x27;NewConnectionError(&amp;#x27;&amp;lt;urllib3.connection.HTTPConnection object at 0x000001CA5B34D480&amp;gt;: Failed to establish a new connection: [WinError 10061] No connection could be made because the target machine actively refused it&amp;#x27;)&amp;#x27;: /session/3015311ad37001f5e86a05e1cf06742b\nWARNING  urllib3.connectionpool:connectionpool.py:868 Retrying (Retry(total=0, connect=None, read=None, redirect=None, status=None)) after connection broken by &amp;#x27;NewConnectionError(&amp;#x27;&amp;lt;urllib3.connection.HTTPConnection object at 0x000001CA5B34CD10&amp;gt;: Failed to establish a new connection: [WinError 10061] No connection could be made because the target machine actively refused it&amp;#x27;)&amp;#x27;: /session/3015311ad37001f5e86a05e1cf06742b&#34;}], &#34;test_product_compare.py::Test_006_Product_Compare::test_product_compare_008&#34;: [{&#34;extras&#34;: [{&#34;name&#34;: &#34;URL&#34;, &#34;format_type&#34;: &#34;url&#34;, &#34;content&#34;: &#34;http://www.example.com/&#34;, &#34;mime_type&#34;: null, &#34;extension&#34;: null}], &#34;result&#34;: &#34;Passed&#34;, &#34;testId&#34;: &#34;test_product_compare.py::Test_006_Product_Compare::test_product_compare_008&#34;, &#34;duration&#34;: &#34;00:00:25&#34;, &#34;resultsTableRow&#34;: [&#34;&lt;td class=\&#34;col-result\&#34;&gt;Passed&lt;/td&gt;&#34;, &#34;&lt;td class=\&#34;col-testId\&#34;&gt;test_product_compare.py::Test_006_Product_Compare::test_product_compare_008&lt;/td&gt;&#34;, &#34;&lt;td class=\&#34;col-duration\&#34;&gt;00:00:25&lt;/td&gt;&#34;, &#34;&lt;td class=\&#34;col-links\&#34;&gt;&lt;a target=\&#34;_blank\&#34; href=\&#34;http://www.example.com/\&#34; class=\&#34;col-links__extra url\&#34;&gt;URL&lt;/a&gt;&lt;/td&gt;&#34;], &#34;log&#34;: &#34;[gw1] win32 -- Python 3.13.1 C:\\Users\\lukesh ade\\Credence Testing 8\\Credence Testing 21 new batch\\AutomationProject\\TutorialsNinjaWebApplication\\.venv\\Scripts\\python.exe\n\n------------------------------ Captured log call -------------------------------\nINFO     Test_006_Product_Compare:test_product_compare.py:302 ******************** Test Product Compare 008 Is Start ********************\nINFO     Test_006_Product_Compare:test_product_compare.py:304 Navigating to the base url\nINFO     Test_006_Product_Compare:test_product_compare.py:307 Entering iMac product to search\nINFO     Test_006_Product_Compare:test_product_compare.py:309 Clicking on search button\nINFO     Test_006_Product_Compare:test_product_compare.py:312 Clicking on product compare link on search result page\nINFO     Test_006_Product_Compare:test_product_compare.py:313 *************** Verifying Test Product Compare 008 ***************\nINFO     Test_006_Product_Compare:test_product_compare.py:316 ************ Test Product Compare 008 Is Passed ***********\nINFO     Test_006_Product_Compare:test_product_compare.py:321 ********************** End of Test Product Compare 008 ***********************\n\n---------------------------- Captured log teardown -----------------------------\nWARNING  urllib3.connectionpool:connectionpool.py:868 Retrying (Retry(total=2, connect=None, read=None, redirect=None, status=None)) after connection broken by &amp;#x27;NewConnectionError(&amp;#x27;&amp;lt;urllib3.connection.HTTPConnection object at 0x000001FF3798FF00&amp;gt;: Failed to establish a new connection: [WinError 10061] No connection could be made because the target machine actively refused it&amp;#x27;)&amp;#x27;: /session/17ae0268fd2c0b8b36094b938b1ae12c\nWARNING  urllib3.connectionpool:connectionpool.py:868 Retrying (Retry(total=1, connect=None, read=None, redirect=None, status=None)) after connection broken by &amp;#x27;NewConnectionError(&amp;#x27;&amp;lt;urllib3.connection.HTTPConnection object at 0x000001FF379B8270&amp;gt;: Failed to establish a new connection: [WinError 10061] No connection could be made because the target machine actively refused it&amp;#x27;)&amp;#x27;: /session/17ae0268fd2c0b8b36094b938b1ae12c\nWARNING  urllib3.connectionpool:connectionpool.py:868 Retrying (Retry(total=0, connect=None, read=None, redirect=None, status=None)) after connection broken by &amp;#x27;NewConnectionError(&amp;#x27;&amp;lt;urllib3.connection.HTTPConnection object at 0x000001FF379B85A0&amp;gt;: Failed to establish a new connection: [WinError 10061] No connection could be made because the target machine actively refused it&amp;#x27;)&amp;#x27;: /session/17ae0268fd2c0b8b36094b938b1ae12c&#34;}], &#34;test_product_compare.py::Test_006_Product_Compare::test_product_compare_004&#34;: [{&#34;extras&#34;: [{&#34;name&#34;: &#34;URL&#34;, &#34;format_type&#34;: &#34;url&#34;, &#34;content&#34;: &#34;http://www.example.com/&#34;, &#34;mime_type&#34;: null, &#34;extension&#34;: null}], &#34;result&#34;: &#34;Passed&#34;, &#34;testId&#34;: &#34;test_product_compare.py::Test_006_Product_Compare::test_product_compare_004&#34;, &#34;duration&#34;: &#34;00:00:28&#34;, &#34;resultsTableRow&#34;: [&#34;&lt;td class=\&#34;col-result\&#34;&gt;Passed&lt;/td&gt;&#34;, &#34;&lt;td class=\&#34;col-testId\&#34;&gt;test_product_compare.py::Test_006_Product_Compare::test_product_compare_004&lt;/td&gt;&#34;, &#34;&lt;td class=\&#34;col-duration\&#34;&gt;00:00:28&lt;/td&gt;&#34;, &#34;&lt;td class=\&#34;col-links\&#34;&gt;&lt;a target=\&#34;_blank\&#34; href=\&#34;http://www.example.com/\&#34; class=\&#34;col-links__extra url\&#34;&gt;URL&lt;/a&gt;&lt;/td&gt;&#34;], &#34;log&#34;: &#34;[gw0] win32 -- Python 3.13.1 C:\\Users\\lukesh ade\\Credence Testing 8\\Credence Testing 21 new batch\\AutomationProject\\TutorialsNinjaWebApplication\\.venv\\Scripts\\python.exe\n\n------------------------------ Captured log call -------------------------------\nINFO     Test_006_Product_Compare:test_product_compare.py:142 ***************** Test Product Compare 004 Is Start *****************\nINFO     Test_006_Product_Compare:test_product_compare.py:144 Navigating to the url\nINFO     Test_006_Product_Compare:test_product_compare.py:148 hovering on desktops option and clicking on show all desktops option\nINFO     Test_006_Product_Compare:test_product_compare.py:150 Clicking on list view button\nINFO     Test_006_Product_Compare:test_product_compare.py:151 *************** Verifying Test Product Compare 004 ****************\nINFO     Test_006_Product_Compare:test_product_compare.py:156 clicking on compare this product option available on the Product that is displayed in the Product Category page\nINFO     Test_006_Product_Compare:test_product_compare.py:160 clicking on product comparison link\nINFO     Test_006_Product_Compare:test_product_compare.py:163 *********** Test Product Compare 004 is Passed ***********\nINFO     Test_006_Product_Compare:test_product_compare.py:177 ********************* End Test Product Compare 004 *************************\n\n---------------------------- Captured log teardown -----------------------------\nWARNING  urllib3.connectionpool:connectionpool.py:868 Retrying (Retry(total=2, connect=None, read=None, redirect=None, status=None)) after connection broken by &amp;#x27;NewConnectionError(&amp;#x27;&amp;lt;urllib3.connection.HTTPConnection object at 0x000001B6D94189E0&amp;gt;: Failed to establish a new connection: [WinError 10061] No connection could be made because the target machine actively refused it&amp;#x27;)&amp;#x27;: /session/cd4042f2a0fc190391d8b76dad95b192\nWARNING  urllib3.connectionpool:connectionpool.py:868 Retrying (Retry(total=1, connect=None, read=None, redirect=None, status=None)) after connection broken by &amp;#x27;NewConnectionError(&amp;#x27;&amp;lt;urllib3.connection.HTTPConnection object at 0x000001B6D941A9C0&amp;gt;: Failed to establish a new connection: [WinError 10061] No connection could be made because the target machine actively refused it&amp;#x27;)&amp;#x27;: /session/cd4042f2a0fc190391d8b76dad95b192\nWARNING  urllib3.connectionpool:connectionpool.py:868 Retrying (Retry(total=0, connect=None, read=None, redirect=None, status=None)) after connection broken by &amp;#x27;NewConnectionError(&amp;#x27;&amp;lt;urllib3.connection.HTTPConnection object at 0x000001B6D941ACF0&amp;gt;: Failed to establish a new connection: [WinError 10061] No connection could be made because the target machine actively refused it&amp;#x27;)&amp;#x27;: /session/cd4042f2a0fc190391d8b76dad95b192&#34;}], &#34;test_product_compare.py::Test_006_Product_Compare::test_product_compare_017&#34;: [{&#34;extras&#34;: [{&#34;name&#34;: &#34;URL&#34;, &#34;format_type&#34;: &#34;url&#34;, &#34;content&#34;: &#34;http://www.example.com/&#34;, &#34;mime_type&#34;: null, &#34;extension&#34;: null}], &#34;result&#34;: &#34;Passed&#34;, &#34;testId&#34;: &#34;test_product_compare.py::Test_006_Product_Compare::test_product_compare_017&#34;, &#34;duration&#34;: &#34;00:00:27&#34;, &#34;resultsTableRow&#34;: [&#34;&lt;td class=\&#34;col-result\&#34;&gt;Passed&lt;/td&gt;&#34;, &#34;&lt;td class=\&#34;col-testId\&#34;&gt;test_product_compare.py::Test_006_Product_Compare::test_product_compare_017&lt;/td&gt;&#34;, &#34;&lt;td class=\&#34;col-duration\&#34;&gt;00:00:27&lt;/td&gt;&#34;, &#34;&lt;td class=\&#34;col-links\&#34;&gt;&lt;a target=\&#34;_blank\&#34; href=\&#34;http://www.example.com/\&#34; class=\&#34;col-links__extra url\&#34;&gt;URL&lt;/a&gt;&lt;/td&gt;&#34;], &#34;log&#34;: &#34;[gw2] win32 -- Python 3.13.1 C:\\Users\\lukesh ade\\Credence Testing 8\\Credence Testing 21 new batch\\AutomationProject\\TutorialsNinjaWebApplication\\.venv\\Scripts\\python.exe\n\n------------------------------ Captured log call -------------------------------\nINFO     Test_006_Product_Compare:test_product_compare.py:650 ***************************** Test Product Compare 017 is Start ***************************\nINFO     Test_006_Product_Compare:test_product_compare.py:652 Navigating to the base url\nINFO     Test_006_Product_Compare:test_product_compare.py:655 Entering iMac product to the search\nINFO     Test_006_Product_Compare:test_product_compare.py:657 Clicking on the search button\nINFO     Test_006_Product_Compare:test_product_compare.py:660 Clicking on the compare this option\nINFO     Test_006_Product_Compare:test_product_compare.py:662 Entering iMac product to the search\nINFO     Test_006_Product_Compare:test_product_compare.py:664 Clicking on the search button\nINFO     Test_006_Product_Compare:test_product_compare.py:666 Clicking on the compare this option\nINFO     Test_006_Product_Compare:test_product_compare.py:668 Entering iMac product to the search\nINFO     Test_006_Product_Compare:test_product_compare.py:670 Clicking on the search button\nINFO     Test_006_Product_Compare:test_product_compare.py:672 Clicking on the compare this option\nINFO     Test_006_Product_Compare:test_product_compare.py:674 Clicking on the product comparison link\nINFO     Test_006_Product_Compare:test_product_compare.py:675 ***************************** Verifying Test Product Compare 017 ***************************\nINFO     Test_006_Product_Compare:test_product_compare.py:699 ********* Test Product Compare 017 is Passed *********\nINFO     Test_006_Product_Compare:test_product_compare.py:715 *************************** End Test Product Compare 017 *****************************\n\n---------------------------- Captured log teardown -----------------------------\nWARNING  urllib3.connectionpool:connectionpool.py:868 Retrying (Retry(total=2, connect=None, read=None, redirect=None, status=None)) after connection broken by &amp;#x27;NewConnectionError(&amp;#x27;&amp;lt;urllib3.connection.HTTPConnection object at 0x000001CA5B34E7A0&amp;gt;: Failed to establish a new connection: [WinError 10061] No connection could be made because the target machine actively refused it&amp;#x27;)&amp;#x27;: /session/6f9614491e635e64e3a5602c1d921188\nWARNING  urllib3.connectionpool:connectionpool.py:868 Retrying (Retry(total=1, connect=None, read=None, redirect=None, status=None)) after connection broken by &amp;#x27;NewConnectionError(&amp;#x27;&amp;lt;urllib3.connection.HTTPConnection object at 0x000001CA5B34EAD0&amp;gt;: Failed to establish a new connection: [WinError 10061] No connection could be made because the target machine actively refused it&amp;#x27;)&amp;#x27;: /session/6f9614491e635e64e3a5602c1d921188\nWARNING  urllib3.connectionpool:connectionpool.py:868 Retrying (Retry(total=0, connect=None, read=None, redirect=None, status=None)) after connection broken by &amp;#x27;NewConnectionError(&amp;#x27;&amp;lt;urllib3.connection.HTTPConnection object at 0x000001CA5B34EE00&amp;gt;: Failed to establish a new connection: [WinError 10061] No connection could be made because the target machine actively refused it&amp;#x27;)&amp;#x27;: /session/6f9614491e635e64e3a5602c1d921188&#34;}], &#34;test_product_compare.py::Test_006_Product_Compare::test_product_compare_009&#34;: [{&#34;extras&#34;: [{&#34;name&#34;: &#34;URL&#34;, &#34;format_type&#34;: &#34;url&#34;, &#34;content&#34;: &#34;http://www.example.com/&#34;, &#34;mime_type&#34;: null, &#34;extension&#34;: null}], &#34;result&#34;: &#34;Passed&#34;, &#34;testId&#34;: &#34;test_product_compare.py::Test_006_Product_Compare::test_product_compare_009&#34;, &#34;duration&#34;: &#34;00:00:25&#34;, &#34;resultsTableRow&#34;: [&#34;&lt;td class=\&#34;col-result\&#34;&gt;Passed&lt;/td&gt;&#34;, &#34;&lt;td class=\&#34;col-testId\&#34;&gt;test_product_compare.py::Test_006_Product_Compare::test_product_compare_009&lt;/td&gt;&#34;, &#34;&lt;td class=\&#34;col-duration\&#34;&gt;00:00:25&lt;/td&gt;&#34;, &#34;&lt;td class=\&#34;col-links\&#34;&gt;&lt;a target=\&#34;_blank\&#34; href=\&#34;http://www.example.com/\&#34; class=\&#34;col-links__extra url\&#34;&gt;URL&lt;/a&gt;&lt;/td&gt;&#34;], &#34;log&#34;: &#34;[gw1] win32 -- Python 3.13.1 C:\\Users\\lukesh ade\\Credence Testing 8\\Credence Testing 21 new batch\\AutomationProject\\TutorialsNinjaWebApplication\\.venv\\Scripts\\python.exe\n\n------------------------------ Captured log call -------------------------------\nINFO     Test_006_Product_Compare:test_product_compare.py:326 ******************** Test Product Compare 009 Is Start ********************\nINFO     Test_006_Product_Compare:test_product_compare.py:328 Navigating to the base url\nINFO     Test_006_Product_Compare:test_product_compare.py:333 Hovering mouse on desktop option and Clicking on show all desktop option\nINFO     Test_006_Product_Compare:test_product_compare.py:335 Clicking on product compare link on search result page\nINFO     Test_006_Product_Compare:test_product_compare.py:336 ******************* Verifying Test Product Compare 009 *********************\nINFO     Test_006_Product_Compare:test_product_compare.py:339 *********** Test Product Compare 009 Is Passed ***********\nINFO     Test_006_Product_Compare:test_product_compare.py:344 *********************** End Of Test Product Compare 009 *************************\n\n---------------------------- Captured log teardown -----------------------------\nWARNING  urllib3.connectionpool:connectionpool.py:868 Retrying (Retry(total=2, connect=None, read=None, redirect=None, status=None)) after connection broken by &amp;#x27;NewConnectionError(&amp;#x27;&amp;lt;urllib3.connection.HTTPConnection object at 0x000001FF3798F350&amp;gt;: Failed to establish a new connection: [WinError 10061] No connection could be made because the target machine actively refused it&amp;#x27;)&amp;#x27;: /session/f4811ee87c8f313bf67e1378e62b50fb\nWARNING  urllib3.connectionpool:connectionpool.py:868 Retrying (Retry(total=1, connect=None, read=None, redirect=None, status=None)) after connection broken by &amp;#x27;NewConnectionError(&amp;#x27;&amp;lt;urllib3.connection.HTTPConnection object at 0x000001FF3798EBE0&amp;gt;: Failed to establish a new connection: [WinError 10061] No connection could be made because the target machine actively refused it&amp;#x27;)&amp;#x27;: /session/f4811ee87c8f313bf67e1378e62b50fb\nWARNING  urllib3.connectionpool:connectionpool.py:868 Retrying (Retry(total=0, connect=None, read=None, redirect=None, status=None)) after connection broken by &amp;#x27;NewConnectionError(&amp;#x27;&amp;lt;urllib3.connection.HTTPConnection object at 0x000001FF3798E7A0&amp;gt;: Failed to establish a new connection: [WinError 10061] No connection could be made because the target machine actively refused it&amp;#x27;)&amp;#x27;: /session/f4811ee87c8f313bf67e1378e62b50fb&#34;}], &#34;test_product_compare.py::Test_006_Product_Compare::test_product_compare_005&#34;: [{&#34;extras&#34;: [{&#34;name&#34;: &#34;URL&#34;, &#34;format_type&#34;: &#34;url&#34;, &#34;content&#34;: &#34;http://www.example.com/&#34;, &#34;mime_type&#34;: null, &#34;extension&#34;: null}], &#34;result&#34;: &#34;Passed&#34;, &#34;testId&#34;: &#34;test_product_compare.py::Test_006_Product_Compare::test_product_compare_005&#34;, &#34;duration&#34;: &#34;00:00:26&#34;, &#34;resultsTableRow&#34;: [&#34;&lt;td class=\&#34;col-result\&#34;&gt;Passed&lt;/td&gt;&#34;, &#34;&lt;td class=\&#34;col-testId\&#34;&gt;test_product_compare.py::Test_006_Product_Compare::test_product_compare_005&lt;/td&gt;&#34;, &#34;&lt;td class=\&#34;col-duration\&#34;&gt;00:00:26&lt;/td&gt;&#34;, &#34;&lt;td class=\&#34;col-links\&#34;&gt;&lt;a target=\&#34;_blank\&#34; href=\&#34;http://www.example.com/\&#34; class=\&#34;col-links__extra url\&#34;&gt;URL&lt;/a&gt;&lt;/td&gt;&#34;], &#34;log&#34;: &#34;[gw0] win32 -- Python 3.13.1 C:\\Users\\lukesh ade\\Credence Testing 8\\Credence Testing 21 new batch\\AutomationProject\\TutorialsNinjaWebApplication\\.venv\\Scripts\\python.exe\n\n------------------------------ Captured log call -------------------------------\nINFO     Test_006_Product_Compare:test_product_compare.py:182 ***************** Test Product Compare 005 Is Start *****************\nINFO     Test_006_Product_Compare:test_product_compare.py:184 Navigating to the url\nINFO     Test_006_Product_Compare:test_product_compare.py:189 hovering on desktops option and clicking on show all desktops option\nINFO     Test_006_Product_Compare:test_product_compare.py:191 Clicking on grid view button\nINFO     Test_006_Product_Compare:test_product_compare.py:192 *************** Verifying Test Product Compare 005 ****************\nINFO     Test_006_Product_Compare:test_product_compare.py:197 clicking on compare this product option available on the Product that is displayed in the Product Category page\nINFO     Test_006_Product_Compare:test_product_compare.py:202 clicking on product comparison link\nINFO     Test_006_Product_Compare:test_product_compare.py:205 *********** Test Product Compare 005 is Passed ***********\nINFO     Test_006_Product_Compare:test_product_compare.py:219 ********************* End Test Product Compare 005 *************************\n\n---------------------------- Captured log teardown -----------------------------\nWARNING  urllib3.connectionpool:connectionpool.py:868 Retrying (Retry(total=2, connect=None, read=None, redirect=None, status=None)) after connection broken by &amp;#x27;NewConnectionError(&amp;#x27;&amp;lt;urllib3.connection.HTTPConnection object at 0x000001B6D9418D10&amp;gt;: Failed to establish a new connection: [WinError 10061] No connection could be made because the target machine actively refused it&amp;#x27;)&amp;#x27;: /session/9101004a90a7720679fc072898c64fe8\nWARNING  urllib3.connectionpool:connectionpool.py:868 Retrying (Retry(total=1, connect=None, read=None, redirect=None, status=None)) after connection broken by &amp;#x27;NewConnectionError(&amp;#x27;&amp;lt;urllib3.connection.HTTPConnection object at 0x000001B6D941B680&amp;gt;: Failed to establish a new connection: [WinError 10061] No connection could be made because the target machine actively refused it&amp;#x27;)&amp;#x27;: /session/9101004a90a7720679fc072898c64fe8\nWARNING  urllib3.connectionpool:connectionpool.py:868 Retrying (Retry(total=0, connect=None, read=None, redirect=None, status=None)) after connection broken by &amp;#x27;NewConnectionError(&amp;#x27;&amp;lt;urllib3.connection.HTTPConnection object at 0x000001B6D941B9B0&amp;gt;: Failed to establish a new connection: [WinError 10061] No connection could be made because the target machine actively refused it&amp;#x27;)&amp;#x27;: /session/9101004a90a7720679fc072898c64fe8&#34;}], &#34;test_product_compare.py::Test_006_Product_Compare::test_product_compare_010&#34;: [{&#34;extras&#34;: [{&#34;name&#34;: &#34;URL&#34;, &#34;format_type&#34;: &#34;url&#34;, &#34;content&#34;: &#34;http://www.example.com/&#34;, &#34;mime_type&#34;: null, &#34;extension&#34;: null}], &#34;result&#34;: &#34;Passed&#34;, &#34;testId&#34;: &#34;test_product_compare.py::Test_006_Product_Compare::test_product_compare_010&#34;, &#34;duration&#34;: &#34;00:00:26&#34;, &#34;resultsTableRow&#34;: [&#34;&lt;td class=\&#34;col-result\&#34;&gt;Passed&lt;/td&gt;&#34;, &#34;&lt;td class=\&#34;col-testId\&#34;&gt;test_product_compare.py::Test_006_Product_Compare::test_product_compare_010&lt;/td&gt;&#34;, &#34;&lt;td class=\&#34;col-duration\&#34;&gt;00:00:26&lt;/td&gt;&#34;, &#34;&lt;td class=\&#34;col-links\&#34;&gt;&lt;a target=\&#34;_blank\&#34; href=\&#34;http://www.example.com/\&#34; class=\&#34;col-links__extra url\&#34;&gt;URL&lt;/a&gt;&lt;/td&gt;&#34;], &#34;log&#34;: &#34;[gw1] win32 -- Python 3.13.1 C:\\Users\\lukesh ade\\Credence Testing 8\\Credence Testing 21 new batch\\AutomationProject\\TutorialsNinjaWebApplication\\.venv\\Scripts\\python.exe\n\n------------------------------ Captured log call -------------------------------\nINFO     Test_006_Product_Compare:test_product_compare.py:349 ******************** Test Product Compare 010 Is Start ********************\nINFO     Test_006_Product_Compare:test_product_compare.py:351 Navigating to the base url\nINFO     Test_006_Product_Compare:test_product_compare.py:356 Hovering mouse on desktop option and Clicking on show all desktop option\nINFO     Test_006_Product_Compare:test_product_compare.py:358 Clicking on product compare link on search result page\nINFO     Test_006_Product_Compare:test_product_compare.py:359 ******************* Verifying Test Product Compare 010 *********************\nINFO     Test_006_Product_Compare:test_product_compare.py:363 ********** Test Product Compare 010 is Passed **********\nINFO     Test_006_Product_Compare:test_product_compare.py:368 ******************** End Test Product Compare 010 ************************\n\n---------------------------- Captured log teardown -----------------------------\nWARNING  urllib3.connectionpool:connectionpool.py:868 Retrying (Retry(total=2, connect=None, read=None, redirect=None, status=None)) after connection broken by &amp;#x27;NewConnectionError(&amp;#x27;&amp;lt;urllib3.connection.HTTPConnection object at 0x000001FF3798FDF0&amp;gt;: Failed to establish a new connection: [WinError 10061] No connection could be made because the target machine actively refused it&amp;#x27;)&amp;#x27;: /session/2c9aff43ea160979bb7d711b04665849\nWARNING  urllib3.connectionpool:connectionpool.py:868 Retrying (Retry(total=1, connect=None, read=None, redirect=None, status=None)) after connection broken by &amp;#x27;NewConnectionError(&amp;#x27;&amp;lt;urllib3.connection.HTTPConnection object at 0x000001FF3798CD10&amp;gt;: Failed to establish a new connection: [WinError 10061] No connection could be made because the target machine actively refused it&amp;#x27;)&amp;#x27;: /session/2c9aff43ea160979bb7d711b04665849\nWARNING  urllib3.connectionpool:connectionpool.py:868 Retrying (Retry(total=0, connect=None, read=None, redirect=None, status=None)) after connection broken by &amp;#x27;NewConnectionError(&amp;#x27;&amp;lt;urllib3.connection.HTTPConnection object at 0x000001FF3798C8D0&amp;gt;: Failed to establish a new connection: [WinError 10061] No connection could be made because the target machine actively refused it&amp;#x27;)&amp;#x27;: /session/2c9aff43ea160979bb7d711b04665849&#34;}], &#34;test_product_compare.py::Test_006_Product_Compare::test_product_compare_018&#34;: [{&#34;extras&#34;: [{&#34;name&#34;: &#34;URL&#34;, &#34;format_type&#34;: &#34;url&#34;, &#34;content&#34;: &#34;http://www.example.com/&#34;, &#34;mime_type&#34;: null, &#34;extension&#34;: null}], &#34;result&#34;: &#34;Passed&#34;, &#34;testId&#34;: &#34;test_product_compare.py::Test_006_Product_Compare::test_product_compare_018&#34;, &#34;duration&#34;: &#34;00:00:28&#34;, &#34;resultsTableRow&#34;: [&#34;&lt;td class=\&#34;col-result\&#34;&gt;Passed&lt;/td&gt;&#34;, &#34;&lt;td class=\&#34;col-testId\&#34;&gt;test_product_compare.py::Test_006_Product_Compare::test_product_compare_018&lt;/td&gt;&#34;, &#34;&lt;td class=\&#34;col-duration\&#34;&gt;00:00:28&lt;/td&gt;&#34;, &#34;&lt;td class=\&#34;col-links\&#34;&gt;&lt;a target=\&#34;_blank\&#34; href=\&#34;http://www.example.com/\&#34; class=\&#34;col-links__extra url\&#34;&gt;URL&lt;/a&gt;&lt;/td&gt;&#34;], &#34;log&#34;: &#34;[gw2] win32 -- Python 3.13.1 C:\\Users\\lukesh ade\\Credence Testing 8\\Credence Testing 21 new batch\\AutomationProject\\TutorialsNinjaWebApplication\\.venv\\Scripts\\python.exe\n\n------------------------------ Captured log call -------------------------------\nINFO     Test_006_Product_Compare:test_product_compare.py:720 ***************************** Test Product Compare 018 is Start ***************************\nINFO     Test_006_Product_Compare:test_product_compare.py:722 Navigating to the base url\nINFO     Test_006_Product_Compare:test_product_compare.py:725 Entering iMac product to the search\nINFO     Test_006_Product_Compare:test_product_compare.py:727 Clicking on the search button\nINFO     Test_006_Product_Compare:test_product_compare.py:730 Clicking on the compare this option\nINFO     Test_006_Product_Compare:test_product_compare.py:732 Entering iphone product to the search\nINFO     Test_006_Product_Compare:test_product_compare.py:734 Clicking on the search button\nINFO     Test_006_Product_Compare:test_product_compare.py:736 Clicking on the compare this option\nINFO     Test_006_Product_Compare:test_product_compare.py:738 Entering MacBook Air product to the search\nINFO     Test_006_Product_Compare:test_product_compare.py:740 Clicking on the search button\nINFO     Test_006_Product_Compare:test_product_compare.py:742 Clicking on the compare this option\nINFO     Test_006_Product_Compare:test_product_compare.py:744 Entering MacBook product to the search\nINFO     Test_006_Product_Compare:test_product_compare.py:746 Clicking on the search button\nINFO     Test_006_Product_Compare:test_product_compare.py:748 Clicking on the compare this option\nINFO     Test_006_Product_Compare:test_product_compare.py:750 Clicking on the product comparison link\nINFO     Test_006_Product_Compare:test_product_compare.py:751 ***************************** Verifying Test Product Compare 018 ***************************\nINFO     Test_006_Product_Compare:test_product_compare.py:777 ********* Test Product Compare 018 is Passed *********\nINFO     Test_006_Product_Compare:test_product_compare.py:793 *************************** End Test Product Compare 018 *****************************\n\n---------------------------- Captured log teardown -----------------------------\nWARNING  urllib3.connectionpool:connectionpool.py:868 Retrying (Retry(total=2, connect=None, read=None, redirect=None, status=None)) after connection broken by &amp;#x27;NewConnectionError(&amp;#x27;&amp;lt;urllib3.connection.HTTPConnection object at 0x000001CA5B34F790&amp;gt;: Failed to establish a new connection: [WinError 10061] No connection could be made because the target machine actively refused it&amp;#x27;)&amp;#x27;: /session/81a93d0ecce361217cba8746077d4e99\nWARNING  urllib3.connectionpool:connectionpool.py:868 Retrying (Retry(total=1, connect=None, read=None, redirect=None, status=None)) after connection broken by &amp;#x27;NewConnectionError(&amp;#x27;&amp;lt;urllib3.connection.HTTPConnection object at 0x000001CA5B34FAC0&amp;gt;: Failed to establish a new connection: [WinError 10061] No connection could be made because the target machine actively refused it&amp;#x27;)&amp;#x27;: /session/81a93d0ecce361217cba8746077d4e99\nWARNING  urllib3.connectionpool:connectionpool.py:868 Retrying (Retry(total=0, connect=None, read=None, redirect=None, status=None)) after connection broken by &amp;#x27;NewConnectionError(&amp;#x27;&amp;lt;urllib3.connection.HTTPConnection object at 0x000001CA5B34FDF0&amp;gt;: Failed to establish a new connection: [WinError 10061] No connection could be made because the target machine actively refused it&amp;#x27;)&amp;#x27;: /session/81a93d0ecce361217cba8746077d4e99&#34;}], &#34;test_product_compare.py::Test_006_Product_Compare::test_product_compare_021&#34;: [{&#34;extras&#34;: [{&#34;name&#34;: &#34;URL&#34;, &#34;format_type&#34;: &#34;url&#34;, &#34;content&#34;: &#34;http://www.example.com/&#34;, &#34;mime_type&#34;: null, &#34;extension&#34;: null}], &#34;result&#34;: &#34;Passed&#34;, &#34;testId&#34;: &#34;test_product_compare.py::Test_006_Product_Compare::test_product_compare_021&#34;, &#34;duration&#34;: &#34;00:00:28&#34;, &#34;resultsTableRow&#34;: [&#34;&lt;td class=\&#34;col-result\&#34;&gt;Passed&lt;/td&gt;&#34;, &#34;&lt;td class=\&#34;col-testId\&#34;&gt;test_product_compare.py::Test_006_Product_Compare::test_product_compare_021&lt;/td&gt;&#34;, &#34;&lt;td class=\&#34;col-duration\&#34;&gt;00:00:28&lt;/td&gt;&#34;, &#34;&lt;td class=\&#34;col-links\&#34;&gt;&lt;a target=\&#34;_blank\&#34; href=\&#34;http://www.example.com/\&#34; class=\&#34;col-links__extra url\&#34;&gt;URL&lt;/a&gt;&lt;/td&gt;&#34;], &#34;log&#34;: &#34;[gw0] win32 -- Python 3.13.1 C:\\Users\\lukesh ade\\Credence Testing 8\\Credence Testing 21 new batch\\AutomationProject\\TutorialsNinjaWebApplication\\.venv\\Scripts\\python.exe\n\n------------------------------ Captured log call -------------------------------\nINFO     Test_006_Product_Compare:test_product_compare.py:938 *************************** Test Product Compare 021 is Start *****************************\nINFO     Test_006_Product_Compare:test_product_compare.py:940 Navigating to the base url\nINFO     Test_006_Product_Compare:test_product_compare.py:943 Entering iMac product to search\nINFO     Test_006_Product_Compare:test_product_compare.py:945 Clicking on search button\nINFO     Test_006_Product_Compare:test_product_compare.py:948 Clicking on compare this product option\nINFO     Test_006_Product_Compare:test_product_compare.py:950 Entering iphone product to the search\nINFO     Test_006_Product_Compare:test_product_compare.py:952 Clicking on the search button\nINFO     Test_006_Product_Compare:test_product_compare.py:954 Clicking on the compare this option\nINFO     Test_006_Product_Compare:test_product_compare.py:956 Entering MacBook Air product to the search\nINFO     Test_006_Product_Compare:test_product_compare.py:958 Clicking on the search button\nINFO     Test_006_Product_Compare:test_product_compare.py:960 Clicking on the compare this option\nINFO     Test_006_Product_Compare:test_product_compare.py:962 Entering MacBook product to the search\nINFO     Test_006_Product_Compare:test_product_compare.py:964 Clicking on the search button\nINFO     Test_006_Product_Compare:test_product_compare.py:966 Clicking on the compare this option\nINFO     Test_006_Product_Compare:test_product_compare.py:968 Clicking on product comparison link\nINFO     Test_006_Product_Compare:test_product_compare.py:969 *************************** Verifying Test Product Compare 021 *****************************\nINFO     Test_006_Product_Compare:test_product_compare.py:971 Title is Passed\nINFO     Test_006_Product_Compare:test_product_compare.py:974 *********** Test Product Compare 021 is Passed ************\nINFO     Test_006_Product_Compare:test_product_compare.py:984 *************************** End Of Test Product Compare 021 *****************************\n\n---------------------------- Captured log teardown -----------------------------\nWARNING  urllib3.connectionpool:connectionpool.py:868 Retrying (Retry(total=2, connect=None, read=None, redirect=None, status=None)) after connection broken by &amp;#x27;NewConnectionError(&amp;#x27;&amp;lt;urllib3.connection.HTTPConnection object at 0x000001B6D9464AF0&amp;gt;: Failed to establish a new connection: [WinError 10061] No connection could be made because the target machine actively refused it&amp;#x27;)&amp;#x27;: /session/a50fef61386b140602d9e2d78bcf1ce9\nWARNING  urllib3.connectionpool:connectionpool.py:868 Retrying (Retry(total=1, connect=None, read=None, redirect=None, status=None)) after connection broken by &amp;#x27;NewConnectionError(&amp;#x27;&amp;lt;urllib3.connection.HTTPConnection object at 0x000001B6D9464E20&amp;gt;: Failed to establish a new connection: [WinError 10061] No connection could be made because the target machine actively refused it&amp;#x27;)&amp;#x27;: /session/a50fef61386b140602d9e2d78bcf1ce9\nWARNING  urllib3.connectionpool:connectionpool.py:868 Retrying (Retry(total=0, connect=None, read=None, redirect=None, status=None)) after connection broken by &amp;#x27;NewConnectionError(&amp;#x27;&amp;lt;urllib3.connection.HTTPConnection object at 0x000001B6D9465150&amp;gt;: Failed to establish a new connection: [WinError 10061] No connection could be made because the target machine actively refused it&amp;#x27;)&amp;#x27;: /session/a50fef61386b140602d9e2d78bcf1ce9&#34;}], &#34;test_product_compare.py::Test_006_Product_Compare::test_product_compare_011&#34;: [{&#34;extras&#34;: [{&#34;name&#34;: &#34;URL&#34;, &#34;format_type&#34;: &#34;url&#34;, &#34;content&#34;: &#34;http://www.example.com/&#34;, &#34;mime_type&#34;: null, &#34;extension&#34;: null}], &#34;result&#34;: &#34;Passed&#34;, &#34;testId&#34;: &#34;test_product_compare.py::Test_006_Product_Compare::test_product_compare_011&#34;, &#34;duration&#34;: &#34;00:00:26&#34;, &#34;resultsTableRow&#34;: [&#34;&lt;td class=\&#34;col-result\&#34;&gt;Passed&lt;/td&gt;&#34;, &#34;&lt;td class=\&#34;col-testId\&#34;&gt;test_product_compare.py::Test_006_Product_Compare::test_product_compare_011&lt;/td&gt;&#34;, &#34;&lt;td class=\&#34;col-duration\&#34;&gt;00:00:26&lt;/td&gt;&#34;, &#34;&lt;td class=\&#34;col-links\&#34;&gt;&lt;a target=\&#34;_blank\&#34; href=\&#34;http://www.example.com/\&#34; class=\&#34;col-links__extra url\&#34;&gt;URL&lt;/a&gt;&lt;/td&gt;&#34;], &#34;log&#34;: &#34;[gw1] win32 -- Python 3.13.1 C:\\Users\\lukesh ade\\Credence Testing 8\\Credence Testing 21 new batch\\AutomationProject\\TutorialsNinjaWebApplication\\.venv\\Scripts\\python.exe\n\n------------------------------ Captured log call -------------------------------\nINFO     Test_006_Product_Compare:test_product_compare.py:373 ************************** Test Product Compare 011 Is Start **************************\nINFO     Test_006_Product_Compare:test_product_compare.py:375 Navigating to the base url\nINFO     Test_006_Product_Compare:test_product_compare.py:380 Hovering on the desktop option and clicking on the show all desktop option\nINFO     Test_006_Product_Compare:test_product_compare.py:382 Clicking on the product compare link on search result page\nINFO     Test_006_Product_Compare:test_product_compare.py:384 Clicking on the Continue button\nINFO     Test_006_Product_Compare:test_product_compare.py:385 ********************** Verifying Test Product Compare 011 **************************\nINFO     Test_006_Product_Compare:test_product_compare.py:388 *********** Test Product Compare 011 Is Passed ***********\nINFO     Test_006_Product_Compare:test_product_compare.py:393 *********************** End Test Product Compare 011 ***********************\n\n---------------------------- Captured log teardown -----------------------------\nWARNING  urllib3.connectionpool:connectionpool.py:868 Retrying (Retry(total=2, connect=None, read=None, redirect=None, status=None)) after connection broken by &amp;#x27;NewConnectionError(&amp;#x27;&amp;lt;urllib3.connection.HTTPConnection object at 0x000001FF3798F790&amp;gt;: Failed to establish a new connection: [WinError 10061] No connection could be made because the target machine actively refused it&amp;#x27;)&amp;#x27;: /session/be5246cbef9b8987d4391a991744164b\nWARNING  urllib3.connectionpool:connectionpool.py:868 Retrying (Retry(total=1, connect=None, read=None, redirect=None, status=None)) after connection broken by &amp;#x27;NewConnectionError(&amp;#x27;&amp;lt;urllib3.connection.HTTPConnection object at 0x000001FF3798F680&amp;gt;: Failed to establish a new connection: [WinError 10061] No connection could be made because the target machine actively refused it&amp;#x27;)&amp;#x27;: /session/be5246cbef9b8987d4391a991744164b\nWARNING  urllib3.connectionpool:connectionpool.py:868 Retrying (Retry(total=0, connect=None, read=None, redirect=None, status=None)) after connection broken by &amp;#x27;NewConnectionError(&amp;#x27;&amp;lt;urllib3.connection.HTTPConnection object at 0x000001FF3769B130&amp;gt;: Failed to establish a new connection: [WinError 10061] No connection could be made because the target machine actively refused it&amp;#x27;)&amp;#x27;: /session/be5246cbef9b8987d4391a991744164b&#34;}], &#34;test_product_compare.py::Test_006_Product_Compare::test_product_compare_019&#34;: [{&#34;extras&#34;: [{&#34;name&#34;: &#34;URL&#34;, &#34;format_type&#34;: &#34;url&#34;, &#34;content&#34;: &#34;http://www.example.com/&#34;, &#34;mime_type&#34;: null, &#34;extension&#34;: null}], &#34;result&#34;: &#34;Passed&#34;, &#34;testId&#34;: &#34;test_product_compare.py::Test_006_Product_Compare::test_product_compare_019&#34;, &#34;duration&#34;: &#34;00:00:28&#34;, &#34;resultsTableRow&#34;: [&#34;&lt;td class=\&#34;col-result\&#34;&gt;Passed&lt;/td&gt;&#34;, &#34;&lt;td class=\&#34;col-testId\&#34;&gt;test_product_compare.py::Test_006_Product_Compare::test_product_compare_019&lt;/td&gt;&#34;, &#34;&lt;td class=\&#34;col-duration\&#34;&gt;00:00:28&lt;/td&gt;&#34;, &#34;&lt;td class=\&#34;col-links\&#34;&gt;&lt;a target=\&#34;_blank\&#34; href=\&#34;http://www.example.com/\&#34; class=\&#34;col-links__extra url\&#34;&gt;URL&lt;/a&gt;&lt;/td&gt;&#34;], &#34;log&#34;: &#34;[gw2] win32 -- Python 3.13.1 C:\\Users\\lukesh ade\\Credence Testing 8\\Credence Testing 21 new batch\\AutomationProject\\TutorialsNinjaWebApplication\\.venv\\Scripts\\python.exe\n\n------------------------------ Captured log call -------------------------------\nINFO     Test_006_Product_Compare:test_product_compare.py:798 ***************************** Test Product Compare 019 is Start ***************************\nINFO     Test_006_Product_Compare:test_product_compare.py:800 Navigating to the base url\nINFO     Test_006_Product_Compare:test_product_compare.py:803 Entering iMac product to the search\nINFO     Test_006_Product_Compare:test_product_compare.py:805 Clicking on the search button\nINFO     Test_006_Product_Compare:test_product_compare.py:808 Clicking on the compare this option\nINFO     Test_006_Product_Compare:test_product_compare.py:810 Entering iphone product to the search\nINFO     Test_006_Product_Compare:test_product_compare.py:812 Clicking on the search button\nINFO     Test_006_Product_Compare:test_product_compare.py:814 Clicking on the compare this option\nINFO     Test_006_Product_Compare:test_product_compare.py:816 Entering MacBook Air product to the search\nINFO     Test_006_Product_Compare:test_product_compare.py:818 Clicking on the search button\nINFO     Test_006_Product_Compare:test_product_compare.py:820 Clicking on the compare this option\nINFO     Test_006_Product_Compare:test_product_compare.py:822 Entering MacBook product to the search\nINFO     Test_006_Product_Compare:test_product_compare.py:824 Clicking on the search button\nINFO     Test_006_Product_Compare:test_product_compare.py:826 Clicking on the compare this option\nINFO     Test_006_Product_Compare:test_product_compare.py:828 Entering MacBook Pro product to the search\nINFO     Test_006_Product_Compare:test_product_compare.py:830 Clicking on the search button\nINFO     Test_006_Product_Compare:test_product_compare.py:832 Clicking on the compare this option\nINFO     Test_006_Product_Compare:test_product_compare.py:834 Clicking on the product comparison link\nINFO     Test_006_Product_Compare:test_product_compare.py:835 ***************************** Verifying Test Product Compare 019 ***************************\nINFO     Test_006_Product_Compare:test_product_compare.py:861 ********* Test Product Compare 019 is Passed *********\nINFO     Test_006_Product_Compare:test_product_compare.py:877 *************************** End Test Product Compare 019 *****************************\n\n---------------------------- Captured log teardown -----------------------------\nWARNING  urllib3.connectionpool:connectionpool.py:868 Retrying (Retry(total=2, connect=None, read=None, redirect=None, status=None)) after connection broken by &amp;#x27;NewConnectionError(&amp;#x27;&amp;lt;urllib3.connection.HTTPConnection object at 0x000001CA5B3907C0&amp;gt;: Failed to establish a new connection: [WinError 10061] No connection could be made because the target machine actively refused it&amp;#x27;)&amp;#x27;: /session/56a8397748a09e6d89d8da5d1d584dc7\nWARNING  urllib3.connectionpool:connectionpool.py:868 Retrying (Retry(total=1, connect=None, read=None, redirect=None, status=None)) after connection broken by &amp;#x27;NewConnectionError(&amp;#x27;&amp;lt;urllib3.connection.HTTPConnection object at 0x000001CA5B390AF0&amp;gt;: Failed to establish a new connection: [WinError 10061] No connection could be made because the target machine actively refused it&amp;#x27;)&amp;#x27;: /session/56a8397748a09e6d89d8da5d1d584dc7\nWARNING  urllib3.connectionpool:connectionpool.py:868 Retrying (Retry(total=0, connect=None, read=None, redirect=None, status=None)) after connection broken by &amp;#x27;NewConnectionError(&amp;#x27;&amp;lt;urllib3.connection.HTTPConnection object at 0x000001CA5B390E20&amp;gt;: Failed to establish a new connection: [WinError 10061] No connection could be made because the target machine actively refused it&amp;#x27;)&amp;#x27;: /session/56a8397748a09e6d89d8da5d1d584dc7&#34;}], &#34;test_product_compare.py::Test_006_Product_Compare::test_product_compare_022&#34;: [{&#34;extras&#34;: [{&#34;name&#34;: &#34;URL&#34;, &#34;format_type&#34;: &#34;url&#34;, &#34;content&#34;: &#34;http://www.example.com/&#34;, &#34;mime_type&#34;: null, &#34;extension&#34;: null}], &#34;result&#34;: &#34;Passed&#34;, &#34;testId&#34;: &#34;test_product_compare.py::Test_006_Product_Compare::test_product_compare_022&#34;, &#34;duration&#34;: &#34;00:00:25&#34;, &#34;resultsTableRow&#34;: [&#34;&lt;td class=\&#34;col-result\&#34;&gt;Passed&lt;/td&gt;&#34;, &#34;&lt;td class=\&#34;col-testId\&#34;&gt;test_product_compare.py::Test_006_Product_Compare::test_product_compare_022&lt;/td&gt;&#34;, &#34;&lt;td class=\&#34;col-duration\&#34;&gt;00:00:25&lt;/td&gt;&#34;, &#34;&lt;td class=\&#34;col-links\&#34;&gt;&lt;a target=\&#34;_blank\&#34; href=\&#34;http://www.example.com/\&#34; class=\&#34;col-links__extra url\&#34;&gt;URL&lt;/a&gt;&lt;/td&gt;&#34;], &#34;log&#34;: &#34;[gw0] win32 -- Python 3.13.1 C:\\Users\\lukesh ade\\Credence Testing 8\\Credence Testing 21 new batch\\AutomationProject\\TutorialsNinjaWebApplication\\.venv\\Scripts\\python.exe\n\n------------------------------ Captured log call -------------------------------\nINFO     Test_006_Product_Compare:test_product_compare.py:989 ********************** Test Product Compare 022 is Start ***********************\nINFO     Test_006_Product_Compare:test_product_compare.py:991 Navigating to the base url\nINFO     Test_006_Product_Compare:test_product_compare.py:994 Entering iMac product to the search\nINFO     Test_006_Product_Compare:test_product_compare.py:996 Clicking on the search button\nINFO     Test_006_Product_Compare:test_product_compare.py:999 Clicking on the compare this product option\nINFO     Test_006_Product_Compare:test_product_compare.py:1001 Clicking on the product comparison link\nINFO     Test_006_Product_Compare:test_product_compare.py:1002 ********************** Verifying Test Product Compare 022 ***********************\nINFO     Test_006_Product_Compare:test_product_compare.py:1008 *********** Test Product Compare 022 is Passed **********\nINFO     Test_006_Product_Compare:test_product_compare.py:1016 ********************** End Of Test Product Compare 022 ***********************\n\n---------------------------- Captured log teardown -----------------------------\nWARNING  urllib3.connectionpool:connectionpool.py:868 Retrying (Retry(total=2, connect=None, read=None, redirect=None, status=None)) after connection broken by &amp;#x27;NewConnectionError(&amp;#x27;&amp;lt;urllib3.connection.HTTPConnection object at 0x000001B6D941BDF0&amp;gt;: Failed to establish a new connection: [WinError 10061] No connection could be made because the target machine actively refused it&amp;#x27;)&amp;#x27;: /session/ff177ed02a4adba700c0bd58819b89a4\nWARNING  urllib3.connectionpool:connectionpool.py:868 Retrying (Retry(total=1, connect=None, read=None, redirect=None, status=None)) after connection broken by &amp;#x27;NewConnectionError(&amp;#x27;&amp;lt;urllib3.connection.HTTPConnection object at 0x000001B6D941B680&amp;gt;: Failed to establish a new connection: [WinError 10061] No connection could be made because the target machine actively refused it&amp;#x27;)&amp;#x27;: /session/ff177ed02a4adba700c0bd58819b89a4\nWARNING  urllib3.connectionpool:connectionpool.py:868 Retrying (Retry(total=0, connect=None, read=None, redirect=None, status=None)) after connection broken by &amp;#x27;NewConnectionError(&amp;#x27;&amp;lt;urllib3.connection.HTTPConnection object at 0x000001B6D941B350&amp;gt;: Failed to establish a new connection: [WinError 10061] No connection could be made because the target machine actively refused it&amp;#x27;)&amp;#x27;: /session/ff177ed02a4adba700c0bd58819b89a4&#34;}], &#34;test_product_compare.py::Test_006_Product_Compare::test_product_compare_012&#34;: [{&#34;extras&#34;: [{&#34;name&#34;: &#34;URL&#34;, &#34;format_type&#34;: &#34;url&#34;, &#34;content&#34;: &#34;http://www.example.com/&#34;, &#34;mime_type&#34;: null, &#34;extension&#34;: null}], &#34;result&#34;: &#34;Passed&#34;, &#34;testId&#34;: &#34;test_product_compare.py::Test_006_Product_Compare::test_product_compare_012&#34;, &#34;duration&#34;: &#34;00:00:25&#34;, &#34;resultsTableRow&#34;: [&#34;&lt;td class=\&#34;col-result\&#34;&gt;Passed&lt;/td&gt;&#34;, &#34;&lt;td class=\&#34;col-testId\&#34;&gt;test_product_compare.py::Test_006_Product_Compare::test_product_compare_012&lt;/td&gt;&#34;, &#34;&lt;td class=\&#34;col-duration\&#34;&gt;00:00:25&lt;/td&gt;&#34;, &#34;&lt;td class=\&#34;col-links\&#34;&gt;&lt;a target=\&#34;_blank\&#34; href=\&#34;http://www.example.com/\&#34; class=\&#34;col-links__extra url\&#34;&gt;URL&lt;/a&gt;&lt;/td&gt;&#34;], &#34;log&#34;: &#34;[gw1] win32 -- Python 3.13.1 C:\\Users\\lukesh ade\\Credence Testing 8\\Credence Testing 21 new batch\\AutomationProject\\TutorialsNinjaWebApplication\\.venv\\Scripts\\python.exe\n\n------------------------------ Captured log call -------------------------------\nINFO     Test_006_Product_Compare:test_product_compare.py:398 ************************ Test Product Compare 012 Is Start **************************\nINFO     Test_006_Product_Compare:test_product_compare.py:400 Navigating to the base url\nINFO     Test_006_Product_Compare:test_product_compare.py:406 Hovering on the desktop option and Clicking on the show all desktop option\nINFO     Test_006_Product_Compare:test_product_compare.py:408 Clicking on the product compare link on the search result page\nINFO     Test_006_Product_Compare:test_product_compare.py:409 ************************* Verifying Test Product Compare 012 ****************************\nINFO     Test_006_Product_Compare:test_product_compare.py:412 Clicking on the home page link available on the breadcrumb\nERROR    Test_006_Product_Compare:test_product_compare.py:416 ********** Test Product Compare 012 Is Passed **********\nINFO     Test_006_Product_Compare:test_product_compare.py:424 ************************ End Of Test Product Compare 012 **************************\n\n---------------------------- Captured log teardown -----------------------------\nWARNING  urllib3.connectionpool:connectionpool.py:868 Retrying (Retry(total=2, connect=None, read=None, redirect=None, status=None)) after connection broken by &amp;#x27;NewConnectionError(&amp;#x27;&amp;lt;urllib3.connection.HTTPConnection object at 0x000001FF3769BF00&amp;gt;: Failed to establish a new connection: [WinError 10061] No connection could be made because the target machine actively refused it&amp;#x27;)&amp;#x27;: /session/bda1cd3c415e26a819ca7fe64cb30e63\nWARNING  urllib3.connectionpool:connectionpool.py:868 Retrying (Retry(total=1, connect=None, read=None, redirect=None, status=None)) after connection broken by &amp;#x27;NewConnectionError(&amp;#x27;&amp;lt;urllib3.connection.HTTPConnection object at 0x000001FF3769AAD0&amp;gt;: Failed to establish a new connection: [WinError 10061] No connection could be made because the target machine actively refused it&amp;#x27;)&amp;#x27;: /session/bda1cd3c415e26a819ca7fe64cb30e63\nWARNING  urllib3.connectionpool:connectionpool.py:868 Retrying (Retry(total=0, connect=None, read=None, redirect=None, status=None)) after connection broken by &amp;#x27;NewConnectionError(&amp;#x27;&amp;lt;urllib3.connection.HTTPConnection object at 0x000001FF3769B570&amp;gt;: Failed to establish a new connection: [WinError 10061] No connection could be made because the target machine actively refused it&amp;#x27;)&amp;#x27;: /session/bda1cd3c415e26a819ca7fe64cb30e63&#34;}], &#34;test_product_compare.py::Test_006_Product_Compare::test_product_compare_020&#34;: [{&#34;extras&#34;: [{&#34;name&#34;: &#34;URL&#34;, &#34;format_type&#34;: &#34;url&#34;, &#34;content&#34;: &#34;http://www.example.com/&#34;, &#34;mime_type&#34;: null, &#34;extension&#34;: null}], &#34;result&#34;: &#34;Passed&#34;, &#34;testId&#34;: &#34;test_product_compare.py::Test_006_Product_Compare::test_product_compare_020&#34;, &#34;duration&#34;: &#34;00:00:27&#34;, &#34;resultsTableRow&#34;: [&#34;&lt;td class=\&#34;col-result\&#34;&gt;Passed&lt;/td&gt;&#34;, &#34;&lt;td class=\&#34;col-testId\&#34;&gt;test_product_compare.py::Test_006_Product_Compare::test_product_compare_020&lt;/td&gt;&#34;, &#34;&lt;td class=\&#34;col-duration\&#34;&gt;00:00:27&lt;/td&gt;&#34;, &#34;&lt;td class=\&#34;col-links\&#34;&gt;&lt;a target=\&#34;_blank\&#34; href=\&#34;http://www.example.com/\&#34; class=\&#34;col-links__extra url\&#34;&gt;URL&lt;/a&gt;&lt;/td&gt;&#34;], &#34;log&#34;: &#34;[gw2] win32 -- Python 3.13.1 C:\\Users\\lukesh ade\\Credence Testing 8\\Credence Testing 21 new batch\\AutomationProject\\TutorialsNinjaWebApplication\\.venv\\Scripts\\python.exe\n\n------------------------------ Captured log call -------------------------------\nINFO     Test_006_Product_Compare:test_product_compare.py:882 *************************** Test Product Compare 020 is Start *****************************\nINFO     Test_006_Product_Compare:test_product_compare.py:884 Navigating to the base url\nINFO     Test_006_Product_Compare:test_product_compare.py:887 Entering iMac product to search\nINFO     Test_006_Product_Compare:test_product_compare.py:889 Clicking on search button\nINFO     Test_006_Product_Compare:test_product_compare.py:892 Clicking on compare this product option\nINFO     Test_006_Product_Compare:test_product_compare.py:894 Entering iphone product to the search\nINFO     Test_006_Product_Compare:test_product_compare.py:896 Clicking on the search button\nINFO     Test_006_Product_Compare:test_product_compare.py:898 Clicking on the compare this option\nINFO     Test_006_Product_Compare:test_product_compare.py:900 Entering MacBook Air product to the search\nINFO     Test_006_Product_Compare:test_product_compare.py:902 Clicking on the search button\nINFO     Test_006_Product_Compare:test_product_compare.py:904 Clicking on the compare this option\nINFO     Test_006_Product_Compare:test_product_compare.py:906 Entering MacBook product to the search\nINFO     Test_006_Product_Compare:test_product_compare.py:908 Clicking on the search button\nINFO     Test_006_Product_Compare:test_product_compare.py:910 Clicking on the compare this option\nINFO     Test_006_Product_Compare:test_product_compare.py:912 Clicking on product comparison link\nINFO     Test_006_Product_Compare:test_product_compare.py:914 Clicking on add to cart button\nINFO     Test_006_Product_Compare:test_product_compare.py:916 Clicking on shopping cart link\nINFO     Test_006_Product_Compare:test_product_compare.py:917 *************************** Verifying Test Product Compare 020 *****************************\nINFO     Test_006_Product_Compare:test_product_compare.py:922 ************ Test Product Compare 020 is Passed *************\nINFO     Test_006_Product_Compare:test_product_compare.py:933 *************************** End Test Product Compare 020 *****************************\n\n---------------------------- Captured log teardown -----------------------------\nWARNING  urllib3.connectionpool:connectionpool.py:868 Retrying (Retry(total=2, connect=None, read=None, redirect=None, status=None)) after connection broken by &amp;#x27;NewConnectionError(&amp;#x27;&amp;lt;urllib3.connection.HTTPConnection object at 0x000001CA5B34EF10&amp;gt;: Failed to establish a new connection: [WinError 10061] No connection could be made because the target machine actively refused it&amp;#x27;)&amp;#x27;: /session/3fd427c31f980bbc4b9913ac6bfcbc03\nWARNING  urllib3.connectionpool:connectionpool.py:868 Retrying (Retry(total=1, connect=None, read=None, redirect=None, status=None)) after connection broken by &amp;#x27;NewConnectionError(&amp;#x27;&amp;lt;urllib3.connection.HTTPConnection object at 0x000001CA5B34E7A0&amp;gt;: Failed to establish a new connection: [WinError 10061] No connection could be made because the target machine actively refused it&amp;#x27;)&amp;#x27;: /session/3fd427c31f980bbc4b9913ac6bfcbc03\nWARNING  urllib3.connectionpool:connectionpool.py:868 Retrying (Retry(total=0, connect=None, read=None, redirect=None, status=None)) after connection broken by &amp;#x27;NewConnectionError(&amp;#x27;&amp;lt;urllib3.connection.HTTPConnection object at 0x000001CA5B34E580&amp;gt;: Failed to establish a new connection: [WinError 10061] No connection could be made because the target machine actively refused it&amp;#x27;)&amp;#x27;: /session/3fd427c31f980bbc4b9913ac6bfcbc03&#34;}], &#34;test_product_compare.py::Test_006_Product_Compare::test_product_compare_023&#34;: [{&#34;extras&#34;: [{&#34;name&#34;: &#34;URL&#34;, &#34;format_type&#34;: &#34;url&#34;, &#34;content&#34;: &#34;http://www.example.com/&#34;, &#34;mime_type&#34;: null, &#34;extension&#34;: null}], &#34;result&#34;: &#34;Passed&#34;, &#34;testId&#34;: &#34;test_product_compare.py::Test_006_Product_Compare::test_product_compare_023&#34;, &#34;duration&#34;: &#34;00:00:27&#34;, &#34;resultsTableRow&#34;: [&#34;&lt;td class=\&#34;col-result\&#34;&gt;Passed&lt;/td&gt;&#34;, &#34;&lt;td class=\&#34;col-testId\&#34;&gt;test_product_compare.py::Test_006_Product_Compare::test_product_compare_023&lt;/td&gt;&#34;, &#34;&lt;td class=\&#34;col-duration\&#34;&gt;00:00:27&lt;/td&gt;&#34;, &#34;&lt;td class=\&#34;col-links\&#34;&gt;&lt;a target=\&#34;_blank\&#34; href=\&#34;http://www.example.com/\&#34; class=\&#34;col-links__extra url\&#34;&gt;URL&lt;/a&gt;&lt;/td&gt;&#34;], &#34;log&#34;: &#34;[gw0] win32 -- Python 3.13.1 C:\\Users\\lukesh ade\\Credence Testing 8\\Credence Testing 21 new batch\\AutomationProject\\TutorialsNinjaWebApplication\\.venv\\Scripts\\python.exe\n\n------------------------------ Captured log call -------------------------------\nINFO     Test_006_Product_Compare:test_product_compare.py:1021 ************************** Test Product Compare 023 is Start *************************\nINFO     Test_006_Product_Compare:test_product_compare.py:1023 Navigating to the base url\nINFO     Test_006_Product_Compare:test_product_compare.py:1026 Entering iMac product to the search box field \nINFO     Test_006_Product_Compare:test_product_compare.py:1028 Clicking on the search button\nINFO     Test_006_Product_Compare:test_product_compare.py:1034 clicking on compare this product option available on the Product that is displayed in the Search result\nINFO     Test_006_Product_Compare:test_product_compare.py:1038 clicking on product comparison link\nINFO     Test_006_Product_Compare:test_product_compare.py:1041 *********** Test Product Compare 023 is Passed ***********\nINFO     Test_006_Product_Compare:test_product_compare.py:1053 ********************* End Test Product Compare 023 *************************\nINFO     Test_006_Product_Compare:test_product_compare.py:1055 ************************** Verifying Test Product Compare 023 *************************\n\n---------------------------- Captured log teardown -----------------------------\nWARNING  urllib3.connectionpool:connectionpool.py:868 Retrying (Retry(total=2, connect=None, read=None, redirect=None, status=None)) after connection broken by &amp;#x27;NewConnectionError(&amp;#x27;&amp;lt;urllib3.connection.HTTPConnection object at 0x000001B6D941BCE0&amp;gt;: Failed to establish a new connection: [WinError 10061] No connection could be made because the target machine actively refused it&amp;#x27;)&amp;#x27;: /session/5884c4dd91d18b0b99069166853b412d\nWARNING  urllib3.connectionpool:connectionpool.py:868 Retrying (Retry(total=1, connect=None, read=None, redirect=None, status=None)) after connection broken by &amp;#x27;NewConnectionError(&amp;#x27;&amp;lt;urllib3.connection.HTTPConnection object at 0x000001B6D941AAD0&amp;gt;: Failed to establish a new connection: [WinError 10061] No connection could be made because the target machine actively refused it&amp;#x27;)&amp;#x27;: /session/5884c4dd91d18b0b99069166853b412d\nWARNING  urllib3.connectionpool:connectionpool.py:868 Retrying (Retry(total=0, connect=None, read=None, redirect=None, status=None)) after connection broken by &amp;#x27;NewConnectionError(&amp;#x27;&amp;lt;urllib3.connection.HTTPConnection object at 0x000001B6D941A690&amp;gt;: Failed to establish a new connection: [WinError 10061] No connection could be made because the target machine actively refused it&amp;#x27;)&amp;#x27;: /session/5884c4dd91d18b0b99069166853b412d&#34;}], &#34;test_product_compare.py::Test_006_Product_Compare::test_product_compare_013&#34;: [{&#34;extras&#34;: [{&#34;name&#34;: &#34;URL&#34;, &#34;format_type&#34;: &#34;url&#34;, &#34;content&#34;: &#34;http://www.example.com/&#34;, &#34;mime_type&#34;: null, &#34;extension&#34;: null}], &#34;result&#34;: &#34;Passed&#34;, &#34;testId&#34;: &#34;test_product_compare.py::Test_006_Product_Compare::test_product_compare_013&#34;, &#34;duration&#34;: &#34;00:00:26&#34;, &#34;resultsTableRow&#34;: [&#34;&lt;td class=\&#34;col-result\&#34;&gt;Passed&lt;/td&gt;&#34;, &#34;&lt;td class=\&#34;col-testId\&#34;&gt;test_product_compare.py::Test_006_Product_Compare::test_product_compare_013&lt;/td&gt;&#34;, &#34;&lt;td class=\&#34;col-duration\&#34;&gt;00:00:26&lt;/td&gt;&#34;, &#34;&lt;td class=\&#34;col-links\&#34;&gt;&lt;a target=\&#34;_blank\&#34; href=\&#34;http://www.example.com/\&#34; class=\&#34;col-links__extra url\&#34;&gt;URL&lt;/a&gt;&lt;/td&gt;&#34;], &#34;log&#34;: &#34;[gw1] win32 -- Python 3.13.1 C:\\Users\\lukesh ade\\Credence Testing 8\\Credence Testing 21 new batch\\AutomationProject\\TutorialsNinjaWebApplication\\.venv\\Scripts\\python.exe\n\n------------------------------ Captured log call -------------------------------\nINFO     Test_006_Product_Compare:test_product_compare.py:429 **************************** Test Product Compare 013 ***************************\nINFO     Test_006_Product_Compare:test_product_compare.py:431 Navigating to the base url\nINFO     Test_006_Product_Compare:test_product_compare.py:434 Entering product iMac to the search\nINFO     Test_006_Product_Compare:test_product_compare.py:436 Clicking on search button\nINFO     Test_006_Product_Compare:test_product_compare.py:439 Clicking on product displayed in the search result\nINFO     Test_006_Product_Compare:test_product_compare.py:441 Clicking on the compare this product option\nINFO     Test_006_Product_Compare:test_product_compare.py:442 ********************** Verifying Test Product Compare 013 ************************\nINFO     Test_006_Product_Compare:test_product_compare.py:448 Clicking on the compare this product option\nINFO     Test_006_Product_Compare:test_product_compare.py:450 Clicking on the product comparison link\nINFO     Test_006_Product_Compare:test_product_compare.py:454 ********** Test Product Compare 013 is Passed *********\nINFO     Test_006_Product_Compare:test_product_compare.py:465 **************************** End Test Product Compare 013 ***************************\n\n---------------------------- Captured log teardown -----------------------------\nWARNING  urllib3.connectionpool:connectionpool.py:868 Retrying (Retry(total=2, connect=None, read=None, redirect=None, status=None)) after connection broken by &amp;#x27;NewConnectionError(&amp;#x27;&amp;lt;urllib3.connection.HTTPConnection object at 0x000001FF3769A140&amp;gt;: Failed to establish a new connection: [WinError 10061] No connection could be made because the target machine actively refused it&amp;#x27;)&amp;#x27;: /session/2b78a2475ab5fb25e5fceb906c94cc8f\nWARNING  urllib3.connectionpool:connectionpool.py:868 Retrying (Retry(total=1, connect=None, read=None, redirect=None, status=None)) after connection broken by &amp;#x27;NewConnectionError(&amp;#x27;&amp;lt;urllib3.connection.HTTPConnection object at 0x000001FF3798F570&amp;gt;: Failed to establish a new connection: [WinError 10061] No connection could be made because the target machine actively refused it&amp;#x27;)&amp;#x27;: /session/2b78a2475ab5fb25e5fceb906c94cc8f\nWARNING  urllib3.connectionpool:connectionpool.py:868 Retrying (Retry(total=0, connect=None, read=None, redirect=None, status=None)) after connection broken by &amp;#x27;NewConnectionError(&amp;#x27;&amp;lt;urllib3.connection.HTTPConnection object at 0x000001FF3798E470&amp;gt;: Failed to establish a new connection: [WinError 10061] No connection could be made because the target machine actively refused it&amp;#x27;)&amp;#x27;: /session/2b78a2475ab5fb25e5fceb906c94cc8f&#34;}], &#34;test_product_compare.py::Test_006_Product_Compare::test_product_compare_024&#34;: [{&#34;extras&#34;: [{&#34;name&#34;: &#34;URL&#34;, &#34;format_type&#34;: &#34;url&#34;, &#34;content&#34;: &#34;http://www.example.com/&#34;, &#34;mime_type&#34;: null, &#34;extension&#34;: null}], &#34;result&#34;: &#34;Passed&#34;, &#34;testId&#34;: &#34;test_product_compare.py::Test_006_Product_Compare::test_product_compare_024&#34;, &#34;duration&#34;: &#34;00:00:03&#34;, &#34;resultsTableRow&#34;: [&#34;&lt;td class=\&#34;col-result\&#34;&gt;Passed&lt;/td&gt;&#34;, &#34;&lt;td class=\&#34;col-testId\&#34;&gt;test_product_compare.py::Test_006_Product_Compare::test_product_compare_024&lt;/td&gt;&#34;, &#34;&lt;td class=\&#34;col-duration\&#34;&gt;00:00:03&lt;/td&gt;&#34;, &#34;&lt;td class=\&#34;col-links\&#34;&gt;&lt;a target=\&#34;_blank\&#34; href=\&#34;http://www.example.com/\&#34; class=\&#34;col-links__extra url\&#34;&gt;URL&lt;/a&gt;&lt;/td&gt;&#34;], &#34;log&#34;: &#34;[gw0] win32 -- Python 3.13.1 C:\\Users\\lukesh ade\\Credence Testing 8\\Credence Testing 21 new batch\\AutomationProject\\TutorialsNinjaWebApplication\\.venv\\Scripts\\python.exe\n&#34;}], &#34;test_product_display.py::Test_007_Product_Display::test_product_display_003&#34;: [{&#34;extras&#34;: [{&#34;name&#34;: &#34;URL&#34;, &#34;format_type&#34;: &#34;url&#34;, &#34;content&#34;: &#34;http://www.example.com/&#34;, &#34;mime_type&#34;: null, &#34;extension&#34;: null}], &#34;result&#34;: &#34;Passed&#34;, &#34;testId&#34;: &#34;test_product_display.py::Test_007_Product_Display::test_product_display_003&#34;, &#34;duration&#34;: &#34;00:00:25&#34;, &#34;resultsTableRow&#34;: [&#34;&lt;td class=\&#34;col-result\&#34;&gt;Passed&lt;/td&gt;&#34;, &#34;&lt;td class=\&#34;col-testId\&#34;&gt;test_product_display.py::Test_007_Product_Display::test_product_display_003&lt;/td&gt;&#34;, &#34;&lt;td class=\&#34;col-duration\&#34;&gt;00:00:25&lt;/td&gt;&#34;, &#34;&lt;td class=\&#34;col-links\&#34;&gt;&lt;a target=\&#34;_blank\&#34; href=\&#34;http://www.example.com/\&#34; class=\&#34;col-links__extra url\&#34;&gt;URL&lt;/a&gt;&lt;/td&gt;&#34;], &#34;log&#34;: &#34;[gw2] win32 -- Python 3.13.1 C:\\Users\\lukesh ade\\Credence Testing 8\\Credence Testing 21 new batch\\AutomationProject\\TutorialsNinjaWebApplication\\.venv\\Scripts\\python.exe\n\n------------------------------ Captured log call -------------------------------\nINFO     Test_007_Product_Display:test_product_display.py:147 ************************* Test Product Display 003 is Start *************************\nINFO     Test_007_Product_Display:test_product_display.py:149 Navigating to the base url\nINFO     Test_007_Product_Display:test_product_display.py:152 Entering iMac product to the search text box field\nINFO     Test_007_Product_Display:test_product_display.py:154 Clicking on the search icon button\nINFO     Test_007_Product_Display:test_product_display.py:157 Clicking on the product display in the search result\nINFO     Test_007_Product_Display:test_product_display.py:160 ************************* Verifying Test Product Display 003 *************************\nINFO     Test_007_Product_Display:test_product_display.py:164 *********** Test Product Display 003 is Passed ************\nINFO     Test_007_Product_Display:test_product_display.py:172 ************************* End Of Test Product Display 003 *************************\n\n---------------------------- Captured log teardown -----------------------------\nWARNING  urllib3.connectionpool:connectionpool.py:868 Retrying (Retry(total=2, connect=None, read=None, redirect=None, status=None)) after connection broken by &amp;#x27;NewConnectionError(&amp;#x27;&amp;lt;urllib3.connection.HTTPConnection object at 0x000001CA5B34FAC0&amp;gt;: Failed to establish a new connection: [WinError 10061] No connection could be made because the target machine actively refused it&amp;#x27;)&amp;#x27;: /session/7192e879208b114784494e3d37af7bfc\nWARNING  urllib3.connectionpool:connectionpool.py:868 Retrying (Retry(total=1, connect=None, read=None, redirect=None, status=None)) after connection broken by &amp;#x27;NewConnectionError(&amp;#x27;&amp;lt;urllib3.connection.HTTPConnection object at 0x000001CA5B34F8A0&amp;gt;: Failed to establish a new connection: [WinError 10061] No connection could be made because the target machine actively refused it&amp;#x27;)&amp;#x27;: /session/7192e879208b114784494e3d37af7bfc\nWARNING  urllib3.connectionpool:connectionpool.py:868 Retrying (Retry(total=0, connect=None, read=None, redirect=None, status=None)) after connection broken by &amp;#x27;NewConnectionError(&amp;#x27;&amp;lt;urllib3.connection.HTTPConnection object at 0x000001CA5B34D260&amp;gt;: Failed to establish a new connection: [WinError 10061] No connection could be made because the target machine actively refused it&amp;#x27;)&amp;#x27;: /session/7192e879208b114784494e3d37af7bfc&#34;}], &#34;test_product_display.py::Test_007_Product_Display::test_product_display_008&#34;: [{&#34;extras&#34;: [{&#34;name&#34;: &#34;URL&#34;, &#34;format_type&#34;: &#34;url&#34;, &#34;content&#34;: &#34;http://www.example.com/&#34;, &#34;mime_type&#34;: null, &#34;extension&#34;: null}], &#34;result&#34;: &#34;Passed&#34;, &#34;testId&#34;: &#34;test_product_display.py::Test_007_Product_Display::test_product_display_008&#34;, &#34;duration&#34;: &#34;00:00:05&#34;, &#34;resultsTableRow&#34;: [&#34;&lt;td class=\&#34;col-result\&#34;&gt;Passed&lt;/td&gt;&#34;, &#34;&lt;td class=\&#34;col-testId\&#34;&gt;test_product_display.py::Test_007_Product_Display::test_product_display_008&lt;/td&gt;&#34;, &#34;&lt;td class=\&#34;col-duration\&#34;&gt;00:00:05&lt;/td&gt;&#34;, &#34;&lt;td class=\&#34;col-links\&#34;&gt;&lt;a target=\&#34;_blank\&#34; href=\&#34;http://www.example.com/\&#34; class=\&#34;col-links__extra url\&#34;&gt;URL&lt;/a&gt;&lt;/td&gt;&#34;], &#34;log&#34;: &#34;[gw1] win32 -- Python 3.13.1 C:\\Users\\lukesh ade\\Credence Testing 8\\Credence Testing 21 new batch\\AutomationProject\\TutorialsNinjaWebApplication\\.venv\\Scripts\\python.exe\n\n------------------------------ Captured log call -------------------------------\nINFO     Test_007_Product_Display:test_product_display.py:357 ***************************** Test Product Display 008 is Start ***************************\nINFO     Test_007_Product_Display:test_product_display.py:359 Navigating to base url\nINFO     Test_007_Product_Display:test_product_display.py:362 Entering &amp;#x27;iMac&amp;#x27; into the search box\nINFO     Test_007_Product_Display:test_product_display.py:364 Clicking the search button\nINFO     Test_007_Product_Display:test_product_display.py:367 Clicking on the displayed product in search results\nINFO     Test_007_Product_Display:test_product_display.py:368 ***************************** Verifying Test Product Display 008 ***************************\nINFO     Test_007_Product_Display:test_product_display.py:396 ************** Test Product Display 008 is Passed ************\nINFO     Test_007_Product_Display:test_product_display.py:402 ***************************** End Of Test Product Display 008 ***************************\n\n&#34;}], &#34;test_product_display.py::Test_007_Product_Display::test_product_display_009&#34;: [{&#34;extras&#34;: [{&#34;name&#34;: &#34;URL&#34;, &#34;format_type&#34;: &#34;url&#34;, &#34;content&#34;: &#34;http://www.example.com/&#34;, &#34;mime_type&#34;: null, &#34;extension&#34;: null}, {&#34;name&#34;: null, &#34;format_type&#34;: &#34;html&#34;, &#34;content&#34;: &#34;&lt;div&gt;&lt;img src=\&#34;C:\\Users\\lukesh ade\\Credence Testing 8\\Credence Testing 21 new batch\\AutomationProject\\TutorialsNinjaWebApplication\\Screenshots\\test_product_display_009_failed_2025-06-16_01-38-12.png\&#34; style=\&#34;width:250px;height:200px;\&#34; onclick=\&#34;window.open(this.src)\&#34; align=\&#34;right\&#34;/&gt;&lt;/div&gt;&#34;, &#34;mime_type&#34;: null, &#34;extension&#34;: null}], &#34;result&#34;: &#34;XFailed&#34;, &#34;testId&#34;: &#34;test_product_display.py::Test_007_Product_Display::test_product_display_009&#34;, &#34;duration&#34;: &#34;00:00:05&#34;, &#34;resultsTableRow&#34;: [&#34;&lt;td class=\&#34;col-result\&#34;&gt;XFailed&lt;/td&gt;&#34;, &#34;&lt;td class=\&#34;col-testId\&#34;&gt;test_product_display.py::Test_007_Product_Display::test_product_display_009&lt;/td&gt;&#34;, &#34;&lt;td class=\&#34;col-duration\&#34;&gt;00:00:05&lt;/td&gt;&#34;, &#34;&lt;td class=\&#34;col-links\&#34;&gt;&lt;a target=\&#34;_blank\&#34; href=\&#34;http://www.example.com/\&#34; class=\&#34;col-links__extra url\&#34;&gt;URL&lt;/a&gt;&lt;/td&gt;&#34;], &#34;log&#34;: &#34;[gw1] win32 -- Python 3.13.1 C:\\Users\\lukesh ade\\Credence Testing 8\\Credence Testing 21 new batch\\AutomationProject\\TutorialsNinjaWebApplication\\.venv\\Scripts\\python.exe\n\nself = &amp;lt;testCases.test_product_display.Test_007_Product_Display object at 0x000001FF37613350&amp;gt;\nsetup = &amp;lt;selenium.webdriver.chrome.webdriver.WebDriver (session=&amp;quot;2436eba18a78b2d7fbc7c9068217be57&amp;quot;)&amp;gt;\n\n    @pytest.mark.xfail(reason=&amp;quot;Bug not fixed&amp;quot;)\n    @pytest.mark.sanity\n    def test_product_display_009(self, setup):\n        self.driver = setup\n        self.logger.info(&amp;quot;*************************** Test Product Display 009 is Start **************************&amp;quot;)\n        self.driver.get(self.baseURL)\n        self.logger.info(&amp;quot;Navigating to the base url&amp;quot;)\n        self.sf = SearchPage(self.driver)\n        self.sf.search_product(&amp;quot;Apple Cinema 30&amp;quot;)\n        self.logger.info(&amp;quot;Entering Apple Cinema 30 to search text box field&amp;quot;)\n        self.sf.click_on_search_button()\n        self.logger.info(&amp;quot;Clicking on the search icon button&amp;quot;)\n        self.pc = ProductComparePage(self.driver)\n        self.pc.click_on_the_product_display_in_search_result()\n        self.logger.info(&amp;quot;Clicking on the product display in search result&amp;quot;)\n        self.pd = ProductDisplayPage(self.driver)\n        self.pd.click_on_specification_tab()\n        self.logger.info(&amp;quot;*************************** Verifying Test Product Display 009 **************************&amp;quot;)\n        specification1 = self.driver.find_element(By.XPATH, &amp;#x27;//*[@id=&amp;quot;tab-specification&amp;quot;]/table/tbody/tr/td[1]&amp;#x27;).text\n        specification2 = self.driver.find_element(By.XPATH, &amp;#x27;//*[@id=&amp;quot;tab-specification&amp;quot;]/table/tbody/tr/td[2]&amp;#x27;).text\n        if specification1 == &amp;quot;clock speed&amp;quot;:\n            if specification2 == &amp;quot;100mhz&amp;quot;:\n                assert True\n                self.logger.info(&amp;quot;*************** Test Product Display 009 is Passed **************&amp;quot;)\n            else:\n                self.logger.info(f&amp;quot;Expected: &amp;#x27;100mhz&amp;#x27; but Actual: &amp;#x27;{specification2}&amp;#x27;&amp;quot;)\n                self.logger.error(&amp;quot;*************** Test Product Display 009 is Failed **************&amp;quot;)\n                assert False\n        else:\n            self.logger.info(f&amp;quot;Expected: &amp;#x27;clock speed&amp;#x27; but Actual: &amp;#x27;{specification1}&amp;quot;)\n            self.logger.error(&amp;quot;*************** Test Product Display 009 is Failed **************&amp;quot;)\n&amp;gt;           assert False\nE           assert False\n\ntestCases\\test_product_display.py:435: AssertionError\n\n------------------------------ Captured log call -------------------------------\nINFO     Test_007_Product_Display:test_product_display.py:408 *************************** Test Product Display 009 is Start **************************\nINFO     Test_007_Product_Display:test_product_display.py:410 Navigating to the base url\nINFO     Test_007_Product_Display:test_product_display.py:413 Entering Apple Cinema 30 to search text box field\nINFO     Test_007_Product_Display:test_product_display.py:415 Clicking on the search icon button\nINFO     Test_007_Product_Display:test_product_display.py:418 Clicking on the product display in search result\nINFO     Test_007_Product_Display:test_product_display.py:421 *************************** Verifying Test Product Display 009 **************************\nINFO     Test_007_Product_Display:test_product_display.py:433 Expected: &amp;#x27;clock speed&amp;#x27; but Actual: &amp;#x27;Clockspeed\nERROR    Test_007_Product_Display:test_product_display.py:434 *************** Test Product Display 009 is Failed **************\n\n&#34;}], &#34;test_product_display.py::Test_007_Product_Display::test_product_display_010&#34;: [{&#34;extras&#34;: [{&#34;name&#34;: &#34;URL&#34;, &#34;format_type&#34;: &#34;url&#34;, &#34;content&#34;: &#34;http://www.example.com/&#34;, &#34;mime_type&#34;: null, &#34;extension&#34;: null}], &#34;result&#34;: &#34;Passed&#34;, &#34;testId&#34;: &#34;test_product_display.py::Test_007_Product_Display::test_product_display_010&#34;, &#34;duration&#34;: &#34;00:00:05&#34;, &#34;resultsTableRow&#34;: [&#34;&lt;td class=\&#34;col-result\&#34;&gt;Passed&lt;/td&gt;&#34;, &#34;&lt;td class=\&#34;col-testId\&#34;&gt;test_product_display.py::Test_007_Product_Display::test_product_display_010&lt;/td&gt;&#34;, &#34;&lt;td class=\&#34;col-duration\&#34;&gt;00:00:05&lt;/td&gt;&#34;, &#34;&lt;td class=\&#34;col-links\&#34;&gt;&lt;a target=\&#34;_blank\&#34; href=\&#34;http://www.example.com/\&#34; class=\&#34;col-links__extra url\&#34;&gt;URL&lt;/a&gt;&lt;/td&gt;&#34;], &#34;log&#34;: &#34;[gw1] win32 -- Python 3.13.1 C:\\Users\\lukesh ade\\Credence Testing 8\\Credence Testing 21 new batch\\AutomationProject\\TutorialsNinjaWebApplication\\.venv\\Scripts\\python.exe\n\n------------------------------ Captured log call -------------------------------\nINFO     Test_007_Product_Display:test_product_display.py:441 *************************** Test Product Display 010 is Start **************************\nINFO     Test_007_Product_Display:test_product_display.py:443 Navigating to the base url\nINFO     Test_007_Product_Display:test_product_display.py:446 Entering Apple Cinema 30 to search text box field\nINFO     Test_007_Product_Display:test_product_display.py:448 Clicking on the search icon button\nINFO     Test_007_Product_Display:test_product_display.py:451 Clicking on the product display in search result\nINFO     Test_007_Product_Display:test_product_display.py:454 Clicking on review tab\nINFO     Test_007_Product_Display:test_product_display.py:456 Entering name in name text field in review tab\nINFO     Test_007_Product_Display:test_product_display.py:458 Entering the review text to the review text area\nINFO     Test_007_Product_Display:test_product_display.py:460 Clicking on the radio button\nINFO     Test_007_Product_Display:test_product_display.py:462 Clicking on the continue button\nINFO     Test_007_Product_Display:test_product_display.py:463 *************************** Verifying Test Product Display 010 **************************\nINFO     Test_007_Product_Display:test_product_display.py:468 **************** Test Product Display 010 is Passed ***************\nINFO     Test_007_Product_Display:test_product_display.py:474 *************************** End Of Test Product Display 010 **************************\n\n&#34;}], &#34;test_product_display.py::Test_007_Product_Display::test_product_display_011&#34;: [{&#34;extras&#34;: [{&#34;name&#34;: &#34;URL&#34;, &#34;format_type&#34;: &#34;url&#34;, &#34;content&#34;: &#34;http://www.example.com/&#34;, &#34;mime_type&#34;: null, &#34;extension&#34;: null}], &#34;result&#34;: &#34;Passed&#34;, &#34;testId&#34;: &#34;test_product_display.py::Test_007_Product_Display::test_product_display_011&#34;, &#34;duration&#34;: &#34;00:00:05&#34;, &#34;resultsTableRow&#34;: [&#34;&lt;td class=\&#34;col-result\&#34;&gt;Passed&lt;/td&gt;&#34;, &#34;&lt;td class=\&#34;col-testId\&#34;&gt;test_product_display.py::Test_007_Product_Display::test_product_display_011&lt;/td&gt;&#34;, &#34;&lt;td class=\&#34;col-duration\&#34;&gt;00:00:05&lt;/td&gt;&#34;, &#34;&lt;td class=\&#34;col-links\&#34;&gt;&lt;a target=\&#34;_blank\&#34; href=\&#34;http://www.example.com/\&#34; class=\&#34;col-links__extra url\&#34;&gt;URL&lt;/a&gt;&lt;/td&gt;&#34;], &#34;log&#34;: &#34;[gw1] win32 -- Python 3.13.1 C:\\Users\\lukesh ade\\Credence Testing 8\\Credence Testing 21 new batch\\AutomationProject\\TutorialsNinjaWebApplication\\.venv\\Scripts\\python.exe\n\n------------------------------ Captured log call -------------------------------\nINFO     Test_007_Product_Display:test_product_display.py:479 *************************** Test Product Display 011 is Start **************************\nINFO     Test_007_Product_Display:test_product_display.py:481 Navigating to the base url\nINFO     Test_007_Product_Display:test_product_display.py:484 Entering iMac product to search text box field\nINFO     Test_007_Product_Display:test_product_display.py:486 Clicking on the search icon button\nINFO     Test_007_Product_Display:test_product_display.py:489 Clicking on the product display in search result\nINFO     Test_007_Product_Display:test_product_display.py:492 Clicking on the zero review tab\nINFO     Test_007_Product_Display:test_product_display.py:493 *************************** Verifying Test Product Display 011 **************************\nINFO     Test_007_Product_Display:test_product_display.py:497 ************* Test Product Display 011 is Passed ***************\nINFO     Test_007_Product_Display:test_product_display.py:502 *************************** End Of Test Product Display 011 **************************\n\n&#34;}], &#34;test_product_display.py::Test_007_Product_Display::test_product_display_001&#34;: [{&#34;extras&#34;: [{&#34;name&#34;: &#34;URL&#34;, &#34;format_type&#34;: &#34;url&#34;, &#34;content&#34;: &#34;http://www.example.com/&#34;, &#34;mime_type&#34;: null, &#34;extension&#34;: null}], &#34;result&#34;: &#34;Passed&#34;, &#34;testId&#34;: &#34;test_product_display.py::Test_007_Product_Display::test_product_display_001&#34;, &#34;duration&#34;: &#34;00:00:26&#34;, &#34;resultsTableRow&#34;: [&#34;&lt;td class=\&#34;col-result\&#34;&gt;Passed&lt;/td&gt;&#34;, &#34;&lt;td class=\&#34;col-testId\&#34;&gt;test_product_display.py::Test_007_Product_Display::test_product_display_001&lt;/td&gt;&#34;, &#34;&lt;td class=\&#34;col-duration\&#34;&gt;00:00:26&lt;/td&gt;&#34;, &#34;&lt;td class=\&#34;col-links\&#34;&gt;&lt;a target=\&#34;_blank\&#34; href=\&#34;http://www.example.com/\&#34; class=\&#34;col-links__extra url\&#34;&gt;URL&lt;/a&gt;&lt;/td&gt;&#34;], &#34;log&#34;: &#34;[gw0] win32 -- Python 3.13.1 C:\\Users\\lukesh ade\\Credence Testing 8\\Credence Testing 21 new batch\\AutomationProject\\TutorialsNinjaWebApplication\\.venv\\Scripts\\python.exe\n\n------------------------------ Captured log call -------------------------------\nINFO     Test_007_Product_Display:test_product_display.py:24 ********************** Test Product Display 001 is Start *********************\nINFO     Test_007_Product_Display:test_product_display.py:26 Navigating to the base url\nINFO     Test_007_Product_Display:test_product_display.py:29 Entering iMac product to search text field\nINFO     Test_007_Product_Display:test_product_display.py:31 Clicking on the search button\nINFO     Test_007_Product_Display:test_product_display.py:34 Clicking on the product displayed in the Search results\nINFO     Test_007_Product_Display:test_product_display.py:37 Clicking on the main bigger sized Thumbnail image\nINFO     Test_007_Product_Display:test_product_display.py:38 ********************** Verifying Test Product Display 001 *********************\nINFO     Test_007_Product_Display:test_product_display.py:43 Clicking on the next arrow button\nINFO     Test_007_Product_Display:test_product_display.py:46 Clicking on the back arrow button\nINFO     Test_007_Product_Display:test_product_display.py:49 Clicking on the cross option\nINFO     Test_007_Product_Display:test_product_display.py:52 ********** Test Product Display 001 is Passed **********\nINFO     Test_007_Product_Display:test_product_display.py:72 Clicking on the main bigger sized Thumbnail image\nINFO     Test_007_Product_Display:test_product_display.py:73 ********************** Again Verifying Test Product Display 001 *********************\nINFO     Test_007_Product_Display:test_product_display.py:78 Clicking on the next arrow button\nINFO     Test_007_Product_Display:test_product_display.py:81 Clicking on the back arrow button\nINFO     Test_007_Product_Display:test_product_display.py:84 Clicking on the cross option\nINFO     Test_007_Product_Display:test_product_display.py:87 ********** Test Product Display 001 is Passed **********\nINFO     Test_007_Product_Display:test_product_display.py:107 ********************** End Of Test Product Display 001 *********************\n\n---------------------------- Captured log teardown -----------------------------\nWARNING  urllib3.connectionpool:connectionpool.py:868 Retrying (Retry(total=2, connect=None, read=None, redirect=None, status=None)) after connection broken by &amp;#x27;NewConnectionError(&amp;#x27;&amp;lt;urllib3.connection.HTTPConnection object at 0x000001B6D94186B0&amp;gt;: Failed to establish a new connection: [WinError 10061] No connection could be made because the target machine actively refused it&amp;#x27;)&amp;#x27;: /session/3884c1b95e49f82da3b66d82ea1c7ec4\nWARNING  urllib3.connectionpool:connectionpool.py:868 Retrying (Retry(total=1, connect=None, read=None, redirect=None, status=None)) after connection broken by &amp;#x27;NewConnectionError(&amp;#x27;&amp;lt;urllib3.connection.HTTPConnection object at 0x000001B6D941ABE0&amp;gt;: Failed to establish a new connection: [WinError 10061] No connection could be made because the target machine actively refused it&amp;#x27;)&amp;#x27;: /session/3884c1b95e49f82da3b66d82ea1c7ec4\nWARNING  urllib3.connectionpool:connectionpool.py:868 Retrying (Retry(total=0, connect=None, read=None, redirect=None, status=None)) after connection broken by &amp;#x27;NewConnectionError(&amp;#x27;&amp;lt;urllib3.connection.HTTPConnection object at 0x000001B6D9450160&amp;gt;: Failed to establish a new connection: [WinError 10061] No connection could be made because the target machine actively refused it&amp;#x27;)&amp;#x27;: /session/3884c1b95e49f82da3b66d82ea1c7ec4&#34;}], &#34;test_product_display.py::Test_007_Product_Display::test_product_display_012&#34;: [{&#34;extras&#34;: [{&#34;name&#34;: &#34;URL&#34;, &#34;format_type&#34;: &#34;url&#34;, &#34;content&#34;: &#34;http://www.example.com/&#34;, &#34;mime_type&#34;: null, &#34;extension&#34;: null}], &#34;result&#34;: &#34;Passed&#34;, &#34;testId&#34;: &#34;test_product_display.py::Test_007_Product_Display::test_product_display_012&#34;, &#34;duration&#34;: &#34;00:00:08&#34;, &#34;resultsTableRow&#34;: [&#34;&lt;td class=\&#34;col-result\&#34;&gt;Passed&lt;/td&gt;&#34;, &#34;&lt;td class=\&#34;col-testId\&#34;&gt;test_product_display.py::Test_007_Product_Display::test_product_display_012&lt;/td&gt;&#34;, &#34;&lt;td class=\&#34;col-duration\&#34;&gt;00:00:08&lt;/td&gt;&#34;, &#34;&lt;td class=\&#34;col-links\&#34;&gt;&lt;a target=\&#34;_blank\&#34; href=\&#34;http://www.example.com/\&#34; class=\&#34;col-links__extra url\&#34;&gt;URL&lt;/a&gt;&lt;/td&gt;&#34;], &#34;log&#34;: &#34;[gw1] win32 -- Python 3.13.1 C:\\Users\\lukesh ade\\Credence Testing 8\\Credence Testing 21 new batch\\AutomationProject\\TutorialsNinjaWebApplication\\.venv\\Scripts\\python.exe\n\n------------------------------ Captured log call -------------------------------\nINFO     Test_007_Product_Display:test_product_display.py:507 *************************** Test Product Display 012 is Start ***************************\nINFO     Test_007_Product_Display:test_product_display.py:509 Navigating to base url\nINFO     Test_007_Product_Display:test_product_display.py:512 Entering iMac product to search text box field\nINFO     Test_007_Product_Display:test_product_display.py:514 Clicking on the search icon button\nINFO     Test_007_Product_Display:test_product_display.py:517 Clicking on the product display in search result\nINFO     Test_007_Product_Display:test_product_display.py:520 Clicking on the review tab\nINFO     Test_007_Product_Display:test_product_display.py:522 Clicking on the continue button\nINFO     Test_007_Product_Display:test_product_display.py:524 *************************** Verifying Test Product Display 012 ***************************\nINFO     Test_007_Product_Display:test_product_display.py:528 Clicking on the rating radio button\nINFO     Test_007_Product_Display:test_product_display.py:530 Clicking on the continue button\nINFO     Test_007_Product_Display:test_product_display.py:535 Entering review text\nINFO     Test_007_Product_Display:test_product_display.py:538 Clicking on the continue button\nINFO     Test_007_Product_Display:test_product_display.py:543 Entering name to name text field\nINFO     Test_007_Product_Display:test_product_display.py:546 Clicking on the continue button\nINFO     Test_007_Product_Display:test_product_display.py:551 ************** Test Product Display 012 is Passed ***************\nINFO     Test_007_Product_Display:test_product_display.py:568 *************************** End Of Test Product Display 012 ***************************\n\n&#34;}], &#34;test_product_display.py::Test_007_Product_Display::test_product_display_004&#34;: [{&#34;extras&#34;: [{&#34;name&#34;: &#34;URL&#34;, &#34;format_type&#34;: &#34;url&#34;, &#34;content&#34;: &#34;http://www.example.com/&#34;, &#34;mime_type&#34;: null, &#34;extension&#34;: null}], &#34;result&#34;: &#34;Passed&#34;, &#34;testId&#34;: &#34;test_product_display.py::Test_007_Product_Display::test_product_display_004&#34;, &#34;duration&#34;: &#34;00:00:25&#34;, &#34;resultsTableRow&#34;: [&#34;&lt;td class=\&#34;col-result\&#34;&gt;Passed&lt;/td&gt;&#34;, &#34;&lt;td class=\&#34;col-testId\&#34;&gt;test_product_display.py::Test_007_Product_Display::test_product_display_004&lt;/td&gt;&#34;, &#34;&lt;td class=\&#34;col-duration\&#34;&gt;00:00:25&lt;/td&gt;&#34;, &#34;&lt;td class=\&#34;col-links\&#34;&gt;&lt;a target=\&#34;_blank\&#34; href=\&#34;http://www.example.com/\&#34; class=\&#34;col-links__extra url\&#34;&gt;URL&lt;/a&gt;&lt;/td&gt;&#34;], &#34;log&#34;: &#34;[gw2] win32 -- Python 3.13.1 C:\\Users\\lukesh ade\\Credence Testing 8\\Credence Testing 21 new batch\\AutomationProject\\TutorialsNinjaWebApplication\\.venv\\Scripts\\python.exe\n\n------------------------------ Captured log call -------------------------------\nINFO     Test_007_Product_Display:test_product_display.py:177 ************************* Test Product Display 004 is Start *************************\nINFO     Test_007_Product_Display:test_product_display.py:179 Navigating to the base url\nINFO     Test_007_Product_Display:test_product_display.py:182 Entering iMac product to the search text box field\nINFO     Test_007_Product_Display:test_product_display.py:184 Clicking on the search icon button\nINFO     Test_007_Product_Display:test_product_display.py:187 Clicking on the product display in the search result\nINFO     Test_007_Product_Display:test_product_display.py:190 ************************* Verifying Test Product Display 004 *************************\nINFO     Test_007_Product_Display:test_product_display.py:195 ************* Test Product Display 004 is Passed ************\nINFO     Test_007_Product_Display:test_product_display.py:206 ************************* End Of Test Product Display 004 *************************\n\n---------------------------- Captured log teardown -----------------------------\nWARNING  urllib3.connectionpool:connectionpool.py:868 Retrying (Retry(total=2, connect=None, read=None, redirect=None, status=None)) after connection broken by &amp;#x27;NewConnectionError(&amp;#x27;&amp;lt;urllib3.connection.HTTPConnection object at 0x000001CA5B34FF00&amp;gt;: Failed to establish a new connection: [WinError 10061] No connection could be made because the target machine actively refused it&amp;#x27;)&amp;#x27;: /session/8bbbc6512c0d262d8f925f5c52dfe561\nWARNING  urllib3.connectionpool:connectionpool.py:868 Retrying (Retry(total=1, connect=None, read=None, redirect=None, status=None)) after connection broken by &amp;#x27;NewConnectionError(&amp;#x27;&amp;lt;urllib3.connection.HTTPConnection object at 0x000001CA5B34C5A0&amp;gt;: Failed to establish a new connection: [WinError 10061] No connection could be made because the target machine actively refused it&amp;#x27;)&amp;#x27;: /session/8bbbc6512c0d262d8f925f5c52dfe561\nWARNING  urllib3.connectionpool:connectionpool.py:868 Retrying (Retry(total=0, connect=None, read=None, redirect=None, status=None)) after connection broken by &amp;#x27;NewConnectionError(&amp;#x27;&amp;lt;urllib3.connection.HTTPConnection object at 0x000001CA5B34C8D0&amp;gt;: Failed to establish a new connection: [WinError 10061] No connection could be made because the target machine actively refused it&amp;#x27;)&amp;#x27;: /session/8bbbc6512c0d262d8f925f5c52dfe561&#34;}], &#34;test_product_display.py::Test_007_Product_Display::test_product_display_013&#34;: [{&#34;extras&#34;: [{&#34;name&#34;: &#34;URL&#34;, &#34;format_type&#34;: &#34;url&#34;, &#34;content&#34;: &#34;http://www.example.com/&#34;, &#34;mime_type&#34;: null, &#34;extension&#34;: null}], &#34;result&#34;: &#34;Passed&#34;, &#34;testId&#34;: &#34;test_product_display.py::Test_007_Product_Display::test_product_display_013&#34;, &#34;duration&#34;: &#34;00:00:05&#34;, &#34;resultsTableRow&#34;: [&#34;&lt;td class=\&#34;col-result\&#34;&gt;Passed&lt;/td&gt;&#34;, &#34;&lt;td class=\&#34;col-testId\&#34;&gt;test_product_display.py::Test_007_Product_Display::test_product_display_013&lt;/td&gt;&#34;, &#34;&lt;td class=\&#34;col-duration\&#34;&gt;00:00:05&lt;/td&gt;&#34;, &#34;&lt;td class=\&#34;col-links\&#34;&gt;&lt;a target=\&#34;_blank\&#34; href=\&#34;http://www.example.com/\&#34; class=\&#34;col-links__extra url\&#34;&gt;URL&lt;/a&gt;&lt;/td&gt;&#34;], &#34;log&#34;: &#34;[gw1] win32 -- Python 3.13.1 C:\\Users\\lukesh ade\\Credence Testing 8\\Credence Testing 21 new batch\\AutomationProject\\TutorialsNinjaWebApplication\\.venv\\Scripts\\python.exe\n\n------------------------------ Captured log call -------------------------------\nINFO     Test_007_Product_Display:test_product_display.py:573 ***************************** Test Product Display 013 is Start ***************************\nINFO     Test_007_Product_Display:test_product_display.py:575 Navigating to the base url\nINFO     Test_007_Product_Display:test_product_display.py:578 Entering iMac product to the search text field\nINFO     Test_007_Product_Display:test_product_display.py:580 Clicking on the search icon button\nINFO     Test_007_Product_Display:test_product_display.py:583 Clicking on the product display in the search result\nINFO     Test_007_Product_Display:test_product_display.py:586 Clicking on the write a review link\nINFO     Test_007_Product_Display:test_product_display.py:587 ***************************** Verifying Test Product Display 013 ***************************\nINFO     Test_007_Product_Display:test_product_display.py:600 ***************************** End Of Test Product Display 013 ***************************\n\n&#34;}], &#34;test_product_display.py::Test_007_Product_Display::test_product_display_002&#34;: [{&#34;extras&#34;: [{&#34;name&#34;: &#34;URL&#34;, &#34;format_type&#34;: &#34;url&#34;, &#34;content&#34;: &#34;http://www.example.com/&#34;, &#34;mime_type&#34;: null, &#34;extension&#34;: null}], &#34;result&#34;: &#34;Passed&#34;, &#34;testId&#34;: &#34;test_product_display.py::Test_007_Product_Display::test_product_display_002&#34;, &#34;duration&#34;: &#34;00:00:25&#34;, &#34;resultsTableRow&#34;: [&#34;&lt;td class=\&#34;col-result\&#34;&gt;Passed&lt;/td&gt;&#34;, &#34;&lt;td class=\&#34;col-testId\&#34;&gt;test_product_display.py::Test_007_Product_Display::test_product_display_002&lt;/td&gt;&#34;, &#34;&lt;td class=\&#34;col-duration\&#34;&gt;00:00:25&lt;/td&gt;&#34;, &#34;&lt;td class=\&#34;col-links\&#34;&gt;&lt;a target=\&#34;_blank\&#34; href=\&#34;http://www.example.com/\&#34; class=\&#34;col-links__extra url\&#34;&gt;URL&lt;/a&gt;&lt;/td&gt;&#34;], &#34;log&#34;: &#34;[gw0] win32 -- Python 3.13.1 C:\\Users\\lukesh ade\\Credence Testing 8\\Credence Testing 21 new batch\\AutomationProject\\TutorialsNinjaWebApplication\\.venv\\Scripts\\python.exe\n\n------------------------------ Captured log call -------------------------------\nINFO     Test_007_Product_Display:test_product_display.py:112 *********************** Test Product Display 002 is Start ************************\nINFO     Test_007_Product_Display:test_product_display.py:114 Navigating to the base url\nINFO     Test_007_Product_Display:test_product_display.py:117 Entering iMac product to search text field\nINFO     Test_007_Product_Display:test_product_display.py:119 Clicking on the search icon button\nINFO     Test_007_Product_Display:test_product_display.py:122 Clicking on the iMac product\nINFO     Test_007_Product_Display:test_product_display.py:126 *********************** Verifying Test Product Display 002 ************************\nINFO     Test_007_Product_Display:test_product_display.py:131 ************ Test Product Display 002 is Passed ***********\nINFO     Test_007_Product_Display:test_product_display.py:142 *********************** End Of Test Product Display 002 ************************\n\n---------------------------- Captured log teardown -----------------------------\nWARNING  urllib3.connectionpool:connectionpool.py:868 Retrying (Retry(total=2, connect=None, read=None, redirect=None, status=None)) after connection broken by &amp;#x27;NewConnectionError(&amp;#x27;&amp;lt;urllib3.connection.HTTPConnection object at 0x000001B6D9418270&amp;gt;: Failed to establish a new connection: [WinError 10061] No connection could be made because the target machine actively refused it&amp;#x27;)&amp;#x27;: /session/1bebde33015a722579fc75c26c6320cc\nWARNING  urllib3.connectionpool:connectionpool.py:868 Retrying (Retry(total=1, connect=None, read=None, redirect=None, status=None)) after connection broken by &amp;#x27;NewConnectionError(&amp;#x27;&amp;lt;urllib3.connection.HTTPConnection object at 0x000001B6D9419590&amp;gt;: Failed to establish a new connection: [WinError 10061] No connection could be made because the target machine actively refused it&amp;#x27;)&amp;#x27;: /session/1bebde33015a722579fc75c26c6320cc\nWARNING  urllib3.connectionpool:connectionpool.py:868 Retrying (Retry(total=0, connect=None, read=None, redirect=None, status=None)) after connection broken by &amp;#x27;NewConnectionError(&amp;#x27;&amp;lt;urllib3.connection.HTTPConnection object at 0x000001B6D9419260&amp;gt;: Failed to establish a new connection: [WinError 10061] No connection could be made because the target machine actively refused it&amp;#x27;)&amp;#x27;: /session/1bebde33015a722579fc75c26c6320cc&#34;}], &#34;test_product_display.py::Test_007_Product_Display::test_product_display_005&#34;: [{&#34;extras&#34;: [{&#34;name&#34;: &#34;URL&#34;, &#34;format_type&#34;: &#34;url&#34;, &#34;content&#34;: &#34;http://www.example.com/&#34;, &#34;mime_type&#34;: null, &#34;extension&#34;: null}], &#34;result&#34;: &#34;Passed&#34;, &#34;testId&#34;: &#34;test_product_display.py::Test_007_Product_Display::test_product_display_005&#34;, &#34;duration&#34;: &#34;00:00:26&#34;, &#34;resultsTableRow&#34;: [&#34;&lt;td class=\&#34;col-result\&#34;&gt;Passed&lt;/td&gt;&#34;, &#34;&lt;td class=\&#34;col-testId\&#34;&gt;test_product_display.py::Test_007_Product_Display::test_product_display_005&lt;/td&gt;&#34;, &#34;&lt;td class=\&#34;col-duration\&#34;&gt;00:00:26&lt;/td&gt;&#34;, &#34;&lt;td class=\&#34;col-links\&#34;&gt;&lt;a target=\&#34;_blank\&#34; href=\&#34;http://www.example.com/\&#34; class=\&#34;col-links__extra url\&#34;&gt;URL&lt;/a&gt;&lt;/td&gt;&#34;], &#34;log&#34;: &#34;[gw2] win32 -- Python 3.13.1 C:\\Users\\lukesh ade\\Credence Testing 8\\Credence Testing 21 new batch\\AutomationProject\\TutorialsNinjaWebApplication\\.venv\\Scripts\\python.exe\n\n------------------------------ Captured log call -------------------------------\nINFO     Test_007_Product_Display:test_product_display.py:211 ************************* Test Product Display 005 is Start *************************\nINFO     Test_007_Product_Display:test_product_display.py:213 Navigating to the base url\nINFO     Test_007_Product_Display:test_product_display.py:216 Entering iMac product to the search text box field\nINFO     Test_007_Product_Display:test_product_display.py:218 Clicking on the search icon button\nINFO     Test_007_Product_Display:test_product_display.py:221 Clicking on the product display in the search result\nINFO     Test_007_Product_Display:test_product_display.py:222 ************************* Verifying Test Product Display 005 *************************\nINFO     Test_007_Product_Display:test_product_display.py:227 Updating quantity by 3\nINFO     Test_007_Product_Display:test_product_display.py:229 Clicking on add to cart button\nINFO     Test_007_Product_Display:test_product_display.py:232 Clicking on the shopping cart link\nINFO     Test_007_Product_Display:test_product_display.py:236 ************** Test Product Display 005 is Passed **************\nINFO     Test_007_Product_Display:test_product_display.py:253 ************************* End Of Test Product Display 005 *************************\n\n---------------------------- Captured log teardown -----------------------------\nWARNING  urllib3.connectionpool:connectionpool.py:868 Retrying (Retry(total=2, connect=None, read=None, redirect=None, status=None)) after connection broken by &amp;#x27;NewConnectionError(&amp;#x27;&amp;lt;urllib3.connection.HTTPConnection object at 0x000001CA5B34F680&amp;gt;: Failed to establish a new connection: [WinError 10061] No connection could be made because the target machine actively refused it&amp;#x27;)&amp;#x27;: /session/08e9609812b3c63541a585592bf7c7c9\nWARNING  urllib3.connectionpool:connectionpool.py:868 Retrying (Retry(total=1, connect=None, read=None, redirect=None, status=None)) after connection broken by &amp;#x27;NewConnectionError(&amp;#x27;&amp;lt;urllib3.connection.HTTPConnection object at 0x000001CA5B3A8050&amp;gt;: Failed to establish a new connection: [WinError 10061] No connection could be made because the target machine actively refused it&amp;#x27;)&amp;#x27;: /session/08e9609812b3c63541a585592bf7c7c9\nWARNING  urllib3.connectionpool:connectionpool.py:868 Retrying (Retry(total=0, connect=None, read=None, redirect=None, status=None)) after connection broken by &amp;#x27;NewConnectionError(&amp;#x27;&amp;lt;urllib3.connection.HTTPConnection object at 0x000001CA5B3A8380&amp;gt;: Failed to establish a new connection: [WinError 10061] No connection could be made because the target machine actively refused it&amp;#x27;)&amp;#x27;: /session/08e9609812b3c63541a585592bf7c7c9&#34;}], &#34;test_product_display.py::Test_007_Product_Display::test_product_display_015&#34;: [{&#34;extras&#34;: [{&#34;name&#34;: &#34;URL&#34;, &#34;format_type&#34;: &#34;url&#34;, &#34;content&#34;: &#34;http://www.example.com/&#34;, &#34;mime_type&#34;: null, &#34;extension&#34;: null}], &#34;result&#34;: &#34;Passed&#34;, &#34;testId&#34;: &#34;test_product_display.py::Test_007_Product_Display::test_product_display_015&#34;, &#34;duration&#34;: &#34;00:00:05&#34;, &#34;resultsTableRow&#34;: [&#34;&lt;td class=\&#34;col-result\&#34;&gt;Passed&lt;/td&gt;&#34;, &#34;&lt;td class=\&#34;col-testId\&#34;&gt;test_product_display.py::Test_007_Product_Display::test_product_display_015&lt;/td&gt;&#34;, &#34;&lt;td class=\&#34;col-duration\&#34;&gt;00:00:05&lt;/td&gt;&#34;, &#34;&lt;td class=\&#34;col-links\&#34;&gt;&lt;a target=\&#34;_blank\&#34; href=\&#34;http://www.example.com/\&#34; class=\&#34;col-links__extra url\&#34;&gt;URL&lt;/a&gt;&lt;/td&gt;&#34;], &#34;log&#34;: &#34;[gw0] win32 -- Python 3.13.1 C:\\Users\\lukesh ade\\Credence Testing 8\\Credence Testing 21 new batch\\AutomationProject\\TutorialsNinjaWebApplication\\.venv\\Scripts\\python.exe\n\n------------------------------ Captured log call -------------------------------\nINFO     Test_007_Product_Display:test_product_display.py:640 ************************** Test Product Display 015 is Start ***************************\nINFO     Test_007_Product_Display:test_product_display.py:642 Navigating to the base URL\nINFO     Test_007_Product_Display:test_product_display.py:645 Entering iMac product in the search box\nINFO     Test_007_Product_Display:test_product_display.py:647 Clicking on the search icon button\nINFO     Test_007_Product_Display:test_product_display.py:650 Clicking on the product in search results\nINFO     Test_007_Product_Display:test_product_display.py:651 ************************** Verifying Test Product Display 015 **************************\nINFO     Test_007_Product_Display:test_product_display.py:665 Total Reviews Extracted: 0\nINFO     Test_007_Product_Display:test_product_display.py:668 *********** Test Product Display 015 Passed ***********\nINFO     Test_007_Product_Display:test_product_display.py:672 ************************** End Of Test Product Display 015 **************************\n\n&#34;}], &#34;test_product_display.py::Test_007_Product_Display::test_product_display_014&#34;: [{&#34;extras&#34;: [{&#34;name&#34;: &#34;URL&#34;, &#34;format_type&#34;: &#34;url&#34;, &#34;content&#34;: &#34;http://www.example.com/&#34;, &#34;mime_type&#34;: null, &#34;extension&#34;: null}], &#34;result&#34;: &#34;Passed&#34;, &#34;testId&#34;: &#34;test_product_display.py::Test_007_Product_Display::test_product_display_014&#34;, &#34;duration&#34;: &#34;00:00:25&#34;, &#34;resultsTableRow&#34;: [&#34;&lt;td class=\&#34;col-result\&#34;&gt;Passed&lt;/td&gt;&#34;, &#34;&lt;td class=\&#34;col-testId\&#34;&gt;test_product_display.py::Test_007_Product_Display::test_product_display_014&lt;/td&gt;&#34;, &#34;&lt;td class=\&#34;col-duration\&#34;&gt;00:00:25&lt;/td&gt;&#34;, &#34;&lt;td class=\&#34;col-links\&#34;&gt;&lt;a target=\&#34;_blank\&#34; href=\&#34;http://www.example.com/\&#34; class=\&#34;col-links__extra url\&#34;&gt;URL&lt;/a&gt;&lt;/td&gt;&#34;], &#34;log&#34;: &#34;[gw1] win32 -- Python 3.13.1 C:\\Users\\lukesh ade\\Credence Testing 8\\Credence Testing 21 new batch\\AutomationProject\\TutorialsNinjaWebApplication\\.venv\\Scripts\\python.exe\n\n------------------------------ Captured log call -------------------------------\nINFO     Test_007_Product_Display:test_product_display.py:605 ************************** Test Product Display 014 is Start ***************************\nINFO     Test_007_Product_Display:test_product_display.py:607 Navigating to the base URL\nINFO     Test_007_Product_Display:test_product_display.py:610 Entering iMac product in the search box\nINFO     Test_007_Product_Display:test_product_display.py:612 Clicking on the search icon button\nINFO     Test_007_Product_Display:test_product_display.py:615 Clicking on the product in search results\nINFO     Test_007_Product_Display:test_product_display.py:616 ************************** Verifying Test Product Display 014 **************************\nINFO     Test_007_Product_Display:test_product_display.py:620 Total Reviews Extracted: 0\nINFO     Test_007_Product_Display:test_product_display.py:632 Extracted Average Rating: 0.0\nINFO     Test_007_Product_Display:test_product_display.py:634 *********** Test Product Display 014 Passed ***********\nINFO     Test_007_Product_Display:test_product_display.py:635 ************************** End Of Test Product Display 014 **************************\n\n&#34;}], &#34;test_product_display.py::Test_007_Product_Display::test_product_display_006&#34;: [{&#34;extras&#34;: [{&#34;name&#34;: &#34;URL&#34;, &#34;format_type&#34;: &#34;url&#34;, &#34;content&#34;: &#34;http://www.example.com/&#34;, &#34;mime_type&#34;: null, &#34;extension&#34;: null}, {&#34;name&#34;: null, &#34;format_type&#34;: &#34;html&#34;, &#34;content&#34;: &#34;&lt;div&gt;&lt;img src=\&#34;C:\\Users\\lukesh ade\\Credence Testing 8\\Credence Testing 21 new batch\\AutomationProject\\TutorialsNinjaWebApplication\\Screenshots\\test_product_display_006_failed_2025-06-16_01-39-01.png\&#34; style=\&#34;width:250px;height:200px;\&#34; onclick=\&#34;window.open(this.src)\&#34; align=\&#34;right\&#34;/&gt;&lt;/div&gt;&#34;, &#34;mime_type&#34;: null, &#34;extension&#34;: null}], &#34;result&#34;: &#34;XFailed&#34;, &#34;testId&#34;: &#34;test_product_display.py::Test_007_Product_Display::test_product_display_006&#34;, &#34;duration&#34;: &#34;00:00:05&#34;, &#34;resultsTableRow&#34;: [&#34;&lt;td class=\&#34;col-result\&#34;&gt;XFailed&lt;/td&gt;&#34;, &#34;&lt;td class=\&#34;col-testId\&#34;&gt;test_product_display.py::Test_007_Product_Display::test_product_display_006&lt;/td&gt;&#34;, &#34;&lt;td class=\&#34;col-duration\&#34;&gt;00:00:05&lt;/td&gt;&#34;, &#34;&lt;td class=\&#34;col-links\&#34;&gt;&lt;a target=\&#34;_blank\&#34; href=\&#34;http://www.example.com/\&#34; class=\&#34;col-links__extra url\&#34;&gt;URL&lt;/a&gt;&lt;/td&gt;&#34;], &#34;log&#34;: &#34;[gw2] win32 -- Python 3.13.1 C:\\Users\\lukesh ade\\Credence Testing 8\\Credence Testing 21 new batch\\AutomationProject\\TutorialsNinjaWebApplication\\.venv\\Scripts\\python.exe\n\nself = &amp;lt;testCases.test_product_display.Test_007_Product_Display object at 0x000001CA5B049480&amp;gt;\nsetup = &amp;lt;selenium.webdriver.chrome.webdriver.WebDriver (session=&amp;quot;a255744ab66b6bdba9f57b0e267c0b9b&amp;quot;)&amp;gt;\n\n    @pytest.mark.xfail(reason=&amp;quot;Bug not fixed&amp;quot;)\n    @pytest.mark.sanity\n    def test_product_display_006(self, setup):\n        self.driver = setup\n        self.logger.info(&amp;quot;************************* Test Product Display 006 is Start *************************&amp;quot;)\n        self.driver.get(self.baseURL)\n        self.logger.info(&amp;quot;Navigating to the base url&amp;quot;)\n        self.sf = SearchPage(self.driver)\n        self.sf.search_product(&amp;quot;iMac&amp;quot;)\n        self.logger.info(&amp;quot;Entering iMac product to the search text box field&amp;quot;)\n        self.sf.click_on_search_button()\n        self.logger.info(&amp;quot;Clicking on the search icon button&amp;quot;)\n        self.pc = ProductComparePage(self.driver)\n        self.pc.click_on_the_product_display_in_search_result()\n        self.logger.info(&amp;quot;Clicking on the product display in the search result&amp;quot;)\n        self.logger.info(&amp;quot;************************* Verifying Test Product Display 006 *************************&amp;quot;)\n        self.pd = ProductDisplayPage(self.driver)\n        if self.pd.get_default_product_quantity() == &amp;quot;1&amp;quot;:\n            self.pd.set_product_quantity(&amp;quot;-1&amp;quot;)\n            self.logger.info(&amp;quot;Updating the product quantity to -1&amp;quot;)\n            self.pd.click_on_add_to_cart_button_on_product_display_page()\n            self.logger.info(&amp;quot;Clicking on the add to cart button&amp;quot;)\n    \n            WebDriverWait(self.driver, 10).until(\n                lambda driver: driver.execute_script(&amp;quot;return document.readyState&amp;quot;) == &amp;quot;complete&amp;quot;\n            )\n            self.logger.info(&amp;quot;Page has fully loaded&amp;quot;)\n    \n            if self.pd.get_default_product_quantity() == &amp;quot;1&amp;quot;:\n                assert True\n                self.logger.info(&amp;quot;*********** Test Product Display 006 is Passed ***********&amp;quot;)\n            else:\n                self.logger.error(f&amp;quot;{self.pd.get_default_product_quantity()}&amp;quot;)\n                self.logger.error(&amp;quot;*********** Test Product Display 006 is Failed ***********&amp;quot;)\n&amp;gt;               assert False\nE               assert False\n\ntestCases\\test_product_display.py:289: AssertionError\n\n------------------------------ Captured log call -------------------------------\nINFO     Test_007_Product_Display:test_product_display.py:259 ************************* Test Product Display 006 is Start *************************\nINFO     Test_007_Product_Display:test_product_display.py:261 Navigating to the base url\nINFO     Test_007_Product_Display:test_product_display.py:264 Entering iMac product to the search text box field\nINFO     Test_007_Product_Display:test_product_display.py:266 Clicking on the search icon button\nINFO     Test_007_Product_Display:test_product_display.py:269 Clicking on the product display in the search result\nINFO     Test_007_Product_Display:test_product_display.py:270 ************************* Verifying Test Product Display 006 *************************\nINFO     Test_007_Product_Display:test_product_display.py:274 Updating the product quantity to -1\nINFO     Test_007_Product_Display:test_product_display.py:276 Clicking on the add to cart button\nINFO     Test_007_Product_Display:test_product_display.py:281 Page has fully loaded\nERROR    Test_007_Product_Display:test_product_display.py:287 -1\nERROR    Test_007_Product_Display:test_product_display.py:288 *********** Test Product Display 006 is Failed ***********\n\n&#34;}], &#34;test_product_display.py::Test_007_Product_Display::test_product_display_007&#34;: [{&#34;extras&#34;: [], &#34;result&#34;: &#34;Skipped&#34;, &#34;testId&#34;: &#34;test_product_display.py::Test_007_Product_Display::test_product_display_007::setup&#34;, &#34;duration&#34;: &#34;0 ms&#34;, &#34;resultsTableRow&#34;: [&#34;&lt;td class=\&#34;col-result\&#34;&gt;Skipped&lt;/td&gt;&#34;, &#34;&lt;td class=\&#34;col-testId\&#34;&gt;test_product_display.py::Test_007_Product_Display::test_product_display_007::setup&lt;/td&gt;&#34;, &#34;&lt;td class=\&#34;col-duration\&#34;&gt;0 ms&lt;/td&gt;&#34;, &#34;&lt;td class=\&#34;col-links\&#34;&gt;&lt;/td&gt;&#34;], &#34;log&#34;: &#34;[gw2] win32 -- Python 3.13.1 C:\\Users\\lukesh ade\\Credence Testing 8\\Credence Testing 21 new batch\\AutomationProject\\TutorialsNinjaWebApplication\\.venv\\Scripts\\python.exe\n(&amp;#x27;C:\\\\Users\\\\lukesh ade\\\\Credence Testing 8\\\\Credence Testing 21 new batch\\\\AutomationProject\\\\TutorialsNinjaWebApplication\\\\testCases\\\\test_product_display.py&amp;#x27;, 296, &amp;quot;Skipped: there is no radio button is present to perform click operation (it is under development)and test can&amp;#x27;t move forward without radio button because it is mandatory field&amp;quot;)\n&#34;}], &#34;test_register.py::Test_001_Register_Functionality::test_register_functionality_001&#34;: [{&#34;extras&#34;: [{&#34;name&#34;: &#34;URL&#34;, &#34;format_type&#34;: &#34;url&#34;, &#34;content&#34;: &#34;http://www.example.com/&#34;, &#34;mime_type&#34;: null, &#34;extension&#34;: null}], &#34;result&#34;: &#34;Passed&#34;, &#34;testId&#34;: &#34;test_register.py::Test_001_Register_Functionality::test_register_functionality_001&#34;, &#34;duration&#34;: &#34;00:00:06&#34;, &#34;resultsTableRow&#34;: [&#34;&lt;td class=\&#34;col-result\&#34;&gt;Passed&lt;/td&gt;&#34;, &#34;&lt;td class=\&#34;col-testId\&#34;&gt;test_register.py::Test_001_Register_Functionality::test_register_functionality_001&lt;/td&gt;&#34;, &#34;&lt;td class=\&#34;col-duration\&#34;&gt;00:00:06&lt;/td&gt;&#34;, &#34;&lt;td class=\&#34;col-links\&#34;&gt;&lt;a target=\&#34;_blank\&#34; href=\&#34;http://www.example.com/\&#34; class=\&#34;col-links__extra url\&#34;&gt;URL&lt;/a&gt;&lt;/td&gt;&#34;], &#34;log&#34;: &#34;[gw0] win32 -- Python 3.13.1 C:\\Users\\lukesh ade\\Credence Testing 8\\Credence Testing 21 new batch\\AutomationProject\\TutorialsNinjaWebApplication\\.venv\\Scripts\\python.exe\n\n------------------------------ Captured log call -------------------------------\nINFO     Test_001_Register_Functionality:test_register.py:19 ******** Test Register Functionality 001 is Started *********\nINFO     Test_001_Register_Functionality:test_register.py:21 Navigating to the url\nINFO     Test_001_Register_Functionality:test_register.py:24 clicking on myAccount drop menu\nINFO     Test_001_Register_Functionality:test_register.py:27 clicking on register link\nINFO     Test_001_Register_Functionality:test_register.py:29 *************** Providing Registration Details ***************\nINFO     Test_001_Register_Functionality:test_register.py:39 *************** Verifying Register Functionality 001  ***************\nINFO     Test_001_Register_Functionality:test_register.py:46 ******* Test Register Functionality 001 is Passed ********\nINFO     Test_001_Register_Functionality:test_register.py:58 ********** End Of Test Register Functionality 001 **********\n\n&#34;}], &#34;test_register.py::Test_001_Register_Functionality::test_register_functionality_003&#34;: [{&#34;extras&#34;: [{&#34;name&#34;: &#34;URL&#34;, &#34;format_type&#34;: &#34;url&#34;, &#34;content&#34;: &#34;http://www.example.com/&#34;, &#34;mime_type&#34;: null, &#34;extension&#34;: null}], &#34;result&#34;: &#34;Passed&#34;, &#34;testId&#34;: &#34;test_register.py::Test_001_Register_Functionality::test_register_functionality_003&#34;, &#34;duration&#34;: &#34;00:00:05&#34;, &#34;resultsTableRow&#34;: [&#34;&lt;td class=\&#34;col-result\&#34;&gt;Passed&lt;/td&gt;&#34;, &#34;&lt;td class=\&#34;col-testId\&#34;&gt;test_register.py::Test_001_Register_Functionality::test_register_functionality_003&lt;/td&gt;&#34;, &#34;&lt;td class=\&#34;col-duration\&#34;&gt;00:00:05&lt;/td&gt;&#34;, &#34;&lt;td class=\&#34;col-links\&#34;&gt;&lt;a target=\&#34;_blank\&#34; href=\&#34;http://www.example.com/\&#34; class=\&#34;col-links__extra url\&#34;&gt;URL&lt;/a&gt;&lt;/td&gt;&#34;], &#34;log&#34;: &#34;[gw1] win32 -- Python 3.13.1 C:\\Users\\lukesh ade\\Credence Testing 8\\Credence Testing 21 new batch\\AutomationProject\\TutorialsNinjaWebApplication\\.venv\\Scripts\\python.exe\n\n------------------------------ Captured log call -------------------------------\nINFO     Test_001_Register_Functionality:test_register.py:109 ******** Test Register Functionality 003 is Started *********\nINFO     Test_001_Register_Functionality:test_register.py:112 Navigating to the url\nINFO     Test_001_Register_Functionality:test_register.py:115 Clicking on myAccount drop menu\nINFO     Test_001_Register_Functionality:test_register.py:118 Clicking on register link\nINFO     Test_001_Register_Functionality:test_register.py:120 Clicking on continue button\nINFO     Test_001_Register_Functionality:test_register.py:121 *********** Verifying Test Register Functionality 003 ***********\nINFO     Test_001_Register_Functionality:test_register.py:139 \u2714 Passed: First Name must be between 1 and 32 characters!\nINFO     Test_001_Register_Functionality:test_register.py:139 \u2714 Passed: Last Name must be between 1 and 32 characters!\nINFO     Test_001_Register_Functionality:test_register.py:139 \u2714 Passed: E-Mail Address does not appear to be valid!\nINFO     Test_001_Register_Functionality:test_register.py:139 \u2714 Passed: Telephone must be between 3 and 32 characters!\nINFO     Test_001_Register_Functionality:test_register.py:139 \u2714 Passed: Password must be between 4 and 20 characters!\nINFO     Test_001_Register_Functionality:test_register.py:139 \u2714 Passed: Warning: You must agree to the Privacy Policy!\nINFO     Test_001_Register_Functionality:test_register.py:148 Test Register Functionality 003 Passed.\nINFO     Test_001_Register_Functionality:test_register.py:149 ******** End Of Test Register Functionality 003 *********\n\n&#34;}]}, &#34;renderCollapsed&#34;: [&#34;passed&#34;], &#34;initialSort&#34;: &#34;result&#34;, &#34;title&#34;: &#34;TutorialsNinja Web Application - Test Automation HTML Reports&#34;}"></div>
    <script>
      (function(){function r(e,n,t){function o(i,f){if(!n[i]){if(!e[i]){var c="function"==typeof require&&require;if(!f&&c)return c(i,!0);if(u)return u(i,!0);var a=new Error("Cannot find module '"+i+"'");throw a.code="MODULE_NOT_FOUND",a}var p=n[i]={exports:{}};e[i][0].call(p.exports,function(r){var n=e[i][1][r];return o(n||r)},p,p.exports,r,e,n,t)}return n[i].exports}for(var u="function"==typeof require&&require,i=0;i<t.length;i++)o(t[i]);return o}return r})()({1:[function(require,module,exports){
const { getCollapsedCategory, setCollapsedIds } = require('./storage.js')

class DataManager {
    setManager(data) {
        const collapsedCategories = [...getCollapsedCategory(data.renderCollapsed)]
        const collapsedIds = []
        const tests = Object.values(data.tests).flat().map((test, index) => {
            const collapsed = collapsedCategories.includes(test.result.toLowerCase())
            const id = `test_${index}`
            if (collapsed) {
                collapsedIds.push(id)
            }
            return {
                ...test,
                id,
                collapsed,
            }
        })
        const dataBlob = { ...data, tests }
        this.data = { ...dataBlob }
        this.renderData = { ...dataBlob }
        setCollapsedIds(collapsedIds)
    }

    get allData() {
        return { ...this.data }
    }

    resetRender() {
        this.renderData = { ...this.data }
    }

    setRender(data) {
        this.renderData.tests = [...data]
    }

    toggleCollapsedItem(id) {
        this.renderData.tests = this.renderData.tests.map((test) =>
            test.id === id ? { ...test, collapsed: !test.collapsed } : test,
        )
    }

    set allCollapsed(collapsed) {
        this.renderData = { ...this.renderData, tests: [...this.renderData.tests.map((test) => (
            { ...test, collapsed }
        ))] }
    }

    get testSubset() {
        return [...this.renderData.tests]
    }

    get environment() {
        return this.renderData.environment
    }

    get initialSort() {
        return this.data.initialSort
    }
}

module.exports = {
    manager: new DataManager(),
}

},{"./storage.js":8}],2:[function(require,module,exports){
const mediaViewer = require('./mediaviewer.js')
const templateEnvRow = document.getElementById('template_environment_row')
const templateResult = document.getElementById('template_results-table__tbody')

function htmlToElements(html) {
    const temp = document.createElement('template')
    temp.innerHTML = html
    return temp.content.childNodes
}

const find = (selector, elem) => {
    if (!elem) {
        elem = document
    }
    return elem.querySelector(selector)
}

const findAll = (selector, elem) => {
    if (!elem) {
        elem = document
    }
    return [...elem.querySelectorAll(selector)]
}

const dom = {
    getStaticRow: (key, value) => {
        const envRow = templateEnvRow.content.cloneNode(true)
        const isObj = typeof value === 'object' && value !== null
        const values = isObj ? Object.keys(value).map((k) => `${k}: ${value[k]}`) : null

        const valuesElement = htmlToElements(
            values ? `<ul>${values.map((val) => `<li>${val}</li>`).join('')}<ul>` : `<div>${value}</div>`)[0]
        const td = findAll('td', envRow)
        td[0].textContent = key
        td[1].appendChild(valuesElement)

        return envRow
    },
    getResultTBody: ({ testId, id, log, extras, resultsTableRow, tableHtml, result, collapsed }) => {
        const resultBody = templateResult.content.cloneNode(true)
        resultBody.querySelector('tbody').classList.add(result.toLowerCase())
        resultBody.querySelector('tbody').id = testId
        resultBody.querySelector('.collapsible').dataset.id = id

        resultsTableRow.forEach((html) => {
            const t = document.createElement('template')
            t.innerHTML = html
            resultBody.querySelector('.collapsible').appendChild(t.content)
        })

        if (log) {
            // Wrap lines starting with "E" with span.error to color those lines red
            const wrappedLog = log.replace(/^E.*$/gm, (match) => `<span class="error">${match}</span>`)
            resultBody.querySelector('.log').innerHTML = wrappedLog
        } else {
            resultBody.querySelector('.log').remove()
        }

        if (collapsed) {
            resultBody.querySelector('.collapsible > td')?.classList.add('collapsed')
            resultBody.querySelector('.extras-row').classList.add('hidden')
        } else {
            resultBody.querySelector('.collapsible > td')?.classList.remove('collapsed')
        }

        const media = []
        extras?.forEach(({ name, format_type, content }) => {
            if (['image', 'video'].includes(format_type)) {
                media.push({ path: content, name, format_type })
            }

            if (format_type === 'html') {
                resultBody.querySelector('.extraHTML').insertAdjacentHTML('beforeend', `<div>${content}</div>`)
            }
        })
        mediaViewer.setup(resultBody, media)

        // Add custom html from the pytest_html_results_table_html hook
        tableHtml?.forEach((item) => {
            resultBody.querySelector('td[class="extra"]').insertAdjacentHTML('beforeend', item)
        })

        return resultBody
    },
}

module.exports = {
    dom,
    htmlToElements,
    find,
    findAll,
}

},{"./mediaviewer.js":6}],3:[function(require,module,exports){
const { manager } = require('./datamanager.js')
const { doSort } = require('./sort.js')
const storageModule = require('./storage.js')

const getFilteredSubSet = (filter) =>
    manager.allData.tests.filter(({ result }) => filter.includes(result.toLowerCase()))

const doInitFilter = () => {
    const currentFilter = storageModule.getVisible()
    const filteredSubset = getFilteredSubSet(currentFilter)
    manager.setRender(filteredSubset)
}

const doFilter = (type, show) => {
    if (show) {
        storageModule.showCategory(type)
    } else {
        storageModule.hideCategory(type)
    }

    const currentFilter = storageModule.getVisible()
    const filteredSubset = getFilteredSubSet(currentFilter)
    manager.setRender(filteredSubset)

    const sortColumn = storageModule.getSort()
    doSort(sortColumn, true)
}

module.exports = {
    doFilter,
    doInitFilter,
}

},{"./datamanager.js":1,"./sort.js":7,"./storage.js":8}],4:[function(require,module,exports){
const { redraw, bindEvents, renderStatic } = require('./main.js')
const { doInitFilter } = require('./filter.js')
const { doInitSort } = require('./sort.js')
const { manager } = require('./datamanager.js')
const data = JSON.parse(document.getElementById('data-container').dataset.jsonblob)

function init() {
    manager.setManager(data)
    doInitFilter()
    doInitSort()
    renderStatic()
    redraw()
    bindEvents()
}

init()

},{"./datamanager.js":1,"./filter.js":3,"./main.js":5,"./sort.js":7}],5:[function(require,module,exports){
const { dom, find, findAll } = require('./dom.js')
const { manager } = require('./datamanager.js')
const { doSort } = require('./sort.js')
const { doFilter } = require('./filter.js')
const {
    getVisible,
    getCollapsedIds,
    setCollapsedIds,
    getSort,
    getSortDirection,
    possibleFilters,
} = require('./storage.js')

const removeChildren = (node) => {
    while (node.firstChild) {
        node.removeChild(node.firstChild)
    }
}

const renderStatic = () => {
    const renderEnvironmentTable = () => {
        const environment = manager.environment
        const rows = Object.keys(environment).map((key) => dom.getStaticRow(key, environment[key]))
        const table = document.getElementById('environment')
        removeChildren(table)
        rows.forEach((row) => table.appendChild(row))
    }
    renderEnvironmentTable()
}

const addItemToggleListener = (elem) => {
    elem.addEventListener('click', ({ target }) => {
        const id = target.parentElement.dataset.id
        manager.toggleCollapsedItem(id)

        const collapsedIds = getCollapsedIds()
        if (collapsedIds.includes(id)) {
            const updated = collapsedIds.filter((item) => item !== id)
            setCollapsedIds(updated)
        } else {
            collapsedIds.push(id)
            setCollapsedIds(collapsedIds)
        }
        redraw()
    })
}

const renderContent = (tests) => {
    const sortAttr = getSort(manager.initialSort)
    const sortAsc = JSON.parse(getSortDirection())
    const rows = tests.map(dom.getResultTBody)
    const table = document.getElementById('results-table')
    const tableHeader = document.getElementById('results-table-head')

    const newTable = document.createElement('table')
    newTable.id = 'results-table'

    // remove all sorting classes and set the relevant
    findAll('.sortable', tableHeader).forEach((elem) => elem.classList.remove('asc', 'desc'))
    tableHeader.querySelector(`.sortable[data-column-type="${sortAttr}"]`)?.classList.add(sortAsc ? 'desc' : 'asc')
    newTable.appendChild(tableHeader)

    if (!rows.length) {
        const emptyTable = document.getElementById('template_results-table__body--empty').content.cloneNode(true)
        newTable.appendChild(emptyTable)
    } else {
        rows.forEach((row) => {
            if (!!row) {
                findAll('.collapsible td:not(.col-links', row).forEach(addItemToggleListener)
                find('.logexpander', row).addEventListener('click',
                    (evt) => evt.target.parentNode.classList.toggle('expanded'),
                )
                newTable.appendChild(row)
            }
        })
    }

    table.replaceWith(newTable)
}

const renderDerived = () => {
    const currentFilter = getVisible()
    possibleFilters.forEach((result) => {
        const input = document.querySelector(`input[data-test-result="${result}"]`)
        input.checked = currentFilter.includes(result)
    })
}

const bindEvents = () => {
    const filterColumn = (evt) => {
        const { target: element } = evt
        const { testResult } = element.dataset

        doFilter(testResult, element.checked)
        const collapsedIds = getCollapsedIds()
        const updated = manager.renderData.tests.map((test) => {
            return {
                ...test,
                collapsed: collapsedIds.includes(test.id),
            }
        })
        manager.setRender(updated)
        redraw()
    }

    const header = document.getElementById('environment-header')
    header.addEventListener('click', () => {
        const table = document.getElementById('environment')
        table.classList.toggle('hidden')
        header.classList.toggle('collapsed')
    })

    findAll('input[name="filter_checkbox"]').forEach((elem) => {
        elem.addEventListener('click', filterColumn)
    })

    findAll('.sortable').forEach((elem) => {
        elem.addEventListener('click', (evt) => {
            const { target: element } = evt
            const { columnType } = element.dataset
            doSort(columnType)
            redraw()
        })
    })

    document.getElementById('show_all_details').addEventListener('click', () => {
        manager.allCollapsed = false
        setCollapsedIds([])
        redraw()
    })
    document.getElementById('hide_all_details').addEventListener('click', () => {
        manager.allCollapsed = true
        const allIds = manager.renderData.tests.map((test) => test.id)
        setCollapsedIds(allIds)
        redraw()
    })
}

const redraw = () => {
    const { testSubset } = manager

    renderContent(testSubset)
    renderDerived()
}

module.exports = {
    redraw,
    bindEvents,
    renderStatic,
}

},{"./datamanager.js":1,"./dom.js":2,"./filter.js":3,"./sort.js":7,"./storage.js":8}],6:[function(require,module,exports){
class MediaViewer {
    constructor(assets) {
        this.assets = assets
        this.index = 0
    }

    nextActive() {
        this.index = this.index === this.assets.length - 1 ? 0 : this.index + 1
        return [this.activeFile, this.index]
    }

    prevActive() {
        this.index = this.index === 0 ? this.assets.length - 1 : this.index -1
        return [this.activeFile, this.index]
    }

    get currentIndex() {
        return this.index
    }

    get activeFile() {
        return this.assets[this.index]
    }
}


const setup = (resultBody, assets) => {
    if (!assets.length) {
        resultBody.querySelector('.media').classList.add('hidden')
        return
    }

    const mediaViewer = new MediaViewer(assets)
    const container = resultBody.querySelector('.media-container')
    const leftArrow = resultBody.querySelector('.media-container__nav--left')
    const rightArrow = resultBody.querySelector('.media-container__nav--right')
    const mediaName = resultBody.querySelector('.media__name')
    const counter = resultBody.querySelector('.media__counter')
    const imageEl = resultBody.querySelector('img')
    const sourceEl = resultBody.querySelector('source')
    const videoEl = resultBody.querySelector('video')

    const setImg = (media, index) => {
        if (media?.format_type === 'image') {
            imageEl.src = media.path

            imageEl.classList.remove('hidden')
            videoEl.classList.add('hidden')
        } else if (media?.format_type === 'video') {
            sourceEl.src = media.path

            videoEl.classList.remove('hidden')
            imageEl.classList.add('hidden')
        }

        mediaName.innerText = media?.name
        counter.innerText = `${index + 1} / ${assets.length}`
    }
    setImg(mediaViewer.activeFile, mediaViewer.currentIndex)

    const moveLeft = () => {
        const [media, index] = mediaViewer.prevActive()
        setImg(media, index)
    }
    const doRight = () => {
        const [media, index] = mediaViewer.nextActive()
        setImg(media, index)
    }
    const openImg = () => {
        window.open(mediaViewer.activeFile.path, '_blank')
    }
    if (assets.length === 1) {
        container.classList.add('media-container--fullscreen')
    } else {
        leftArrow.addEventListener('click', moveLeft)
        rightArrow.addEventListener('click', doRight)
    }
    imageEl.addEventListener('click', openImg)
}

module.exports = {
    setup,
}

},{}],7:[function(require,module,exports){
const { manager } = require('./datamanager.js')
const storageModule = require('./storage.js')

const genericSort = (list, key, ascending, customOrder) => {
    let sorted
    if (customOrder) {
        sorted = list.sort((a, b) => {
            const aValue = a.result.toLowerCase()
            const bValue = b.result.toLowerCase()

            const aIndex = customOrder.findIndex((item) => item.toLowerCase() === aValue)
            const bIndex = customOrder.findIndex((item) => item.toLowerCase() === bValue)

            // Compare the indices to determine the sort order
            return aIndex - bIndex
        })
    } else {
        sorted = list.sort((a, b) => a[key] === b[key] ? 0 : a[key] > b[key] ? 1 : -1)
    }

    if (ascending) {
        sorted.reverse()
    }
    return sorted
}

const durationSort = (list, ascending) => {
    const parseDuration = (duration) => {
        if (duration.includes(':')) {
            // If it's in the format "HH:mm:ss"
            const [hours, minutes, seconds] = duration.split(':').map(Number)
            return (hours * 3600 + minutes * 60 + seconds) * 1000
        } else {
            // If it's in the format "nnn ms"
            return parseInt(duration)
        }
    }
    const sorted = list.sort((a, b) => parseDuration(a['duration']) - parseDuration(b['duration']))
    if (ascending) {
        sorted.reverse()
    }
    return sorted
}

const doInitSort = () => {
    const type = storageModule.getSort(manager.initialSort)
    const ascending = storageModule.getSortDirection()
    const list = manager.testSubset
    const initialOrder = ['Error', 'Failed', 'Rerun', 'XFailed', 'XPassed', 'Skipped', 'Passed']

    storageModule.setSort(type)
    storageModule.setSortDirection(ascending)

    if (type?.toLowerCase() === 'original') {
        manager.setRender(list)
    } else {
        let sortedList
        switch (type) {
        case 'duration':
            sortedList = durationSort(list, ascending)
            break
        case 'result':
            sortedList = genericSort(list, type, ascending, initialOrder)
            break
        default:
            sortedList = genericSort(list, type, ascending)
            break
        }
        manager.setRender(sortedList)
    }
}

const doSort = (type, skipDirection) => {
    const newSortType = storageModule.getSort(manager.initialSort) !== type
    const currentAsc = storageModule.getSortDirection()
    let ascending
    if (skipDirection) {
        ascending = currentAsc
    } else {
        ascending = newSortType ? false : !currentAsc
    }
    storageModule.setSort(type)
    storageModule.setSortDirection(ascending)

    const list = manager.testSubset
    const sortedList = type === 'duration' ? durationSort(list, ascending) : genericSort(list, type, ascending)
    manager.setRender(sortedList)
}

module.exports = {
    doInitSort,
    doSort,
}

},{"./datamanager.js":1,"./storage.js":8}],8:[function(require,module,exports){
const possibleFilters = [
    'passed',
    'skipped',
    'failed',
    'error',
    'xfailed',
    'xpassed',
    'rerun',
]

const getVisible = () => {
    const url = new URL(window.location.href)
    const settings = new URLSearchParams(url.search).get('visible')
    const lower = (item) => {
        const lowerItem = item.toLowerCase()
        if (possibleFilters.includes(lowerItem)) {
            return lowerItem
        }
        return null
    }
    return settings === null ?
        possibleFilters :
        [...new Set(settings?.split(',').map(lower).filter((item) => item))]
}

const hideCategory = (categoryToHide) => {
    const url = new URL(window.location.href)
    const visibleParams = new URLSearchParams(url.search).get('visible')
    const currentVisible = visibleParams ? visibleParams.split(',') : [...possibleFilters]
    const settings = [...new Set(currentVisible)].filter((f) => f !== categoryToHide).join(',')

    url.searchParams.set('visible', settings)
    window.history.pushState({}, null, unescape(url.href))
}

const showCategory = (categoryToShow) => {
    if (typeof window === 'undefined') {
        return
    }
    const url = new URL(window.location.href)
    const currentVisible = new URLSearchParams(url.search).get('visible')?.split(',').filter(Boolean) ||
        [...possibleFilters]
    const settings = [...new Set([categoryToShow, ...currentVisible])]
    const noFilter = possibleFilters.length === settings.length || !settings.length

    noFilter ? url.searchParams.delete('visible') : url.searchParams.set('visible', settings.join(','))
    window.history.pushState({}, null, unescape(url.href))
}

const getSort = (initialSort) => {
    const url = new URL(window.location.href)
    let sort = new URLSearchParams(url.search).get('sort')
    if (!sort) {
        sort = initialSort || 'result'
    }
    return sort
}

const setSort = (type) => {
    const url = new URL(window.location.href)
    url.searchParams.set('sort', type)
    window.history.pushState({}, null, unescape(url.href))
}

const getCollapsedCategory = (renderCollapsed) => {
    let categories
    if (typeof window !== 'undefined') {
        const url = new URL(window.location.href)
        const collapsedItems = new URLSearchParams(url.search).get('collapsed')
        switch (true) {
        case !renderCollapsed && collapsedItems === null:
            categories = ['passed']
            break
        case collapsedItems?.length === 0 || /^["']{2}$/.test(collapsedItems):
            categories = []
            break
        case /^all$/.test(collapsedItems) || collapsedItems === null && /^all$/.test(renderCollapsed):
            categories = [...possibleFilters]
            break
        default:
            categories = collapsedItems?.split(',').map((item) => item.toLowerCase()) || renderCollapsed
            break
        }
    } else {
        categories = []
    }
    return categories
}

const getSortDirection = () => JSON.parse(sessionStorage.getItem('sortAsc')) || false
const setSortDirection = (ascending) => sessionStorage.setItem('sortAsc', ascending)

const getCollapsedIds = () => JSON.parse(sessionStorage.getItem('collapsedIds')) || []
const setCollapsedIds = (list) => sessionStorage.setItem('collapsedIds', JSON.stringify(list))

module.exports = {
    getVisible,
    hideCategory,
    showCategory,
    getCollapsedIds,
    setCollapsedIds,
    getSort,
    setSort,
    getSortDirection,
    setSortDirection,
    getCollapsedCategory,
    possibleFilters,
}

},{}]},{},[4]);
    </script>
  </footer>
</html>