{"name": "test_add_to_cart_003", "status": "broken", "statusDetails": {"message": "selenium.common.exceptions.NoSuchElementException: Message: no such element: Unable to locate element: {\"method\":\"link text\",\"selector\":\"View Cart\"}\n  (Session info: chrome=137.0.7151.69); For documentation on this error, please visit: https://www.selenium.dev/documentation/webdriver/troubleshooting/errors#no-such-element-exception\nStacktrace:\n\tGetHandleVerifier [0x0x7ff63ff4fea5+79173]\n\tGetHandleVerifier [0x0x7ff63ff4ff00+79264]\n\t(No symbol) [0x0x7ff63fd09e5a]\n\t(No symbol) [0x0x7ff63fd60586]\n\t(No symbol) [0x0x7ff63fd6083c]\n\t(No symbol) [0x0x7ff63fdb4247]\n\t(No symbol) [0x0x7ff63fd889af]\n\t(No symbol) [0x0x7ff63fdb100d]\n\t(No symbol) [0x0x7ff63fd88743]\n\t(No symbol) [0x0x7ff63fd514c1]\n\t(No symbol) [0x0x7ff63fd52253]\n\tGetHandleVerifier [0x0x7ff64021a2dd+3004797]\n\tGetHandleVerifier [0x0x7ff64021472d+2981325]\n\tGetHandleVerifier [0x0x7ff640233380+3107360]\n\tGetHandleVerifier [0x0x7ff63ff6aa2e+188622]\n\tGetHandleVerifier [0x0x7ff63ff722bf+219487]\n\tGetHandleVerifier [0x0x7ff63ff58df4+115860]\n\tGetHandleVerifier [0x0x7ff63ff58fa9+116297]\n\tGetHandleVerifier [0x0x7ff63ff3f558+11256]\n\tBaseThreadInitThunk [0x0x7ffcb7cce8d7+23]\n\tRtlUserThreadStart [0x0x7ffcb871c34c+44]", "trace": "self = <testCases.test_add_to_cart.Test_008_Add_To_Cart object at 0x000002060655EFD0>\nsetup = <selenium.webdriver.chrome.webdriver.WebDriver (session=\"ea0167e50fa8f0c6c21417fae2c566d5\")>\n\n    @pytest.mark.sanity\n    def test_add_to_cart_003(self, setup):\n        self.driver = setup\n        self.logger.info(\"**************************** Test Add To Cart 003 is Start ****************************\")\n        self.driver.get(self.baseURL)\n        self.logger.info(\"Navigating to the base url\")\n        self.sf = SearchPage(self.driver)\n        self.sf.search_product(\"iMac\")\n        self.logger.info(\"Entering iMac product to search box text field\")\n        self.sf.click_on_search_button()\n        self.logger.info(\"Clicking on the search icon button\")\n        self.atc = AddToCartPage(self.driver)\n        self.atc.click_on_add_to_cart_button_on_product_in_search_result()\n        self.logger.info(\"Clicking on the add to cart button\")\n        self.logger.info(\"**************************** Verifying Test Add To Cart 003 ****************************\")\n        self.pc = ProductComparePage(self.driver)\n        if self.pc.success_message().__contains__('Success: You have added iMac to your shopping cart!'):\n            self.atc.click_on_cart_button_in_black_color_beside_of_search_icon()\n            self.logger.info(\"Clicking on the cart button beside of search icon\")\n>           self.atc.click_on_view_cart_option()\n\ntestCases\\test_add_to_cart.py:125: \n_ _ _ _ _ _ _ _ _ _ _ _ _ _ _ _ _ _ _ _ _ _ _ _ _ _ _ _ _ _ _ _ _ _ _ _ _ _ _ _\npageObjects\\AddToCartPage.py:44: in click_on_view_cart_option\n    self.driver.find_element(*AddToCartPage.viewCartOption).click()\n.venv\\Lib\\site-packages\\selenium\\webdriver\\remote\\webdriver.py:898: in find_element\n    return self.execute(Command.FIND_ELEMENT, {\"using\": by, \"value\": value})[\"value\"]\n.venv\\Lib\\site-packages\\selenium\\webdriver\\remote\\webdriver.py:429: in execute\n    self.error_handler.check_response(response)\n_ _ _ _ _ _ _ _ _ _ _ _ _ _ _ _ _ _ _ _ _ _ _ _ _ _ _ _ _ _ _ _ _ _ _ _ _ _ _ _\n\nself = <selenium.webdriver.remote.errorhandler.ErrorHandler object at 0x0000020606EF2E90>\nresponse = {'status': 404, 'value': '{\"value\":{\"error\":\"no such element\",\"message\":\"no such element: Unable to locate element: {\\...ff63ff3f558+11256]\\\\n\\\\tBaseThreadInitThunk [0x0x7ffcb7cce8d7+23]\\\\n\\\\tRtlUserThreadStart [0x0x7ffcb871c34c+44]\\\\n\"}}'}\n\n    def check_response(self, response: Dict[str, Any]) -> None:\n        \"\"\"Checks that a JSON response from the WebDriver does not have an\n        error.\n    \n        :Args:\n         - response - The JSON response from the WebDriver server as a dictionary\n           object.\n    \n        :Raises: If the response contains an error message.\n        \"\"\"\n        status = response.get(\"status\", None)\n        if not status or status == ErrorCode.SUCCESS:\n            return\n        value = None\n        message = response.get(\"message\", \"\")\n        screen: str = response.get(\"screen\", \"\")\n        stacktrace = None\n        if isinstance(status, int):\n            value_json = response.get(\"value\", None)\n            if value_json and isinstance(value_json, str):\n                import json\n    \n                try:\n                    value = json.loads(value_json)\n                    if len(value) == 1:\n                        value = value[\"value\"]\n                    status = value.get(\"error\", None)\n                    if not status:\n                        status = value.get(\"status\", ErrorCode.UNKNOWN_ERROR)\n                        message = value.get(\"value\") or value.get(\"message\")\n                        if not isinstance(message, str):\n                            value = message\n                            message = message.get(\"message\")\n                    else:\n                        message = value.get(\"message\", None)\n                except ValueError:\n                    pass\n    \n        exception_class: Type[WebDriverException]\n        e = ErrorCode()\n        error_codes = [item for item in dir(e) if not item.startswith(\"__\")]\n        for error_code in error_codes:\n            error_info = getattr(ErrorCode, error_code)\n            if isinstance(error_info, list) and status in error_info:\n                exception_class = getattr(ExceptionMapping, error_code, WebDriverException)\n                break\n        else:\n            exception_class = WebDriverException\n    \n        if not value:\n            value = response[\"value\"]\n        if isinstance(value, str):\n            raise exception_class(value)\n        if message == \"\" and \"message\" in value:\n            message = value[\"message\"]\n    \n        screen = None  # type: ignore[assignment]\n        if \"screen\" in value:\n            screen = value[\"screen\"]\n    \n        stacktrace = None\n        st_value = value.get(\"stackTrace\") or value.get(\"stacktrace\")\n        if st_value:\n            if isinstance(st_value, str):\n                stacktrace = st_value.split(\"\\n\")\n            else:\n                stacktrace = []\n                try:\n                    for frame in st_value:\n                        line = frame.get(\"lineNumber\", \"\")\n                        file = frame.get(\"fileName\", \"<anonymous>\")\n                        if line:\n                            file = f\"{file}:{line}\"\n                        meth = frame.get(\"methodName\", \"<anonymous>\")\n                        if \"className\" in frame:\n                            meth = f\"{frame['className']}.{meth}\"\n                        msg = \"    at %s (%s)\"\n                        msg = msg % (meth, file)\n                        stacktrace.append(msg)\n                except TypeError:\n                    pass\n        if exception_class == UnexpectedAlertPresentException:\n            alert_text = None\n            if \"data\" in value:\n                alert_text = value[\"data\"].get(\"text\")\n            elif \"alert\" in value:\n                alert_text = value[\"alert\"].get(\"text\")\n            raise exception_class(message, screen, stacktrace, alert_text)  # type: ignore[call-arg]  # mypy is not smart enough here\n>       raise exception_class(message, screen, stacktrace)\nE       selenium.common.exceptions.NoSuchElementException: Message: no such element: Unable to locate element: {\"method\":\"link text\",\"selector\":\"View Cart\"}\nE         (Session info: chrome=137.0.7151.69); For documentation on this error, please visit: https://www.selenium.dev/documentation/webdriver/troubleshooting/errors#no-such-element-exception\nE       Stacktrace:\nE       \tGetHandleVerifier [0x0x7ff63ff4fea5+79173]\nE       \tGetHandleVerifier [0x0x7ff63ff4ff00+79264]\nE       \t(No symbol) [0x0x7ff63fd09e5a]\nE       \t(No symbol) [0x0x7ff63fd60586]\nE       \t(No symbol) [0x0x7ff63fd6083c]\nE       \t(No symbol) [0x0x7ff63fdb4247]\nE       \t(No symbol) [0x0x7ff63fd889af]\nE       \t(No symbol) [0x0x7ff63fdb100d]\nE       \t(No symbol) [0x0x7ff63fd88743]\nE       \t(No symbol) [0x0x7ff63fd514c1]\nE       \t(No symbol) [0x0x7ff63fd52253]\nE       \tGetHandleVerifier [0x0x7ff64021a2dd+3004797]\nE       \tGetHandleVerifier [0x0x7ff64021472d+2981325]\nE       \tGetHandleVerifier [0x0x7ff640233380+3107360]\nE       \tGetHandleVerifier [0x0x7ff63ff6aa2e+188622]\nE       \tGetHandleVerifier [0x0x7ff63ff722bf+219487]\nE       \tGetHandleVerifier [0x0x7ff63ff58df4+115860]\nE       \tGetHandleVerifier [0x0x7ff63ff58fa9+116297]\nE       \tGetHandleVerifier [0x0x7ff63ff3f558+11256]\nE       \tBaseThreadInitThunk [0x0x7ffcb7cce8d7+23]\nE       \tRtlUserThreadStart [0x0x7ffcb871c34c+44]\n\n.venv\\Lib\\site-packages\\selenium\\webdriver\\remote\\errorhandler.py:232: NoSuchElementException"}, "attachments": [{"name": "log", "source": "71da273d-d7b9-4dc1-ac8b-b94237e1d8ad-attachment.txt", "type": "text/plain"}], "start": 1749067733804, "stop": 1749067746405, "uuid": "e0e7ccf5-8137-4787-9a89-c3e20d866bde", "historyId": "475db1faa611f6dd76761bac11cdbf7c", "testCaseId": "475db1faa611f6dd76761bac11cdbf7c", "fullName": "testCases.test_add_to_cart.Test_008_Add_To_Cart#test_add_to_cart_003", "labels": [{"name": "tag", "value": "sanity"}, {"name": "tag", "value": "@pytest.mark.usefixtures('setup', 'log_on_failure')"}, {"name": "parentSuite", "value": "testCases"}, {"name": "suite", "value": "test_add_to_cart"}, {"name": "subSuite", "value": "Test_008_Add_To_Cart"}, {"name": "host", "value": "lukesh"}, {"name": "thread", "value": "8076-MainThread"}, {"name": "framework", "value": "pytest"}, {"name": "language", "value": "cpython3"}, {"name": "package", "value": "testCases.test_add_to_cart"}]}