{"name": "test_product_display_009", "status": "skipped", "statusDetails": {"message": "XFAIL Bug not fixed\n\nAssertionError: assert False", "trace": "self = <testCases.test_product_display.Test_007_Product_Display object at 0x000002BE22D33A50>\nsetup = <selenium.webdriver.chrome.webdriver.WebDriver (session=\"498ffd7daa0904b8a40568bed298f58c\")>\n\n    @pytest.mark.xfail(reason=\"Bug not fixed\")\n    @pytest.mark.sanity\n    def test_product_display_009(self, setup):\n        self.driver = setup\n        self.logger.info(\"*************************** Test Product Display 009 is Start **************************\")\n        self.driver.get(self.baseURL)\n        self.logger.info(\"Navigating to the base url\")\n        self.sf = SearchPage(self.driver)\n        self.sf.search_product(\"Apple Cinema 30\")\n        self.logger.info(\"Entering Apple Cinema 30 to search text box field\")\n        self.sf.click_on_search_button()\n        self.logger.info(\"Clicking on the search icon button\")\n        self.pc = ProductComparePage(self.driver)\n        self.pc.click_on_the_product_display_in_search_result()\n        self.logger.info(\"Clicking on the product display in search result\")\n        self.pd = ProductDisplayPage(self.driver)\n        self.pd.click_on_specification_tab()\n        self.logger.info(\"*************************** Verifying Test Product Display 009 **************************\")\n        specification1 = self.driver.find_element(By.XPATH, '//*[@id=\"tab-specification\"]/table/tbody/tr/td[1]').text\n        specification2 = self.driver.find_element(By.XPATH, '//*[@id=\"tab-specification\"]/table/tbody/tr/td[2]').text\n        if specification1 == \"clock speed\":\n            if specification2 == \"100mhz\":\n                assert True\n                self.logger.info(\"*************** Test Product Display 009 is Passed **************\")\n            else:\n                self.logger.info(f\"Expected: '100mhz' but Actual: '{specification2}'\")\n                self.logger.error(\"*************** Test Product Display 009 is Failed **************\")\n                assert False\n        else:\n            self.logger.info(f\"Expected: 'clock speed' but Actual: '{specification1}\")\n            self.logger.error(\"*************** Test Product Display 009 is Failed **************\")\n>           assert False\nE           assert False\n\ntestCases\\test_product_display.py:435: AssertionError"}, "attachments": [{"name": "log", "source": "0b70cfdf-0e78-48aa-9a96-e5e240f7bcf7-attachment.txt", "type": "text/plain"}], "start": 1751870188493, "stop": 1751870192916, "uuid": "fcd49560-bb01-45b1-a37e-db31726bb0b8", "historyId": "2a8138e8a928d219f1acab1f7770e8d8", "testCaseId": "2a8138e8a928d219f1acab1f7770e8d8", "fullName": "test_product_display.Test_007_Product_Display#test_product_display_009", "labels": [{"name": "tag", "value": "sanity"}, {"name": "suite", "value": "test_product_display"}, {"name": "subSuite", "value": "Test_007_Product_Display"}, {"name": "host", "value": "lukesh"}, {"name": "thread", "value": "22060-MainThread"}, {"name": "framework", "value": "pytest"}, {"name": "language", "value": "cpython3"}, {"name": "package", "value": "test_product_display"}]}