{"name": "test_product_display_009", "status": "failed", "statusDetails": {"message": "AssertionError: assert False", "trace": "self = <testCases.test_product_display.Test_007_Product_Display object at 0x000002BBC7E3C450>\nsetup = <selenium.webdriver.chrome.webdriver.WebDriver (session=\"dab29986831ca97d414e2d89a46f7380\")>\n\n    @pytest.mark.sanity\n    def test_product_display_009(self, setup):\n        self.driver = setup\n        self.logger.info(\"*************************** Test Product Display 009 is Start **************************\")\n        self.driver.get(self.baseURL)\n        self.logger.info(\"Navigating to the base url\")\n        self.sf = SearchPage(self.driver)\n        self.sf.search_product(\"Apple Cinema 30\")\n        self.logger.info(\"Entering Apple Cinema 30 to search text box field\")\n        self.sf.click_on_search_button()\n        self.logger.info(\"Clicking on the search icon button\")\n        self.pc = ProductComparePage(self.driver)\n        self.pc.click_on_the_product_display_in_search_result()\n        self.logger.info(\"Clicking on the product display in search result\")\n        self.pd = ProductDisplayPage(self.driver)\n        self.pd.click_on_specification_tab()\n        self.logger.info(\"*************************** Verifying Test Product Display 009 **************************\")\n        specification1 = self.driver.find_element(By.XPATH, '//*[@id=\"tab-specification\"]/table/tbody/tr/td[1]').text\n        specification2 = self.driver.find_element(By.XPATH, '//*[@id=\"tab-specification\"]/table/tbody/tr/td[2]').text\n        if specification1 == \"clock speed\":\n            if specification2 == \"100mhz\":\n                assert True\n                self.logger.info(\"*************** Test Product Display 009 is Passed **************\")\n            else:\n                self.logger.info(f\"Expected: '100mhz' but Actual: '{specification2}'\")\n                self.logger.error(\"*************** Test Product Display 009 is Failed **************\")\n                assert False\n        else:\n            self.logger.info(f\"Expected: 'clock speed' but Actual: '{specification1}\")\n            self.logger.error(\"*************** Test Product Display 009 is Failed **************\")\n>           assert False\nE           assert False\n\ntestCases\\test_product_display.py:432: AssertionError"}, "attachments": [{"name": "log", "source": "57bdfe7f-506a-430b-9e57-74a4f82def68-attachment.txt", "type": "text/plain"}], "start": 1748025640345, "stop": 1748025649776, "uuid": "3d7bd795-e40f-48c5-b007-291487ca1789", "historyId": "71b69593e9394a74c699fb80a4ae57ed", "testCaseId": "71b69593e9394a74c699fb80a4ae57ed", "fullName": "testCases.test_product_display.Test_007_Product_Display#test_product_display_009", "labels": [{"name": "tag", "value": "sanity"}, {"name": "tag", "value": "@pytest.mark.usefixtures('setup', 'log_on_failure')"}, {"name": "parentSuite", "value": "testCases"}, {"name": "suite", "value": "test_product_display"}, {"name": "subSuite", "value": "Test_007_Product_Display"}, {"name": "host", "value": "lukesh"}, {"name": "thread", "value": "11776-MainThread"}, {"name": "framework", "value": "pytest"}, {"name": "language", "value": "cpython3"}, {"name": "package", "value": "testCases.test_product_display"}]}