{"name": "test_product_display_006", "status": "failed", "statusDetails": {"message": "AssertionError: assert False", "trace": "self = <testCases.test_product_display.Test_007_Product_Display object at 0x00000234BFF24C00>\nsetup = <selenium.webdriver.chrome.webdriver.WebDriver (session=\"d02f31ab664f5f639ccb6e5ae520e135\")>\n\n    @pytest.mark.sanity\n    def test_product_display_006(self, setup):\n        self.driver = setup\n        self.logger.info(\"************************* Test Product Display 006 is Start *************************\")\n        self.driver.get(self.baseURL)\n        self.logger.info(\"Navigating to the base url\")\n        self.sf = SearchPage(self.driver)\n        self.sf.search_product(\"iMac\")\n        self.logger.info(\"Entering iMac product to the search text box field\")\n        self.sf.click_on_search_button()\n        self.logger.info(\"Clicking on the search icon button\")\n        self.pc = ProductComparePage(self.driver)\n        self.pc.click_on_the_product_display_in_search_result()\n        self.logger.info(\"Clicking on the product display in the search result\")\n        self.logger.info(\"************************* Verifying Test Product Display 006 *************************\")\n        self.pd = ProductDisplayPage(self.driver)\n        if self.pd.get_default_product_quantity() == \"1\":\n            self.pd.set_product_quantity(\"-1\")\n            self.logger.info(\"Updating the product quantity to -1\")\n            self.pd.click_on_add_to_cart_button_on_product_display_page()\n            self.logger.info(\"Clicking on the add to cart button\")\n    \n            WebDriverWait(self.driver, 10).until(\n                lambda driver: driver.execute_script(\"return document.readyState\") == \"complete\"\n            )\n            self.logger.info(\"Page has fully loaded\")\n    \n            if self.pd.get_default_product_quantity() == \"1\":\n                assert True\n                self.logger.info(\"*********** Test Product Display 006 is Passed ***********\")\n            else:\n                self.logger.error(f\"{self.pd.get_default_product_quantity()}\")\n                self.logger.error(\"*********** Test Product Display 006 is Failed ***********\")\n>               assert False\nE               assert False\n\ntestCases\\test_product_display.py:283: AssertionError"}, "attachments": [{"name": "log", "source": "cac9ae30-5395-4ea2-8d52-d426dcafcd34-attachment.txt", "type": "text/plain"}], "start": 1747901418610, "stop": 1747901440336, "uuid": "c6d1c1b4-cd2e-4159-9c7f-2d7035b0ed42", "historyId": "e3b5c01010b9d0f0f41f99e5aa2dd59e", "testCaseId": "e3b5c01010b9d0f0f41f99e5aa2dd59e", "fullName": "testCases.test_product_display.Test_007_Product_Display#test_product_display_006", "labels": [{"name": "tag", "value": "sanity"}, {"name": "tag", "value": "@pytest.mark.usefixtures('setup', 'log_on_failure')"}, {"name": "parentSuite", "value": "testCases"}, {"name": "suite", "value": "test_product_display"}, {"name": "subSuite", "value": "Test_007_Product_Display"}, {"name": "host", "value": "lukesh"}, {"name": "thread", "value": "23908-MainThread"}, {"name": "framework", "value": "pytest"}, {"name": "language", "value": "cpython3"}, {"name": "package", "value": "testCases.test_product_display"}]}