{"name": "test_product_display_009", "status": "failed", "statusDetails": {"message": "AssertionError: assert False", "trace": "self = <testCases.test_product_display.Test_007_Product_Display object at 0x0000027D5836F250>\nsetup = <selenium.webdriver.chrome.webdriver.WebDriver (session=\"aeb234abfc95de9e20b26d9c541618a6\")>\n\n    @pytest.mark.sanity\n    def test_product_display_009(self, setup):\n        self.driver = setup\n        self.logger.info(\"*************************** Test Product Display 009 is Start **************************\")\n        self.driver.get(self.baseURL)\n        self.logger.info(\"Navigating to the base url\")\n        self.sf = SearchPage(self.driver)\n        self.sf.search_product(\"Apple Cinema 30\")\n        self.logger.info(\"Entering Apple Cinema 30 to search text box field\")\n        self.sf.click_on_search_button()\n        self.logger.info(\"Clicking on the search icon button\")\n        self.pc = ProductComparePage(self.driver)\n        self.pc.click_on_the_product_display_in_search_result()\n        self.logger.info(\"Clicking on the product display in search result\")\n        self.pd = ProductDisplayPage(self.driver)\n        self.pd.click_on_specification_tab()\n        self.logger.info(\"*************************** Verifying Test Product Display 009 **************************\")\n        specification1 = self.driver.find_element(By.XPATH, '//*[@id=\"tab-specification\"]/table/tbody/tr/td[1]').text\n        specification2 = self.driver.find_element(By.XPATH, '//*[@id=\"tab-specification\"]/table/tbody/tr/td[2]').text\n        if specification1 == \"clock speed\":\n            if specification2 == \"100mhz\":\n                assert True\n                self.logger.info(\"*************** Test Product Display 009 is Passed **************\")\n            else:\n                self.logger.info(f\"Expected: '100mhz' but Actual: '{specification2}'\")\n                self.logger.error(\"*************** Test Product Display 009 is Failed **************\")\n                assert False\n        else:\n            self.logger.info(f\"Expected: 'clock speed' but Actual: '{specification1}\")\n            self.logger.error(\"*************** Test Product Display 009 is Failed **************\")\n>           assert False\nE           assert False\n\ntestCases\\test_product_display.py:433: AssertionError"}, "attachments": [{"name": "log", "source": "8a7f9b3c-fd20-4bfa-8c80-92e6efd880d3-attachment.txt", "type": "text/plain"}], "start": 1749068285566, "stop": 1749068288054, "uuid": "d31623a7-897c-47ba-a2a4-3f9aeb0db023", "historyId": "2a8138e8a928d219f1acab1f7770e8d8", "testCaseId": "2a8138e8a928d219f1acab1f7770e8d8", "fullName": "test_product_display.Test_007_Product_Display#test_product_display_009", "labels": [{"name": "tag", "value": "sanity"}, {"name": "tag", "value": "@pytest.mark.usefixtures('setup', 'log_on_failure')"}, {"name": "suite", "value": "test_product_display"}, {"name": "subSuite", "value": "Test_007_Product_Display"}, {"name": "host", "value": "lukesh"}, {"name": "thread", "value": "21076-MainThread"}, {"name": "framework", "value": "pytest"}, {"name": "language", "value": "cpython3"}, {"name": "package", "value": "test_product_display"}]}