{"name": "test_home_page_title", "status": "failed", "statusDetails": {"message": "AssertionError: assert False", "trace": "self = <testCases.test_login.Test_002_Login_Functionality object at 0x000001E856D4AC10>\nsetup = <selenium.webdriver.chrome.webdriver.WebDriver (session=\"797d535775a3248f4d68e64c0909d2d6\")>\n\n    @pytest.mark.regression\n    def test_home_page_title(self, setup):\n        self.logger.info(\"****************** Test_Login_001 ***************\")\n        self.logger.info(\"***************** Verifying Home Page Title **************\")\n        self.driver = setup\n        self.driver.get(self.baseURL)\n        act_title = self.driver.title\n        if act_title == \"Your Storee\":\n            assert True\n            self.logger.info(\"************** Home page title test is passed ************\")\n        else:\n            self.driver.save_screenshot(\".\\\\Screenshots\\\\\" + \"test_home_page_title.png\")\n            self.logger.error(\"************** Home page title test is failed ************\")\n>           assert False\nE           assert False\n\ntestCases\\test_login.py:34: AssertionError"}, "attachments": [{"name": "log", "source": "1cdb174c-1082-440d-9e04-d47b6850a4b8-attachment.txt", "type": "text/plain"}], "start": 1743327056295, "stop": 1743327059069, "uuid": "04b7559b-0028-4b53-99fe-45ff473674bf", "historyId": "52b957d4cdc1569c7b183976873e9faf", "testCaseId": "52b957d4cdc1569c7b183976873e9faf", "fullName": "testCases.test_login.Test_002_Login_Functionality#test_home_page_title", "labels": [{"name": "severity", "value": "blocker"}, {"name": "tag", "value": "regression"}, {"name": "parentSuite", "value": "testCases"}, {"name": "suite", "value": "test_login"}, {"name": "subSuite", "value": "Test_002_Login_Functionality"}, {"name": "host", "value": "lukesh"}, {"name": "thread", "value": "12380-MainThread"}, {"name": "framework", "value": "pytest"}, {"name": "language", "value": "cpython3"}, {"name": "package", "value": "testCases.test_login"}]}