{"name": "test_register_functionality_006", "status": "broken", "statusDetails": {"message": "selenium.common.exceptions.NoSuchWindowException: Message: no such window: target window already closed\nfrom unknown error: web view not found\n  (Session info: chrome=135.0.7049.85)\nStacktrace:\n\tGetHandleVerifier [0x00007FF648984C25+3179557]\n\t(No symbol) [0x00007FF6485E88A0]\n\t(No symbol) [0x00007FF6484791CA]\n\t(No symbol) [0x00007FF648451753]\n\t(No symbol) [0x00007FF6484FF83E]\n\t(No symbol) [0x00007FF64851FBE2]\n\t(No symbol) [0x00007FF6484F7A03]\n\t(No symbol) [0x00007FF6484C06D0]\n\t(No symbol) [0x00007FF6484C1983]\n\tGetHandleVerifier [0x00007FF6489E67CD+3579853]\n\tGetHandleVerifier [0x00007FF6489FD1D2+3672530]\n\tGetHandleVerifier [0x00007FF6489F2153+3627347]\n\tGetHandleVerifier [0x00007FF64875092A+868650]\n\t(No symbol) [0x00007FF6485F2FFF]\n\t(No symbol) [0x00007FF6485EF4A4]\n\t(No symbol) [0x00007FF6485EF646]\n\t(No symbol) [0x00007FF6485DEAA9]\n\tBaseThreadInitThunk [0x00007FF94DAEE8D7+23]\n\tRtlUserThreadStart [0x00007FF94EDD14FC+44]", "trace": "self = <testCases.test_register.Test_001_Register_Functionality object at 0x00000223C16E6AD0>\nsetup = <selenium.webdriver.chrome.webdriver.WebDriver (session=\"4bccd7d34c0be9980cab5bb6c618fc14\")>\n\n    @pytest.mark.sanity\n    @pytest.mark.regression\n    def test_register_functionality_006(self, setup):\n        self.logger.info(\"******** Test Register Functionality 006 is Started *********\")\n        self.driver = setup\n        self.driver.get(self.baseURL)\n        self.logger.info(\"Navigating to the url\")\n        self.lp = LoginPage(self.driver)\n>       self.lp.click_on_my_account()\n\ntestCases\\test_register.py:277: \n_ _ _ _ _ _ _ _ _ _ _ _ _ _ _ _ _ _ _ _ _ _ _ _ _ _ _ _ _ _ _ _ _ _ _ _ _ _ _ _\npageObjects\\LoginPage.py:16: in click_on_my_account\n    self.driver.find_element(*LoginPage.link_myAccount_xpath).click()\n.venv\\Lib\\site-packages\\selenium\\webdriver\\remote\\webdriver.py:898: in find_element\n    return self.execute(Command.FIND_ELEMENT, {\"using\": by, \"value\": value})[\"value\"]\n.venv\\Lib\\site-packages\\selenium\\webdriver\\remote\\webdriver.py:429: in execute\n    self.error_handler.check_response(response)\n_ _ _ _ _ _ _ _ _ _ _ _ _ _ _ _ _ _ _ _ _ _ _ _ _ _ _ _ _ _ _ _ _ _ _ _ _ _ _ _\n\nself = <selenium.webdriver.remote.errorhandler.ErrorHandler object at 0x00000223C1891150>\nresponse = {'status': 404, 'value': '{\"value\":{\"error\":\"no such window\",\"message\":\"no such window: target window already closed\\\\...07FF6485DEAA9]\\\\n\\\\tBaseThreadInitThunk [0x00007FF94DAEE8D7+23]\\\\n\\\\tRtlUserThreadStart [0x00007FF94EDD14FC+44]\\\\n\"}}'}\n\n    def check_response(self, response: Dict[str, Any]) -> None:\n        \"\"\"Checks that a JSON response from the WebDriver does not have an\n        error.\n    \n        :Args:\n         - response - The JSON response from the WebDriver server as a dictionary\n           object.\n    \n        :Raises: If the response contains an error message.\n        \"\"\"\n        status = response.get(\"status\", None)\n        if not status or status == ErrorCode.SUCCESS:\n            return\n        value = None\n        message = response.get(\"message\", \"\")\n        screen: str = response.get(\"screen\", \"\")\n        stacktrace = None\n        if isinstance(status, int):\n            value_json = response.get(\"value\", None)\n            if value_json and isinstance(value_json, str):\n                import json\n    \n                try:\n                    value = json.loads(value_json)\n                    if len(value) == 1:\n                        value = value[\"value\"]\n                    status = value.get(\"error\", None)\n                    if not status:\n                        status = value.get(\"status\", ErrorCode.UNKNOWN_ERROR)\n                        message = value.get(\"value\") or value.get(\"message\")\n                        if not isinstance(message, str):\n                            value = message\n                            message = message.get(\"message\")\n                    else:\n                        message = value.get(\"message\", None)\n                except ValueError:\n                    pass\n    \n        exception_class: Type[WebDriverException]\n        e = ErrorCode()\n        error_codes = [item for item in dir(e) if not item.startswith(\"__\")]\n        for error_code in error_codes:\n            error_info = getattr(ErrorCode, error_code)\n            if isinstance(error_info, list) and status in error_info:\n                exception_class = getattr(ExceptionMapping, error_code, WebDriverException)\n                break\n        else:\n            exception_class = WebDriverException\n    \n        if not value:\n            value = response[\"value\"]\n        if isinstance(value, str):\n            raise exception_class(value)\n        if message == \"\" and \"message\" in value:\n            message = value[\"message\"]\n    \n        screen = None  # type: ignore[assignment]\n        if \"screen\" in value:\n            screen = value[\"screen\"]\n    \n        stacktrace = None\n        st_value = value.get(\"stackTrace\") or value.get(\"stacktrace\")\n        if st_value:\n            if isinstance(st_value, str):\n                stacktrace = st_value.split(\"\\n\")\n            else:\n                stacktrace = []\n                try:\n                    for frame in st_value:\n                        line = frame.get(\"lineNumber\", \"\")\n                        file = frame.get(\"fileName\", \"<anonymous>\")\n                        if line:\n                            file = f\"{file}:{line}\"\n                        meth = frame.get(\"methodName\", \"<anonymous>\")\n                        if \"className\" in frame:\n                            meth = f\"{frame['className']}.{meth}\"\n                        msg = \"    at %s (%s)\"\n                        msg = msg % (meth, file)\n                        stacktrace.append(msg)\n                except TypeError:\n                    pass\n        if exception_class == UnexpectedAlertPresentException:\n            alert_text = None\n            if \"data\" in value:\n                alert_text = value[\"data\"].get(\"text\")\n            elif \"alert\" in value:\n                alert_text = value[\"alert\"].get(\"text\")\n            raise exception_class(message, screen, stacktrace, alert_text)  # type: ignore[call-arg]  # mypy is not smart enough here\n>       raise exception_class(message, screen, stacktrace)\nE       selenium.common.exceptions.NoSuchWindowException: Message: no such window: target window already closed\nE       from unknown error: web view not found\nE         (Session info: chrome=135.0.7049.85)\nE       Stacktrace:\nE       \tGetHandleVerifier [0x00007FF648984C25+3179557]\nE       \t(No symbol) [0x00007FF6485E88A0]\nE       \t(No symbol) [0x00007FF6484791CA]\nE       \t(No symbol) [0x00007FF648451753]\nE       \t(No symbol) [0x00007FF6484FF83E]\nE       \t(No symbol) [0x00007FF64851FBE2]\nE       \t(No symbol) [0x00007FF6484F7A03]\nE       \t(No symbol) [0x00007FF6484C06D0]\nE       \t(No symbol) [0x00007FF6484C1983]\nE       \tGetHandleVerifier [0x00007FF6489E67CD+3579853]\nE       \tGetHandleVerifier [0x00007FF6489FD1D2+3672530]\nE       \tGetHandleVerifier [0x00007FF6489F2153+3627347]\nE       \tGetHandleVerifier [0x00007FF64875092A+868650]\nE       \t(No symbol) [0x00007FF6485F2FFF]\nE       \t(No symbol) [0x00007FF6485EF4A4]\nE       \t(No symbol) [0x00007FF6485EF646]\nE       \t(No symbol) [0x00007FF6485DEAA9]\nE       \tBaseThreadInitThunk [0x00007FF94DAEE8D7+23]\nE       \tRtlUserThreadStart [0x00007FF94EDD14FC+44]\n\n.venv\\Lib\\site-packages\\selenium\\webdriver\\remote\\errorhandler.py:232: NoSuchWindowException"}, "attachments": [{"name": "log", "source": "f703e206-b329-4e09-a8d5-8dd621732ccc-attachment.txt", "type": "text/plain"}], "start": 1744708025352, "stop": 1744708047262, "uuid": "f3b11d84-4f22-4bcf-844b-f75fed67b3f4", "historyId": "e00497aff783bde0c67b9a07b8b9369e", "testCaseId": "e00497aff783bde0c67b9a07b8b9369e", "fullName": "test_register.Test_001_Register_Functionality#test_register_functionality_006", "labels": [{"name": "severity", "value": "blocker"}, {"name": "tag", "value": "regression"}, {"name": "tag", "value": "sanity"}, {"name": "tag", "value": "@pytest.mark.usefixtures('setup', 'log_on_failure')"}, {"name": "suite", "value": "test_register"}, {"name": "subSuite", "value": "Test_001_Register_Functionality"}, {"name": "host", "value": "lukesh"}, {"name": "thread", "value": "15628-MainThread"}, {"name": "framework", "value": "pytest"}, {"name": "language", "value": "cpython3"}, {"name": "package", "value": "test_register"}]}