{"name": "test_forgot_password_002", "status": "failed", "statusDetails": {"message": "AssertionError: assert False", "trace": "self = <testCases.test_forgot_password.Test_004_Forgot_Password object at 0x0000026ED970C910>\nsetup = <selenium.webdriver.chrome.webdriver.WebDriver (session=\"27f2d0f9245a578d731828b42c119dd7\")>\n\n    @pytest.mark.sanity\n    def test_forgot_password_002(self, setup):\n        self.driver = setup\n        self.logger.info(\"************ Test Forgot Password 002 Start ************\")\n        self.driver.get(self.baseURL)\n        self.logger.info(\"Navigating to the url\")\n        self.lp = LoginPage(self.driver)\n        self.lp.click_on_my_account()\n        self.logger.info(\"clicking on my account\")\n        self.lp.click_on_login_link()\n        self.logger.info(\"clicking on login link\")\n        self.fp = ForgotPasswordPage(self.driver)\n        self.fp.clicking_on_forgot_password_link()\n        self.logger.info(\"clicking on forgot password link\")\n        self.rp = RegisterPage(self.driver)\n        self.fp.clicking_on_continue_button()\n>       assert False\nE       assert False\n\ntestCases\\test_forgot_password.py:64: AssertionError"}, "attachments": [{"name": "log", "source": "e053c736-c770-4a7c-8931-3a2e104ccca6-attachment.txt", "type": "text/plain"}], "start": 1745048031722, "stop": 1745048033576, "uuid": "a4d0f82d-f246-4192-9412-f88ccad74573", "historyId": "62db969e86f7dd18dd7e01073148fa5a", "testCaseId": "62db969e86f7dd18dd7e01073148fa5a", "fullName": "testCases.test_forgot_password.Test_004_Forgot_Password#test_forgot_password_002", "labels": [{"name": "severity", "value": "critical"}, {"name": "tag", "value": "sanity"}, {"name": "tag", "value": "@pytest.mark.usefixtures('setup', 'log_on_failure')"}, {"name": "parentSuite", "value": "testCases"}, {"name": "suite", "value": "test_forgot_password"}, {"name": "subSuite", "value": "Test_004_Forgot_Password"}, {"name": "host", "value": "lukesh"}, {"name": "thread", "value": "26428-MainThread"}, {"name": "framework", "value": "pytest"}, {"name": "language", "value": "cpython3"}, {"name": "package", "value": "testCases.test_forgot_password"}]}