{"name": "test_product_display_006", "status": "failed", "statusDetails": {"message": "AssertionError: assert False", "trace": "self = <testCases.test_product_display.Test_007_Product_Display object at 0x000002304F905480>\nsetup = <selenium.webdriver.chrome.webdriver.WebDriver (session=\"dcb4d8ff779e3714aba5030e203c492a\")>\n\n    @pytest.mark.sanity\n    def test_product_display_006(self, setup):\n        self.driver = setup\n        self.logger.info(\"************************* Test Product Display 006 is Start *************************\")\n        self.driver.get(self.baseURL)\n        self.logger.info(\"Navigating to the base url\")\n        self.sf = SearchPage(self.driver)\n        self.sf.search_product(\"iMac\")\n        self.logger.info(\"Entering iMac product to the search text box field\")\n        self.sf.click_on_search_button()\n        self.logger.info(\"Clicking on the search icon button\")\n        self.pc = ProductComparePage(self.driver)\n        self.pc.click_on_the_product_display_in_search_result()\n        self.logger.info(\"Clicking on the product display in the search result\")\n        self.logger.info(\"************************* Verifying Test Product Display 006 *************************\")\n        self.pd = ProductDisplayPage(self.driver)\n        if self.pd.get_default_product_quantity() == \"1\":\n            self.pd.set_product_quantity(\"-1\")\n            self.logger.info(\"Updating the product quantity to -1\")\n            self.pd.click_on_add_to_cart_button_on_product_display_page()\n            self.logger.info(\"Clicking on the add to cart button\")\n    \n            WebDriverWait(self.driver, 10).until(\n                lambda driver: driver.execute_script(\"return document.readyState\") == \"complete\"\n            )\n            self.logger.info(\"Page has fully loaded\")\n    \n            if self.pd.get_default_product_quantity() == \"1\":\n                assert True\n                self.logger.info(\"*********** Test Product Display 006 is Passed ***********\")\n            else:\n                self.logger.error(f\"{self.pd.get_default_product_quantity()}\")\n                self.logger.error(\"*********** Test Product Display 006 is Failed ***********\")\n>               assert False\nE               assert False\n\ntestCases\\test_product_display.py:288: AssertionError"}, "attachments": [{"name": "log", "source": "3b9e73b0-5676-451f-88c3-7126c44049d5-attachment.txt", "type": "text/plain"}], "start": 1749069895142, "stop": 1749069897094, "uuid": "c5367876-f946-4233-9216-57199c33f309", "historyId": "bd17cc062d38be50ef9f669f72acd4c8", "testCaseId": "bd17cc062d38be50ef9f669f72acd4c8", "fullName": "test_product_display.Test_007_Product_Display#test_product_display_006", "labels": [{"name": "tag", "value": "sanity"}, {"name": "tag", "value": "@pytest.mark.usefixtures('setup', 'log_on_failure')"}, {"name": "suite", "value": "test_product_display"}, {"name": "subSuite", "value": "Test_007_Product_Display"}, {"name": "host", "value": "lukesh"}, {"name": "thread", "value": "15492-MainThread"}, {"name": "framework", "value": "pytest"}, {"name": "language", "value": "cpython3"}, {"name": "package", "value": "test_product_display"}]}