{"name": "test_logout_functionality_002", "status": "failed", "statusDetails": {"message": "AssertionError: assert False", "trace": "self = <testCases.test_logout.Test_003_Logout_Functionality object at 0x000002887744EC10>\nsetup = <selenium.webdriver.chrome.webdriver.WebDriver (session=\"cd06441d0e822dff4d757c966bda9c79\")>\n\n    @pytest.mark.sanity\n    @pytest.mark.regression\n    def test_logout_functionality_002(self, setup):\n        self.logger.info(\"*************** Logout Functionality 002 Test Start ****************\")\n        self.driver = setup\n        self.driver.get(self.baseURL)\n        self.lp = LoginPage(self.driver)\n        self.lp.click_on_my_account()\n        self.lp.click_on_login_link()\n        self.lp.set_username(self.username)\n        self.lp.set_password(self.password)\n        self.lp.click_on_login_button()\n        self.logger.info(\"**************** Login is Successful ******************\")\n        time.sleep(1)\n        self.lp.click_on_my_account()\n        self.driver.find_element(By.XPATH, \"//a[@class='list-group-item'][normalize-space()='Logout']\").click()\n        self.lp.click_on_logout_continue()\n        self.logger.info(\"************ Logout is successful *****************\")\n        self.logger.info(\"************ Verifying logout functionality **************\")\n        self.lp.click_on_my_account()\n        self.loginOption = self.driver.find_element(By.XPATH, \"//a[text() = 'Login']\")\n        if self.loginOption.is_displayed() and self.driver.title == \"Your Store\":\n            assert True\n            self.logger.info(\"**************** Test Logout Functionality is Passed ****************\")\n            self.driver.close()\n        else:\n            self.driver.save_screenshot(\".\\\\Screenshots\\\\\" + \"test_logout_functionality_002.png\")\n            self.logger.info(\"************** Test Logout Functionality is Failed *******************\")\n            self.driver.close()\n>           assert False\nE           assert False\n\ntestCases\\test_logout.py:78: AssertionError"}, "attachments": [{"name": "log", "source": "ffd99528-9958-4b9a-9223-543d8b3cb042-attachment.txt", "type": "text/plain"}], "start": 1743149533533, "stop": 1743149539739, "uuid": "807a5490-990c-4d21-9857-d86b931fa8e3", "historyId": "9fb3b0015e5b7670db7b82d275dd70f8", "testCaseId": "9fb3b0015e5b7670db7b82d275dd70f8", "fullName": "test_logout.Test_003_Logout_Functionality#test_logout_functionality_002", "labels": [{"name": "tag", "value": "regression"}, {"name": "tag", "value": "sanity"}, {"name": "suite", "value": "test_logout"}, {"name": "subSuite", "value": "Test_003_Logout_Functionality"}, {"name": "host", "value": "lukesh"}, {"name": "thread", "value": "10656-MainThread"}, {"name": "framework", "value": "pytest"}, {"name": "language", "value": "cpython3"}, {"name": "package", "value": "test_logout"}]}