{"name": "test_login_params[data_for_login0]", "status": "failed", "statusDetails": {"message": "AssertionError: assert False", "trace": "self = <testCases.test_login_params.TestLoginParams object at 0x00000185FC93E850>\nsetup = <selenium.webdriver.chrome.webdriver.WebDriver (session=\"47b755e715cfea062fa3b1014ff4a30a\")>\ndata_for_login = ('adelukesh@gmail.com', '12345', 'Pass')\n\n    @pytest.mark.sanity\n    @pytest.mark.regression\n    def test_login_params(self, setup, data_for_login):\n        self.logger.info(\"********** Test Login Params is Started *********\")\n        self.driver = setup\n        self.driver.get(self.baseURL)\n        self.logger.info(\"Invoking browser\")\n        self.logger.info(\"Navigating to URL\")\n        self.lp = LoginPage(self.driver)\n        self.lp.click_on_my_account()\n        self.logger.info(\"Clicking on my account\")\n        self.lp.click_on_login_link()\n        self.logger.info(\"Clicking on login link\")\n        self.lp.set_username(data_for_login[0])\n        self.logger.info(\"Entering username: \" + data_for_login[0])\n        self.lp.set_password(data_for_login[1])\n        self.logger.info(\"Entering password: \" + data_for_login[1])\n        self.lp.click_on_login_button()\n        self.logger.info(\"Clicking on login button\")\n        self.logger.info(\"************* Verifying test_login_params *************\")\n        if self.driver.title == \"My Account\":\n            if data_for_login[2] == \"Pass\":\n                assert True\n                self.logger.info(\"test_login_params is passed\")\n            else:\n                self.logger.info(\"test_login_params is failed\")\n                self.driver.save_screenshot(\".\\\\Screenshots\\\\\" + \"test_login_params_failed.png\")\n                assert False\n        else:\n            if data_for_login[2] == \"Fail\":\n                assert True\n            else:\n                self.logger.info(\"test_login_params is Failed\")\n                self.driver.save_screenshot(\".\\\\Screenshots\\\\\" + \"test_login_params_failed.png\")\n>               assert False\nE               assert False\n\ntestCases\\test_login_params.py:46: AssertionError"}, "attachments": [{"name": "log", "source": "1f03da92-ba5a-4948-847a-5de6a46cdf68-attachment.txt", "type": "text/plain"}], "parameters": [{"name": "data_for_login", "value": "('adelukesh@gmail.com', '12345', 'Pass')"}], "start": 1743160407308, "stop": 1743160410013, "uuid": "54c64f42-5bd2-46bf-ae46-5d0fa0a34108", "historyId": "bdec3c83d2f9e5722c48c0dd400434c7", "testCaseId": "5fe6fe3249a01c883d8efece63f2c386", "fullName": "test_login_params.TestLoginParams#test_login_params", "labels": [{"name": "tag", "value": "regression"}, {"name": "tag", "value": "sanity"}, {"name": "suite", "value": "test_login_params"}, {"name": "subSuite", "value": "TestLoginParams"}, {"name": "host", "value": "lukesh"}, {"name": "thread", "value": "23356-MainThread"}, {"name": "framework", "value": "pytest"}, {"name": "language", "value": "cpython3"}, {"name": "package", "value": "test_login_params"}]}