{"name": "test_logout_functionality_004", "status": "broken", "statusDetails": {"message": "selenium.common.exceptions.NoSuchDriverException: Message: Unable to obtain driver for chrome; For documentation on this error, please visit: https://www.selenium.dev/documentation/webdriver/troubleshooting/errors/driver_location", "trace": "self = <selenium.webdriver.common.driver_finder.DriverFinder object at 0x000001EBB0C69090>\n\n    def _binary_paths(self) -> dict:\n        if self._paths[\"driver_path\"]:\n            return self._paths\n    \n        browser = self._options.capabilities[\"browserName\"]\n        try:\n            path = self._service.path\n            if path:\n                logger.debug(\n                    \"Skipping Selenium Manager; path to %s driver specified in Service class: %s\", browser, path\n                )\n                if not Path(path).is_file():\n>                   raise ValueError(f\"The path is not a valid file: {path}\")\nE                   ValueError: The path is not a valid file: C:\\Users\\lukesh ade\\Credence Testing 8\\Credence Testing 21 new batch\\AutomationProject\\TutorialsNinjaWebApplication\\Drivers\\chromedriver.exe\n\n.venv\\Lib\\site-packages\\selenium\\webdriver\\common\\driver_finder.py:64: ValueError\n\nThe above exception was the direct cause of the following exception:\n\nbrowser = 'chrome'\n\n    @pytest.fixture()\n    def setup(browser):\n        \"\"\"\n        Fixture to set up WebDriver based on the specified browser.\n        \"\"\"\n        driver = None\n        try:\n            if browser == 'chrome':\n                serv_obj = ChromeService(driver_path)\n                options = webdriver.ChromeOptions()\n>               driver = webdriver.Chrome(service=serv_obj, options=options)\n\ntestCases\\conftest.py:25: \n_ _ _ _ _ _ _ _ _ _ _ _ _ _ _ _ _ _ _ _ _ _ _ _ _ _ _ _ _ _ _ _ _ _ _ _ _ _ _ _\n.venv\\Lib\\site-packages\\selenium\\webdriver\\chrome\\webdriver.py:45: in __init__\n    super().__init__(\n.venv\\Lib\\site-packages\\selenium\\webdriver\\chromium\\webdriver.py:50: in __init__\n    if finder.get_browser_path():\n.venv\\Lib\\site-packages\\selenium\\webdriver\\common\\driver_finder.py:47: in get_browser_path\n    return self._binary_paths()[\"browser_path\"]\n_ _ _ _ _ _ _ _ _ _ _ _ _ _ _ _ _ _ _ _ _ _ _ _ _ _ _ _ _ _ _ _ _ _ _ _ _ _ _ _\n\nself = <selenium.webdriver.common.driver_finder.DriverFinder object at 0x000001EBB0C69090>\n\n    def _binary_paths(self) -> dict:\n        if self._paths[\"driver_path\"]:\n            return self._paths\n    \n        browser = self._options.capabilities[\"browserName\"]\n        try:\n            path = self._service.path\n            if path:\n                logger.debug(\n                    \"Skipping Selenium Manager; path to %s driver specified in Service class: %s\", browser, path\n                )\n                if not Path(path).is_file():\n                    raise ValueError(f\"The path is not a valid file: {path}\")\n                self._paths[\"driver_path\"] = path\n            else:\n                output = SeleniumManager().binary_paths(self._to_args())\n                if Path(output[\"driver_path\"]).is_file():\n                    self._paths[\"driver_path\"] = output[\"driver_path\"]\n                else:\n                    raise ValueError(f'The driver path is not a valid file: {output[\"driver_path\"]}')\n                if Path(output[\"browser_path\"]).is_file():\n                    self._paths[\"browser_path\"] = output[\"browser_path\"]\n                else:\n                    raise ValueError(f'The browser path is not a valid file: {output[\"browser_path\"]}')\n        except Exception as err:\n            msg = f\"Unable to obtain driver for {browser}\"\n>           raise NoSuchDriverException(msg) from err\nE           selenium.common.exceptions.NoSuchDriverException: Message: Unable to obtain driver for chrome; For documentation on this error, please visit: https://www.selenium.dev/documentation/webdriver/troubleshooting/errors/driver_location\n\n.venv\\Lib\\site-packages\\selenium\\webdriver\\common\\driver_finder.py:78: NoSuchDriverException"}, "start": 1743159912649, "stop": 1743159912649, "uuid": "481d9d66-1343-4588-b905-9643bd04f78a", "historyId": "c05c7b3a741bd794cb87bbcfd2a95b2c", "testCaseId": "c05c7b3a741bd794cb87bbcfd2a95b2c", "fullName": "test_logout.Test_003_Logout_Functionality#test_logout_functionality_004", "labels": [{"name": "tag", "value": "regression"}, {"name": "tag", "value": "sanity"}, {"name": "suite", "value": "test_logout"}, {"name": "subSuite", "value": "Test_003_Logout_Functionality"}, {"name": "host", "value": "lukesh"}, {"name": "thread", "value": "25844-MainThread"}, {"name": "framework", "value": "pytest"}, {"name": "language", "value": "cpython3"}, {"name": "package", "value": "test_logout"}]}