{"name": "test_register_functionality_001", "status": "broken", "statusDetails": {"message": "selenium.common.exceptions.WebDriverException: Message: Service C:\\Drivers\\chromedriver.exe unexpectedly exited. Status code was: 1", "trace": "browser = 'chrome'\n\n    @pytest.fixture()\n    def setup(browser):\n        if browser == 'chrome':\n            serv_obj = Service(\"C:\\\\Drivers\\\\chromedriver.exe\")\n            options = webdriver.ChromeOptions()\n            options.add_experimental_option(\"detach\", True)\n>           driver = webdriver.Chrome(service=serv_obj, options=options)\n\ntestCases\\conftest.py:17: \n_ _ _ _ _ _ _ _ _ _ _ _ _ _ _ _ _ _ _ _ _ _ _ _ _ _ _ _ _ _ _ _ _ _ _ _ _ _ _ _\n.venv\\Lib\\site-packages\\selenium\\webdriver\\chrome\\webdriver.py:45: in __init__\n    super().__init__(\n.venv\\Lib\\site-packages\\selenium\\webdriver\\chromium\\webdriver.py:55: in __init__\n    self.service.start()\n.venv\\Lib\\site-packages\\selenium\\webdriver\\common\\service.py:113: in start\n    self.assert_process_still_running()\n_ _ _ _ _ _ _ _ _ _ _ _ _ _ _ _ _ _ _ _ _ _ _ _ _ _ _ _ _ _ _ _ _ _ _ _ _ _ _ _\n\nself = <selenium.webdriver.firefox.service.Service object at 0x000002306E404690>\n\n    def assert_process_still_running(self) -> None:\n        \"\"\"Check if the underlying process is still running.\"\"\"\n        return_code = self.process.poll()\n        if return_code:\n>           raise WebDriverException(f\"Service {self._path} unexpectedly exited. Status code was: {return_code}\")\nE           selenium.common.exceptions.WebDriverException: Message: Service C:\\Drivers\\chromedriver.exe unexpectedly exited. Status code was: 1\n\n.venv\\Lib\\site-packages\\selenium\\webdriver\\common\\service.py:126: WebDriverException"}, "start": 1743156327975, "stop": 1743156327975, "uuid": "5d9aba39-8b14-47fa-bc4f-33341839d58a", "historyId": "64d8036a9dae3e629dce0ebe695bb863", "testCaseId": "64d8036a9dae3e629dce0ebe695bb863", "fullName": "test_register.Test_001_Register_Functionality#test_register_functionality_001", "labels": [{"name": "tag", "value": "regression"}, {"name": "tag", "value": "sanity"}, {"name": "suite", "value": "test_register"}, {"name": "subSuite", "value": "Test_001_Register_Functionality"}, {"name": "host", "value": "lukesh"}, {"name": "thread", "value": "23652-MainThread"}, {"name": "framework", "value": "pytest"}, {"name": "language", "value": "cpython3"}, {"name": "package", "value": "test_register"}]}